Start testing: Mar 05 23:35 CET
----------------------------------------------------------
108/270 Testing: PortAliasTest.BusWithWire_ShouldCreateMultipleVisualPorts
108/270 Test: PortAliasTest.BusWithWire_ShouldCreateMultipleVisualPorts
Command: "/Users/vladimir/an24_cpp/build/tests/editor_hittest_tests" "--gtest_filter=PortAliasTest.BusWithWire_ShouldCreateMultipleVisualPorts" "--gtest_also_run_disabled_tests"
Directory: /Users/vladimir/an24_cpp/build/tests
"PortAliasTest.BusWithWire_ShouldCreateMultipleVisualPorts" start time: Mar 05 23:35 CET
Output:
----------------------------------------------------------
Running main() from /Users/vladimir/an24_cpp/build/_deps/googletest-src/googletest/src/gtest_main.cc
Note: Google Test filter = PortAliasTest.BusWithWire_ShouldCreateMultipleVisualPorts
[==========] Running 1 test from 1 test suite.
[----------] Global test environment set-up.
[----------] 1 test from PortAliasTest
[ RUN      ] PortAliasTest.BusWithWire_ShouldCreateMultipleVisualPorts
[       OK ] PortAliasTest.BusWithWire_ShouldCreateMultipleVisualPorts (0 ms)
[----------] 1 test from PortAliasTest (0 ms total)

[----------] Global test environment tear-down
[==========] 1 test from 1 test suite ran. (0 ms total)
[  PASSED  ] 1 test.
<end of output>
Test time =   0.00 sec
----------------------------------------------------------
Test Passed.
"PortAliasTest.BusWithWire_ShouldCreateMultipleVisualPorts" end time: Mar 05 23:35 CET
"PortAliasTest.BusWithWire_ShouldCreateMultipleVisualPorts" time elapsed: 00:00:00
----------------------------------------------------------

109/270 Testing: PortAliasTest.HitTestOnWirePort_ShouldReturnTargetPortName
109/270 Test: PortAliasTest.HitTestOnWirePort_ShouldReturnTargetPortName
Command: "/Users/vladimir/an24_cpp/build/tests/editor_hittest_tests" "--gtest_filter=PortAliasTest.HitTestOnWirePort_ShouldReturnTargetPortName" "--gtest_also_run_disabled_tests"
Directory: /Users/vladimir/an24_cpp/build/tests
"PortAliasTest.HitTestOnWirePort_ShouldReturnTargetPortName" start time: Mar 05 23:35 CET
Output:
----------------------------------------------------------
Running main() from /Users/vladimir/an24_cpp/build/_deps/googletest-src/googletest/src/gtest_main.cc
Note: Google Test filter = PortAliasTest.HitTestOnWirePort_ShouldReturnTargetPortName
[==========] Running 1 test from 1 test suite.
[----------] Global test environment set-up.
[----------] 1 test from PortAliasTest
[ RUN      ] PortAliasTest.HitTestOnWirePort_ShouldReturnTargetPortName
[       OK ] PortAliasTest.HitTestOnWirePort_ShouldReturnTargetPortName (0 ms)
[----------] 1 test from PortAliasTest (0 ms total)

[----------] Global test environment tear-down
[==========] 1 test from 1 test suite ran. (0 ms total)
[  PASSED  ] 1 test.
<end of output>
Test time =   0.00 sec
----------------------------------------------------------
Test Passed.
"PortAliasTest.HitTestOnWirePort_ShouldReturnTargetPortName" end time: Mar 05 23:35 CET
"PortAliasTest.HitTestOnWirePort_ShouldReturnTargetPortName" time elapsed: 00:00:00
----------------------------------------------------------

138/270 Testing: WireCreationTest.MouseUpOnEmptySpace_CancelsWireCreation
138/270 Test: WireCreationTest.MouseUpOnEmptySpace_CancelsWireCreation
Command: "/Users/vladimir/an24_cpp/build/tests/editor_event_tests" "--gtest_filter=WireCreationTest.MouseUpOnEmptySpace_CancelsWireCreation" "--gtest_also_run_disabled_tests"
Directory: /Users/vladimir/an24_cpp/build/tests
"WireCreationTest.MouseUpOnEmptySpace_CancelsWireCreation" start time: Mar 05 23:35 CET
Output:
----------------------------------------------------------
Running main() from /Users/vladimir/an24_cpp/build/_deps/googletest-src/googletest/src/gtest_main.cc
Note: Google Test filter = WireCreationTest.MouseUpOnEmptySpace_CancelsWireCreation
[==========] Running 1 test from 1 test suite.
[----------] Global test environment set-up.
[----------] 1 test from WireCreationTest
[ RUN      ] WireCreationTest.MouseUpOnEmptySpace_CancelsWireCreation
[2026-03-05 23:35:22.077] [info] [json_parser] Loaded 26 component definitions from 'components/'
[2026-03-05 23:35:22.078] [info] [json_parser] Loaded 26 component definitions from 'components/'
[2026-03-05 23:35:22.078] [info] [json_parser] Loaded 26 component definitions
[2026-03-05 23:35:22.078] [info] Built JIT systems: 3 signals, 0 fixed
Added component: Battery (id=battery_1) at (96.0, 96.0) with 1 inputs, 1 outputs
[       OK ] WireCreationTest.MouseUpOnEmptySpace_CancelsWireCreation (1 ms)
[----------] 1 test from WireCreationTest (1 ms total)

[----------] Global test environment tear-down
[==========] 1 test from 1 test suite ran. (1 ms total)
[  PASSED  ] 1 test.
<end of output>
Test time =   0.01 sec
----------------------------------------------------------
Test Passed.
"WireCreationTest.MouseUpOnEmptySpace_CancelsWireCreation" end time: Mar 05 23:35 CET
"WireCreationTest.MouseUpOnEmptySpace_CancelsWireCreation" time elapsed: 00:00:00
----------------------------------------------------------

135/270 Testing: WireCreationTest.MouseDownOnPort_StartsCreatingWire
135/270 Test: WireCreationTest.MouseDownOnPort_StartsCreatingWire
Command: "/Users/vladimir/an24_cpp/build/tests/editor_event_tests" "--gtest_filter=WireCreationTest.MouseDownOnPort_StartsCreatingWire" "--gtest_also_run_disabled_tests"
Directory: /Users/vladimir/an24_cpp/build/tests
"WireCreationTest.MouseDownOnPort_StartsCreatingWire" start time: Mar 05 23:35 CET
Output:
----------------------------------------------------------
Running main() from /Users/vladimir/an24_cpp/build/_deps/googletest-src/googletest/src/gtest_main.cc
Note: Google Test filter = WireCreationTest.MouseDownOnPort_StartsCreatingWire
[==========] Running 1 test from 1 test suite.
[----------] Global test environment set-up.
[----------] 1 test from WireCreationTest
[ RUN      ] WireCreationTest.MouseDownOnPort_StartsCreatingWire
[2026-03-05 23:35:22.076] [info] [json_parser] Loaded 26 component definitions from 'components/'
[2026-03-05 23:35:22.078] [info] [json_parser] Loaded 26 component definitions from 'components/'
[2026-03-05 23:35:22.078] [info] [json_parser] Loaded 26 component definitions
[2026-03-05 23:35:22.078] [info] Built JIT systems: 3 signals, 0 fixed
Added component: Battery (id=battery_1) at (96.0, 96.0) with 1 inputs, 1 outputs
[       OK ] WireCreationTest.MouseDownOnPort_StartsCreatingWire (3 ms)
[----------] 1 test from WireCreationTest (3 ms total)

[----------] Global test environment tear-down
[==========] 1 test from 1 test suite ran. (3 ms total)
[  PASSED  ] 1 test.
<end of output>
Test time =   0.01 sec
----------------------------------------------------------
Test Passed.
"WireCreationTest.MouseDownOnPort_StartsCreatingWire" end time: Mar 05 23:35 CET
"WireCreationTest.MouseDownOnPort_StartsCreatingWire" time elapsed: 00:00:00
----------------------------------------------------------

137/270 Testing: WireCreationTest.MouseUpOnIncompatiblePort_DoesNotCreateWire
137/270 Test: WireCreationTest.MouseUpOnIncompatiblePort_DoesNotCreateWire
Command: "/Users/vladimir/an24_cpp/build/tests/editor_event_tests" "--gtest_filter=WireCreationTest.MouseUpOnIncompatiblePort_DoesNotCreateWire" "--gtest_also_run_disabled_tests"
Directory: /Users/vladimir/an24_cpp/build/tests
"WireCreationTest.MouseUpOnIncompatiblePort_DoesNotCreateWire" start time: Mar 05 23:35 CET
Output:
----------------------------------------------------------
Running main() from /Users/vladimir/an24_cpp/build/_deps/googletest-src/googletest/src/gtest_main.cc
Note: Google Test filter = WireCreationTest.MouseUpOnIncompatiblePort_DoesNotCreateWire
[==========] Running 1 test from 1 test suite.
[----------] Global test environment set-up.
[----------] 1 test from WireCreationTest
[ RUN      ] WireCreationTest.MouseUpOnIncompatiblePort_DoesNotCreateWire
[2026-03-05 23:35:22.076] [info] [json_parser] Loaded 26 component definitions from 'components/'
[2026-03-05 23:35:22.078] [info] [json_parser] Loaded 26 component definitions from 'components/'
[2026-03-05 23:35:22.078] [info] [json_parser] Loaded 26 component definitions
[2026-03-05 23:35:22.078] [info] Built JIT systems: 3 signals, 0 fixed
Added component: Battery (id=battery_1) at (96.0, 96.0) with 1 inputs, 1 outputs
[2026-03-05 23:35:22.078] [info] [json_parser] Loaded 26 component definitions from 'components/'
[2026-03-05 23:35:22.078] [info] [json_parser] Loaded 26 component definitions
[2026-03-05 23:35:22.078] [info] Built JIT systems: 5 signals, 0 fixed
Added component: Battery (id=battery_2) at (304.0, 96.0) with 1 inputs, 1 outputs
[       OK ] WireCreationTest.MouseUpOnIncompatiblePort_DoesNotCreateWire (5 ms)
[----------] 1 test from WireCreationTest (5 ms total)

[----------] Global test environment tear-down
[==========] 1 test from 1 test suite ran. (5 ms total)
[  PASSED  ] 1 test.
<end of output>
Test time =   0.01 sec
----------------------------------------------------------
Test Passed.
"WireCreationTest.MouseUpOnIncompatiblePort_DoesNotCreateWire" end time: Mar 05 23:35 CET
"WireCreationTest.MouseUpOnIncompatiblePort_DoesNotCreateWire" time elapsed: 00:00:00
----------------------------------------------------------

136/270 Testing: WireCreationTest.MouseUpOnCompatiblePort_CreatesWire
136/270 Test: WireCreationTest.MouseUpOnCompatiblePort_CreatesWire
Command: "/Users/vladimir/an24_cpp/build/tests/editor_event_tests" "--gtest_filter=WireCreationTest.MouseUpOnCompatiblePort_CreatesWire" "--gtest_also_run_disabled_tests"
Directory: /Users/vladimir/an24_cpp/build/tests
"WireCreationTest.MouseUpOnCompatiblePort_CreatesWire" start time: Mar 05 23:35 CET
Output:
----------------------------------------------------------
Running main() from /Users/vladimir/an24_cpp/build/_deps/googletest-src/googletest/src/gtest_main.cc
Note: Google Test filter = WireCreationTest.MouseUpOnCompatiblePort_CreatesWire
[==========] Running 1 test from 1 test suite.
[----------] Global test environment set-up.
[----------] 1 test from WireCreationTest
[ RUN      ] WireCreationTest.MouseUpOnCompatiblePort_CreatesWire
[2026-03-05 23:35:22.076] [info] [json_parser] Loaded 26 component definitions from 'components/'
[2026-03-05 23:35:22.077] [info] [json_parser] Loaded 26 component definitions from 'components/'
[2026-03-05 23:35:22.077] [info] [json_parser] Loaded 26 component definitions
[2026-03-05 23:35:22.077] [info] Built JIT systems: 3 signals, 0 fixed
Added component: Battery (id=battery_1) at (96.0, 96.0) with 1 inputs, 1 outputs
[2026-03-05 23:35:22.078] [info] [json_parser] Loaded 26 component definitions from 'components/'
[2026-03-05 23:35:22.078] [info] [json_parser] Loaded 26 component definitions
[2026-03-05 23:35:22.078] [info] Built JIT systems: 5 signals, 0 fixed
Added component: HighPowerLoad (id=highpowerload_1) at (304.0, 96.0) with 1 inputs, 1 outputs
[2026-03-05 23:35:22.079] [info] [json_parser] Loaded 26 component definitions from 'components/'
[2026-03-05 23:35:22.079] [info] [json_parser] Loaded 26 component definitions
[2026-03-05 23:35:22.079] [info] Built JIT systems: 4 signals, 0 fixed
[       OK ] WireCreationTest.MouseUpOnCompatiblePort_CreatesWire (5 ms)
[----------] 1 test from WireCreationTest (5 ms total)

[----------] Global test environment tear-down
[==========] 1 test from 1 test suite ran. (5 ms total)
[  PASSED  ] 1 test.
<end of output>
Test time =   0.01 sec
----------------------------------------------------------
Test Passed.
"WireCreationTest.MouseUpOnCompatiblePort_CreatesWire" end time: Mar 05 23:35 CET
"WireCreationTest.MouseUpOnCompatiblePort_CreatesWire" time elapsed: 00:00:00
----------------------------------------------------------

105/270 Testing: PortHitTest.EmptyBlueprint_NoPorts
105/270 Test: PortHitTest.EmptyBlueprint_NoPorts
Command: "/Users/vladimir/an24_cpp/build/tests/editor_hittest_tests" "--gtest_filter=PortHitTest.EmptyBlueprint_NoPorts" "--gtest_also_run_disabled_tests"
Directory: /Users/vladimir/an24_cpp/build/tests
"PortHitTest.EmptyBlueprint_NoPorts" start time: Mar 05 23:35 CET
Output:
----------------------------------------------------------
Running main() from /Users/vladimir/an24_cpp/build/_deps/googletest-src/googletest/src/gtest_main.cc
Note: Google Test filter = PortHitTest.EmptyBlueprint_NoPorts
[==========] Running 1 test from 1 test suite.
[----------] Global test environment set-up.
[----------] 1 test from PortHitTest
[ RUN      ] PortHitTest.EmptyBlueprint_NoPorts
[       OK ] PortHitTest.EmptyBlueprint_NoPorts (0 ms)
[----------] 1 test from PortHitTest (0 ms total)

[----------] Global test environment tear-down
[==========] 1 test from 1 test suite ran. (0 ms total)
[  PASSED  ] 1 test.
<end of output>
Test time =   0.00 sec
----------------------------------------------------------
Test Passed.
"PortHitTest.EmptyBlueprint_NoPorts" end time: Mar 05 23:35 CET
"PortHitTest.EmptyBlueprint_NoPorts" time elapsed: 00:00:00
----------------------------------------------------------

106/270 Testing: PortHitTest.NodeWithPorts_ClickNearPort_ReturnsPort
106/270 Test: PortHitTest.NodeWithPorts_ClickNearPort_ReturnsPort
Command: "/Users/vladimir/an24_cpp/build/tests/editor_hittest_tests" "--gtest_filter=PortHitTest.NodeWithPorts_ClickNearPort_ReturnsPort" "--gtest_also_run_disabled_tests"
Directory: /Users/vladimir/an24_cpp/build/tests
"PortHitTest.NodeWithPorts_ClickNearPort_ReturnsPort" start time: Mar 05 23:35 CET
Output:
----------------------------------------------------------
Running main() from /Users/vladimir/an24_cpp/build/_deps/googletest-src/googletest/src/gtest_main.cc
Note: Google Test filter = PortHitTest.NodeWithPorts_ClickNearPort_ReturnsPort
[==========] Running 1 test from 1 test suite.
[----------] Global test environment set-up.
[----------] 1 test from PortHitTest
[ RUN      ] PortHitTest.NodeWithPorts_ClickNearPort_ReturnsPort
[       OK ] PortHitTest.NodeWithPorts_ClickNearPort_ReturnsPort (0 ms)
[----------] 1 test from PortHitTest (0 ms total)

[----------] Global test environment tear-down
[==========] 1 test from 1 test suite ran. (0 ms total)
[  PASSED  ] 1 test.
<end of output>
Test time =   0.00 sec
----------------------------------------------------------
Test Passed.
"PortHitTest.NodeWithPorts_ClickNearPort_ReturnsPort" end time: Mar 05 23:35 CET
"PortHitTest.NodeWithPorts_ClickNearPort_ReturnsPort" time elapsed: 00:00:00
----------------------------------------------------------

30/270 Testing: HoldButtonTest.ZeroVolts_PreservesState
30/270 Test: HoldButtonTest.ZeroVolts_PreservesState
Command: "/Users/vladimir/an24_cpp/build/tests/jit_solver_tests" "--gtest_filter=HoldButtonTest.ZeroVolts_PreservesState" "--gtest_also_run_disabled_tests"
Directory: /Users/vladimir/an24_cpp/build/tests
"HoldButtonTest.ZeroVolts_PreservesState" start time: Mar 05 23:35 CET
Output:
----------------------------------------------------------
Running main() from /Users/vladimir/an24_cpp/build/_deps/googletest-src/googletest/src/gtest_main.cc
Note: Google Test filter = HoldButtonTest.ZeroVolts_PreservesState
[==========] Running 1 test from 1 test suite.
[----------] Global test environment set-up.
[----------] 1 test from HoldButtonTest
[ RUN      ] HoldButtonTest.ZeroVolts_PreservesState
[2026-03-05 23:35:22.084] [info] Built JIT systems: 4 signals, 1 fixed
[       OK ] HoldButtonTest.ZeroVolts_PreservesState (1 ms)
[----------] 1 test from HoldButtonTest (1 ms total)

[----------] Global test environment tear-down
[==========] 1 test from 1 test suite ran. (1 ms total)
[  PASSED  ] 1 test.
<end of output>
Test time =   0.01 sec
----------------------------------------------------------
Test Passed.
"HoldButtonTest.ZeroVolts_PreservesState" end time: Mar 05 23:35 CET
"HoldButtonTest.ZeroVolts_PreservesState" time elapsed: 00:00:00
----------------------------------------------------------

107/270 Testing: PortHitTest.ClickFarFromPorts_ReturnsNone
107/270 Test: PortHitTest.ClickFarFromPorts_ReturnsNone
Command: "/Users/vladimir/an24_cpp/build/tests/editor_hittest_tests" "--gtest_filter=PortHitTest.ClickFarFromPorts_ReturnsNone" "--gtest_also_run_disabled_tests"
Directory: /Users/vladimir/an24_cpp/build/tests
"PortHitTest.ClickFarFromPorts_ReturnsNone" start time: Mar 05 23:35 CET
Output:
----------------------------------------------------------
Running main() from /Users/vladimir/an24_cpp/build/_deps/googletest-src/googletest/src/gtest_main.cc
Note: Google Test filter = PortHitTest.ClickFarFromPorts_ReturnsNone
[==========] Running 1 test from 1 test suite.
[----------] Global test environment set-up.
[----------] 1 test from PortHitTest
[ RUN      ] PortHitTest.ClickFarFromPorts_ReturnsNone
[       OK ] PortHitTest.ClickFarFromPorts_ReturnsNone (0 ms)
[----------] 1 test from PortHitTest (0 ms total)

[----------] Global test environment tear-down
[==========] 1 test from 1 test suite ran. (0 ms total)
[  PASSED  ] 1 test.
<end of output>
Test time =   0.00 sec
----------------------------------------------------------
Test Passed.
"PortHitTest.ClickFarFromPorts_ReturnsNone" end time: Mar 05 23:35 CET
"PortHitTest.ClickFarFromPorts_ReturnsNone" time elapsed: 00:00:00
----------------------------------------------------------

48/270 Testing: PersistTest.LoadSimulatorFormat_VsuTest
48/270 Test: PersistTest.LoadSimulatorFormat_VsuTest
Command: "/Users/vladimir/an24_cpp/build/tests/editor_persist_tests" "--gtest_filter=PersistTest.LoadSimulatorFormat_VsuTest" "--gtest_also_run_disabled_tests"
Directory: /Users/vladimir/an24_cpp/build/tests
"PersistTest.LoadSimulatorFormat_VsuTest" start time: Mar 05 23:35 CET
Output:
----------------------------------------------------------
Running main() from /Users/vladimir/an24_cpp/build/_deps/googletest-src/googletest/src/gtest_main.cc
Note: Google Test filter = PersistTest.LoadSimulatorFormat_VsuTest
[==========] Running 1 test from 1 test suite.
[----------] Global test environment set-up.
[----------] 1 test from PersistTest
[ RUN      ] PersistTest.LoadSimulatorFormat_VsuTest
[2026-03-05 23:35:22.077] [info] [json_parser] Loaded 26 component definitions from 'components/'
[2026-03-05 23:35:22.077] [info] [json_parser] Loaded 26 component definitions
[       OK ] PersistTest.LoadSimulatorFormat_VsuTest (11 ms)
[----------] 1 test from PersistTest (11 ms total)

[----------] Global test environment tear-down
[==========] 1 test from 1 test suite ran. (11 ms total)
[  PASSED  ] 1 test.
<end of output>
Test time =   0.02 sec
----------------------------------------------------------
Test Passed.
"PersistTest.LoadSimulatorFormat_VsuTest" end time: Mar 05 23:35 CET
"PersistTest.LoadSimulatorFormat_VsuTest" time elapsed: 00:00:00
----------------------------------------------------------

76/270 Testing: WireCreationTest.ClearWireCreation_ResetsState
76/270 Test: WireCreationTest.ClearWireCreation_ResetsState
Command: "/Users/vladimir/an24_cpp/build/tests/editor_interaction_tests" "--gtest_filter=WireCreationTest.ClearWireCreation_ResetsState" "--gtest_also_run_disabled_tests"
Directory: /Users/vladimir/an24_cpp/build/tests
"WireCreationTest.ClearWireCreation_ResetsState" start time: Mar 05 23:35 CET
Output:
----------------------------------------------------------
Running main() from /Users/vladimir/an24_cpp/build/_deps/googletest-src/googletest/src/gtest_main.cc
Note: Google Test filter = WireCreationTest.ClearWireCreation_ResetsState
[==========] Running 1 test from 1 test suite.
[----------] Global test environment set-up.
[----------] 1 test from WireCreationTest
[ RUN      ] WireCreationTest.ClearWireCreation_ResetsState
[       OK ] WireCreationTest.ClearWireCreation_ResetsState (0 ms)
[----------] 1 test from WireCreationTest (0 ms total)

[----------] Global test environment tear-down
[==========] 1 test from 1 test suite ran. (0 ms total)
[  PASSED  ] 1 test.
<end of output>
Test time =   0.01 sec
----------------------------------------------------------
Test Passed.
"WireCreationTest.ClearWireCreation_ResetsState" end time: Mar 05 23:35 CET
"WireCreationTest.ClearWireCreation_ResetsState" time elapsed: 00:00:00
----------------------------------------------------------

77/270 Testing: WireCreationTest.MultipleWireCreations_OverridesPrevious
77/270 Test: WireCreationTest.MultipleWireCreations_OverridesPrevious
Command: "/Users/vladimir/an24_cpp/build/tests/editor_interaction_tests" "--gtest_filter=WireCreationTest.MultipleWireCreations_OverridesPrevious" "--gtest_also_run_disabled_tests"
Directory: /Users/vladimir/an24_cpp/build/tests
"WireCreationTest.MultipleWireCreations_OverridesPrevious" start time: Mar 05 23:35 CET
Output:
----------------------------------------------------------
Running main() from /Users/vladimir/an24_cpp/build/_deps/googletest-src/googletest/src/gtest_main.cc
Note: Google Test filter = WireCreationTest.MultipleWireCreations_OverridesPrevious
[==========] Running 1 test from 1 test suite.
[----------] Global test environment set-up.
[----------] 1 test from WireCreationTest
[ RUN      ] WireCreationTest.MultipleWireCreations_OverridesPrevious
[       OK ] WireCreationTest.MultipleWireCreations_OverridesPrevious (0 ms)
[----------] 1 test from WireCreationTest (0 ms total)

[----------] Global test environment tear-down
[==========] 1 test from 1 test suite ran. (0 ms total)
[  PASSED  ] 1 test.
<end of output>
Test time =   0.00 sec
----------------------------------------------------------
Test Passed.
"WireCreationTest.MultipleWireCreations_OverridesPrevious" end time: Mar 05 23:35 CET
"WireCreationTest.MultipleWireCreations_OverridesPrevious" time elapsed: 00:00:00
----------------------------------------------------------

74/270 Testing: WireCreationTest.StartWireCreation_SetsDraggingState
74/270 Test: WireCreationTest.StartWireCreation_SetsDraggingState
Command: "/Users/vladimir/an24_cpp/build/tests/editor_interaction_tests" "--gtest_filter=WireCreationTest.StartWireCreation_SetsDraggingState" "--gtest_also_run_disabled_tests"
Directory: /Users/vladimir/an24_cpp/build/tests
"WireCreationTest.StartWireCreation_SetsDraggingState" start time: Mar 05 23:35 CET
Output:
----------------------------------------------------------
Running main() from /Users/vladimir/an24_cpp/build/_deps/googletest-src/googletest/src/gtest_main.cc
Note: Google Test filter = WireCreationTest.StartWireCreation_SetsDraggingState
[==========] Running 1 test from 1 test suite.
[----------] Global test environment set-up.
[----------] 1 test from WireCreationTest
[ RUN      ] WireCreationTest.StartWireCreation_SetsDraggingState
[       OK ] WireCreationTest.StartWireCreation_SetsDraggingState (0 ms)
[----------] 1 test from WireCreationTest (0 ms total)

[----------] Global test environment tear-down
[==========] 1 test from 1 test suite ran. (0 ms total)
[  PASSED  ] 1 test.
<end of output>
Test time =   0.00 sec
----------------------------------------------------------
Test Passed.
"WireCreationTest.StartWireCreation_SetsDraggingState" end time: Mar 05 23:35 CET
"WireCreationTest.StartWireCreation_SetsDraggingState" time elapsed: 00:00:00
----------------------------------------------------------

75/270 Testing: WireCreationTest.StartWireCreation_TracksPortInfo
75/270 Test: WireCreationTest.StartWireCreation_TracksPortInfo
Command: "/Users/vladimir/an24_cpp/build/tests/editor_interaction_tests" "--gtest_filter=WireCreationTest.StartWireCreation_TracksPortInfo" "--gtest_also_run_disabled_tests"
Directory: /Users/vladimir/an24_cpp/build/tests
"WireCreationTest.StartWireCreation_TracksPortInfo" start time: Mar 05 23:35 CET
Output:
----------------------------------------------------------
Running main() from /Users/vladimir/an24_cpp/build/_deps/googletest-src/googletest/src/gtest_main.cc
Note: Google Test filter = WireCreationTest.StartWireCreation_TracksPortInfo
[==========] Running 1 test from 1 test suite.
[----------] Global test environment set-up.
[----------] 1 test from WireCreationTest
[ RUN      ] WireCreationTest.StartWireCreation_TracksPortInfo
[       OK ] WireCreationTest.StartWireCreation_TracksPortInfo (0 ms)
[----------] 1 test from WireCreationTest (0 ms total)

[----------] Global test environment tear-down
[==========] 1 test from 1 test suite ran. (0 ms total)
[  PASSED  ] 1 test.
<end of output>
Test time =   0.00 sec
----------------------------------------------------------
Test Passed.
"WireCreationTest.StartWireCreation_TracksPortInfo" end time: Mar 05 23:35 CET
"WireCreationTest.StartWireCreation_TracksPortInfo" time elapsed: 00:00:00
----------------------------------------------------------

27/270 Testing: HoldButtonTest.InitialState_Idle
27/270 Test: HoldButtonTest.InitialState_Idle
Command: "/Users/vladimir/an24_cpp/build/tests/jit_solver_tests" "--gtest_filter=HoldButtonTest.InitialState_Idle" "--gtest_also_run_disabled_tests"
Directory: /Users/vladimir/an24_cpp/build/tests
"HoldButtonTest.InitialState_Idle" start time: Mar 05 23:35 CET
Output:
----------------------------------------------------------
Running main() from /Users/vladimir/an24_cpp/build/_deps/googletest-src/googletest/src/gtest_main.cc
Note: Google Test filter = HoldButtonTest.InitialState_Idle
[==========] Running 1 test from 1 test suite.
[----------] Global test environment set-up.
[----------] 1 test from HoldButtonTest
[ RUN      ] HoldButtonTest.InitialState_Idle
[2026-03-05 23:35:22.092] [info] Built JIT systems: 4 signals, 1 fixed
[       OK ] HoldButtonTest.InitialState_Idle (0 ms)
[----------] 1 test from HoldButtonTest (0 ms total)

[----------] Global test environment tear-down
[==========] 1 test from 1 test suite ran. (0 ms total)
[  PASSED  ] 1 test.
<end of output>
Test time =   0.00 sec
----------------------------------------------------------
Test Passed.
"HoldButtonTest.InitialState_Idle" end time: Mar 05 23:35 CET
"HoldButtonTest.InitialState_Idle" time elapsed: 00:00:00
----------------------------------------------------------

28/270 Testing: HoldButtonTest.OnClick_PressedOutput
28/270 Test: HoldButtonTest.OnClick_PressedOutput
Command: "/Users/vladimir/an24_cpp/build/tests/jit_solver_tests" "--gtest_filter=HoldButtonTest.OnClick_PressedOutput" "--gtest_also_run_disabled_tests"
Directory: /Users/vladimir/an24_cpp/build/tests
"HoldButtonTest.OnClick_PressedOutput" start time: Mar 05 23:35 CET
Output:
----------------------------------------------------------
Running main() from /Users/vladimir/an24_cpp/build/_deps/googletest-src/googletest/src/gtest_main.cc
Note: Google Test filter = HoldButtonTest.OnClick_PressedOutput
[==========] Running 1 test from 1 test suite.
[----------] Global test environment set-up.
[----------] 1 test from HoldButtonTest
[ RUN      ] HoldButtonTest.OnClick_PressedOutput
[2026-03-05 23:35:22.094] [info] Built JIT systems: 4 signals, 1 fixed
[       OK ] HoldButtonTest.OnClick_PressedOutput (1 ms)
[----------] 1 test from HoldButtonTest (1 ms total)

[----------] Global test environment tear-down
[==========] 1 test from 1 test suite ran. (1 ms total)
[  PASSED  ] 1 test.
<end of output>
Test time =   0.01 sec
----------------------------------------------------------
Test Passed.
"HoldButtonTest.OnClick_PressedOutput" end time: Mar 05 23:35 CET
"HoldButtonTest.OnClick_PressedOutput" time elapsed: 00:00:00
----------------------------------------------------------

29/270 Testing: HoldButtonTest.OnRelease_ReleasedOutput
29/270 Test: HoldButtonTest.OnRelease_ReleasedOutput
Command: "/Users/vladimir/an24_cpp/build/tests/jit_solver_tests" "--gtest_filter=HoldButtonTest.OnRelease_ReleasedOutput" "--gtest_also_run_disabled_tests"
Directory: /Users/vladimir/an24_cpp/build/tests
"HoldButtonTest.OnRelease_ReleasedOutput" start time: Mar 05 23:35 CET
Output:
----------------------------------------------------------
Running main() from /Users/vladimir/an24_cpp/build/_deps/googletest-src/googletest/src/gtest_main.cc
Note: Google Test filter = HoldButtonTest.OnRelease_ReleasedOutput
[==========] Running 1 test from 1 test suite.
[----------] Global test environment set-up.
[----------] 1 test from HoldButtonTest
[ RUN      ] HoldButtonTest.OnRelease_ReleasedOutput
[2026-03-05 23:35:22.096] [info] Built JIT systems: 4 signals, 1 fixed
[       OK ] HoldButtonTest.OnRelease_ReleasedOutput (0 ms)
[----------] 1 test from HoldButtonTest (0 ms total)

[----------] Global test environment tear-down
[==========] 1 test from 1 test suite ran. (0 ms total)
[  PASSED  ] 1 test.
<end of output>
Test time =   0.01 sec
----------------------------------------------------------
Test Passed.
"HoldButtonTest.OnRelease_ReleasedOutput" end time: Mar 05 23:35 CET
"HoldButtonTest.OnRelease_ReleasedOutput" time elapsed: 00:00:00
----------------------------------------------------------

43/270 Testing: PersistTest.ToJson_FromJson_Roundtrip
43/270 Test: PersistTest.ToJson_FromJson_Roundtrip
Command: "/Users/vladimir/an24_cpp/build/tests/editor_persist_tests" "--gtest_filter=PersistTest.ToJson_FromJson_Roundtrip" "--gtest_also_run_disabled_tests"
Directory: /Users/vladimir/an24_cpp/build/tests
"PersistTest.ToJson_FromJson_Roundtrip" start time: Mar 05 23:35 CET
Output:
----------------------------------------------------------
Running main() from /Users/vladimir/an24_cpp/build/_deps/googletest-src/googletest/src/gtest_main.cc
Note: Google Test filter = PersistTest.ToJson_FromJson_Roundtrip
[==========] Running 1 test from 1 test suite.
[----------] Global test environment set-up.
[----------] 1 test from PersistTest
[ RUN      ] PersistTest.ToJson_FromJson_Roundtrip
[2026-03-05 23:35:22.097] [info] [json_parser] Loaded 26 component definitions from 'components/'
[2026-03-05 23:35:22.097] [info] [json_parser] Loaded 26 component definitions
[       OK ] PersistTest.ToJson_FromJson_Roundtrip (1 ms)
[----------] 1 test from PersistTest (1 ms total)

[----------] Global test environment tear-down
[==========] 1 test from 1 test suite ran. (1 ms total)
[  PASSED  ] 1 test.
<end of output>
Test time =   0.00 sec
----------------------------------------------------------
Test Passed.
"PersistTest.ToJson_FromJson_Roundtrip" end time: Mar 05 23:35 CET
"PersistTest.ToJson_FromJson_Roundtrip" time elapsed: 00:00:00
----------------------------------------------------------

259/270 Testing: SimulationTest.BuildsFromBlueprint
259/270 Test: SimulationTest.BuildsFromBlueprint
Command: "/Users/vladimir/an24_cpp/build/tests/editor_simulation_tests" "--gtest_filter=SimulationTest.BuildsFromBlueprint" "--gtest_also_run_disabled_tests"
Directory: /Users/vladimir/an24_cpp/build/tests
"SimulationTest.BuildsFromBlueprint" start time: Mar 05 23:35 CET
Output:
----------------------------------------------------------
Running main() from /Users/vladimir/an24_cpp/build/_deps/googletest-src/googletest/src/gtest_main.cc
Note: Google Test filter = SimulationTest.BuildsFromBlueprint
[==========] Running 1 test from 1 test suite.
[----------] Global test environment set-up.
[----------] 1 test from SimulationTest
[ RUN      ] SimulationTest.BuildsFromBlueprint
[2026-03-05 23:35:22.098] [info] [json_parser] Loaded 26 component definitions from 'components/'
[2026-03-05 23:35:22.098] [info] [json_parser] Loaded 26 component definitions
[2026-03-05 23:35:22.098] [info] Built JIT systems: 3 signals, 0 fixed
[       OK ] SimulationTest.BuildsFromBlueprint (1 ms)
[----------] 1 test from SimulationTest (1 ms total)

[----------] Global test environment tear-down
[==========] 1 test from 1 test suite ran. (1 ms total)
[  PASSED  ] 1 test.
<end of output>
Test time =   0.01 sec
----------------------------------------------------------
Test Passed.
"SimulationTest.BuildsFromBlueprint" end time: Mar 05 23:35 CET
"SimulationTest.BuildsFromBlueprint" time elapsed: 00:00:00
----------------------------------------------------------

134/270 Testing: EventsTest.AddComponent_UniqueIds
134/270 Test: EventsTest.AddComponent_UniqueIds
Command: "/Users/vladimir/an24_cpp/build/tests/editor_event_tests" "--gtest_filter=EventsTest.AddComponent_UniqueIds" "--gtest_also_run_disabled_tests"
Directory: /Users/vladimir/an24_cpp/build/tests
"EventsTest.AddComponent_UniqueIds" start time: Mar 05 23:35 CET
Output:
----------------------------------------------------------
Running main() from /Users/vladimir/an24_cpp/build/_deps/googletest-src/googletest/src/gtest_main.cc
Note: Google Test filter = EventsTest.AddComponent_UniqueIds
[==========] Running 1 test from 1 test suite.
[----------] Global test environment set-up.
[----------] 1 test from EventsTest
[ RUN      ] EventsTest.AddComponent_UniqueIds
[2026-03-05 23:35:22.096] [info] [json_parser] Loaded 26 component definitions from 'components/'
[2026-03-05 23:35:22.098] [info] [json_parser] Loaded 26 component definitions from 'components/'
[2026-03-05 23:35:22.098] [info] [json_parser] Loaded 26 component definitions
[2026-03-05 23:35:22.098] [info] Built JIT systems: 3 signals, 0 fixed
Added component: Battery (id=battery_1) at (96.0, 96.0) with 1 inputs, 1 outputs
[2026-03-05 23:35:22.099] [info] [json_parser] Loaded 26 component definitions from 'components/'
[2026-03-05 23:35:22.099] [info] [json_parser] Loaded 26 component definitions
[2026-03-05 23:35:22.099] [info] Built JIT systems: 5 signals, 0 fixed
Added component: Battery (id=battery_2) at (208.0, 96.0) with 1 inputs, 1 outputs
[       OK ] EventsTest.AddComponent_UniqueIds (3 ms)
[----------] 1 test from EventsTest (3 ms total)

[----------] Global test environment tear-down
[==========] 1 test from 1 test suite ran. (3 ms total)
[  PASSED  ] 1 test.
<end of output>
Test time =   0.01 sec
----------------------------------------------------------
Test Passed.
"EventsTest.AddComponent_UniqueIds" end time: Mar 05 23:35 CET
"EventsTest.AddComponent_UniqueIds" time elapsed: 00:00:00
----------------------------------------------------------

151/270 Testing: JsonParserTest.ParseEmptyContext
151/270 Test: JsonParserTest.ParseEmptyContext
Command: "/Users/vladimir/an24_cpp/build/tests/json_parser_tests" "--gtest_filter=JsonParserTest.ParseEmptyContext" "--gtest_also_run_disabled_tests"
Directory: /Users/vladimir/an24_cpp/build/tests
"JsonParserTest.ParseEmptyContext" start time: Mar 05 23:35 CET
Output:
----------------------------------------------------------
Running main() from /Users/vladimir/an24_cpp/build/_deps/googletest-src/googletest/src/gtest_main.cc
Note: Google Test filter = JsonParserTest.ParseEmptyContext
[==========] Running 1 test from 1 test suite.
[----------] Global test environment set-up.
[----------] 1 test from JsonParserTest
[ RUN      ] JsonParserTest.ParseEmptyContext
[2026-03-05 23:35:22.102] [info] [json_parser] Loaded 26 component definitions from 'components/'
[2026-03-05 23:35:22.103] [info] [json_parser] Loaded 26 component definitions
[       OK ] JsonParserTest.ParseEmptyContext (1 ms)
[----------] 1 test from JsonParserTest (1 ms total)

[----------] Global test environment tear-down
[==========] 1 test from 1 test suite ran. (1 ms total)
[  PASSED  ] 1 test.
<end of output>
Test time =   0.01 sec
----------------------------------------------------------
Test Passed.
"JsonParserTest.ParseEmptyContext" end time: Mar 05 23:35 CET
"JsonParserTest.ParseEmptyContext" time elapsed: 00:00:00
----------------------------------------------------------

130/270 Testing: EventsTest.AddComponent_StandardNodeSize_a1b2
130/270 Test: EventsTest.AddComponent_StandardNodeSize_a1b2
Command: "/Users/vladimir/an24_cpp/build/tests/editor_event_tests" "--gtest_filter=EventsTest.AddComponent_StandardNodeSize_a1b2" "--gtest_also_run_disabled_tests"
Directory: /Users/vladimir/an24_cpp/build/tests
"EventsTest.AddComponent_StandardNodeSize_a1b2" start time: Mar 05 23:35 CET
Output:
----------------------------------------------------------
Running main() from /Users/vladimir/an24_cpp/build/_deps/googletest-src/googletest/src/gtest_main.cc
Note: Google Test filter = EventsTest.AddComponent_StandardNodeSize_a1b2
[==========] Running 1 test from 1 test suite.
[----------] Global test environment set-up.
[----------] 1 test from EventsTest
[ RUN      ] EventsTest.AddComponent_StandardNodeSize_a1b2
[2026-03-05 23:35:22.104] [info] [json_parser] Loaded 26 component definitions from 'components/'
[2026-03-05 23:35:22.105] [info] [json_parser] Loaded 26 component definitions from 'components/'
[2026-03-05 23:35:22.105] [info] [json_parser] Loaded 26 component definitions
[2026-03-05 23:35:22.105] [info] Built JIT systems: 3 signals, 0 fixed
Added component: Battery (id=battery_1) at (304.0, 304.0) with 1 inputs, 1 outputs
[       OK ] EventsTest.AddComponent_StandardNodeSize_a1b2 (3 ms)
[----------] 1 test from EventsTest (3 ms total)

[----------] Global test environment tear-down
[==========] 1 test from 1 test suite ran. (3 ms total)
[  PASSED  ] 1 test.
<end of output>
Test time =   0.01 sec
----------------------------------------------------------
Test Passed.
"EventsTest.AddComponent_StandardNodeSize_a1b2" end time: Mar 05 23:35 CET
"EventsTest.AddComponent_StandardNodeSize_a1b2" time elapsed: 00:00:00
----------------------------------------------------------

129/270 Testing: EventsTest.AddComponent_RefNodeSize_a1b2
129/270 Test: EventsTest.AddComponent_RefNodeSize_a1b2
Command: "/Users/vladimir/an24_cpp/build/tests/editor_event_tests" "--gtest_filter=EventsTest.AddComponent_RefNodeSize_a1b2" "--gtest_also_run_disabled_tests"
Directory: /Users/vladimir/an24_cpp/build/tests
"EventsTest.AddComponent_RefNodeSize_a1b2" start time: Mar 05 23:35 CET
Output:
----------------------------------------------------------
Running main() from /Users/vladimir/an24_cpp/build/_deps/googletest-src/googletest/src/gtest_main.cc
Note: Google Test filter = EventsTest.AddComponent_RefNodeSize_a1b2
[==========] Running 1 test from 1 test suite.
[----------] Global test environment set-up.
[----------] 1 test from EventsTest
[ RUN      ] EventsTest.AddComponent_RefNodeSize_a1b2
[2026-03-05 23:35:22.104] [info] [json_parser] Loaded 26 component definitions from 'components/'
[2026-03-05 23:35:22.105] [info] [json_parser] Loaded 26 component definitions from 'components/'
[2026-03-05 23:35:22.105] [info] [json_parser] Loaded 26 component definitions
[2026-03-05 23:35:22.105] [info] Built JIT systems: 2 signals, 1 fixed
Added component: RefNode (id=refnode_1) at (208.0, 208.0) with 0 inputs, 1 outputs
[       OK ] EventsTest.AddComponent_RefNodeSize_a1b2 (2 ms)
[----------] 1 test from EventsTest (2 ms total)

[----------] Global test environment tear-down
[==========] 1 test from 1 test suite ran. (2 ms total)
[  PASSED  ] 1 test.
<end of output>
Test time =   0.01 sec
----------------------------------------------------------
Test Passed.
"EventsTest.AddComponent_RefNodeSize_a1b2" end time: Mar 05 23:35 CET
"EventsTest.AddComponent_RefNodeSize_a1b2" time elapsed: 00:00:00
----------------------------------------------------------

132/270 Testing: EventsTest.AddComponent_IndicatorLightHasTextContent_c3d4
132/270 Test: EventsTest.AddComponent_IndicatorLightHasTextContent_c3d4
Command: "/Users/vladimir/an24_cpp/build/tests/editor_event_tests" "--gtest_filter=EventsTest.AddComponent_IndicatorLightHasTextContent_c3d4" "--gtest_also_run_disabled_tests"
Directory: /Users/vladimir/an24_cpp/build/tests
"EventsTest.AddComponent_IndicatorLightHasTextContent_c3d4" start time: Mar 05 23:35 CET
Output:
----------------------------------------------------------
Running main() from /Users/vladimir/an24_cpp/build/_deps/googletest-src/googletest/src/gtest_main.cc
Note: Google Test filter = EventsTest.AddComponent_IndicatorLightHasTextContent_c3d4
[==========] Running 1 test from 1 test suite.
[----------] Global test environment set-up.
[----------] 1 test from EventsTest
[ RUN      ] EventsTest.AddComponent_IndicatorLightHasTextContent_c3d4
[2026-03-05 23:35:22.105] [info] [json_parser] Loaded 26 component definitions from 'components/'
[2026-03-05 23:35:22.106] [info] [json_parser] Loaded 26 component definitions from 'components/'
[2026-03-05 23:35:22.106] [info] [json_parser] Loaded 26 component definitions
[2026-03-05 23:35:22.106] [info] Built JIT systems: 4 signals, 0 fixed
Added component: IndicatorLight (id=indicatorlight_1) at (96.0, 96.0) with 1 inputs, 2 outputs
[       OK ] EventsTest.AddComponent_IndicatorLightHasTextContent_c3d4 (2 ms)
[----------] 1 test from EventsTest (2 ms total)

[----------] Global test environment tear-down
[==========] 1 test from 1 test suite ran. (3 ms total)
[  PASSED  ] 1 test.
<end of output>
Test time =   0.01 sec
----------------------------------------------------------
Test Passed.
"EventsTest.AddComponent_IndicatorLightHasTextContent_c3d4" end time: Mar 05 23:35 CET
"EventsTest.AddComponent_IndicatorLightHasTextContent_c3d4" time elapsed: 00:00:00
----------------------------------------------------------

133/270 Testing: EventsTest.AddComponent_PortsLoadedFromRegistry
133/270 Test: EventsTest.AddComponent_PortsLoadedFromRegistry
Command: "/Users/vladimir/an24_cpp/build/tests/editor_event_tests" "--gtest_filter=EventsTest.AddComponent_PortsLoadedFromRegistry" "--gtest_also_run_disabled_tests"
Directory: /Users/vladimir/an24_cpp/build/tests
"EventsTest.AddComponent_PortsLoadedFromRegistry" start time: Mar 05 23:35 CET
Output:
----------------------------------------------------------
Running main() from /Users/vladimir/an24_cpp/build/_deps/googletest-src/googletest/src/gtest_main.cc
Note: Google Test filter = EventsTest.AddComponent_PortsLoadedFromRegistry
[==========] Running 1 test from 1 test suite.
[----------] Global test environment set-up.
[----------] 1 test from EventsTest
[ RUN      ] EventsTest.AddComponent_PortsLoadedFromRegistry
[2026-03-05 23:35:22.104] [info] [json_parser] Loaded 26 component definitions from 'components/'
[2026-03-05 23:35:22.106] [info] [json_parser] Loaded 26 component definitions from 'components/'
[2026-03-05 23:35:22.106] [info] [json_parser] Loaded 26 component definitions
[2026-03-05 23:35:22.106] [info] Built JIT systems: 3 signals, 0 fixed
Added component: Battery (id=battery_1) at (96.0, 96.0) with 1 inputs, 1 outputs
[       OK ] EventsTest.AddComponent_PortsLoadedFromRegistry (2 ms)
[----------] 1 test from EventsTest (2 ms total)

[----------] Global test environment tear-down
[==========] 1 test from 1 test suite ran. (2 ms total)
[  PASSED  ] 1 test.
<end of output>
Test time =   0.01 sec
----------------------------------------------------------
Test Passed.
"EventsTest.AddComponent_PortsLoadedFromRegistry" end time: Mar 05 23:35 CET
"EventsTest.AddComponent_PortsLoadedFromRegistry" time elapsed: 00:00:00
----------------------------------------------------------

128/270 Testing: EventsTest.AddComponent_BusSize_a1b2
128/270 Test: EventsTest.AddComponent_BusSize_a1b2
Command: "/Users/vladimir/an24_cpp/build/tests/editor_event_tests" "--gtest_filter=EventsTest.AddComponent_BusSize_a1b2" "--gtest_also_run_disabled_tests"
Directory: /Users/vladimir/an24_cpp/build/tests
"EventsTest.AddComponent_BusSize_a1b2" start time: Mar 05 23:35 CET
Output:
----------------------------------------------------------
Running main() from /Users/vladimir/an24_cpp/build/_deps/googletest-src/googletest/src/gtest_main.cc
Note: Google Test filter = EventsTest.AddComponent_BusSize_a1b2
[==========] Running 1 test from 1 test suite.
[----------] Global test environment set-up.
[----------] 1 test from EventsTest
[ RUN      ] EventsTest.AddComponent_BusSize_a1b2
[2026-03-05 23:35:22.108] [info] [json_parser] Loaded 26 component definitions from 'components/'
[2026-03-05 23:35:22.110] [info] [json_parser] Loaded 26 component definitions from 'components/'
[2026-03-05 23:35:22.110] [info] [json_parser] Loaded 26 component definitions
[2026-03-05 23:35:22.110] [info] Built JIT systems: 2 signals, 0 fixed
Added component: Bus (id=bus_1) at (96.0, 96.0) with 1 inputs, 1 outputs
[       OK ] EventsTest.AddComponent_BusSize_a1b2 (2 ms)
[----------] 1 test from EventsTest (2 ms total)

[----------] Global test environment tear-down
[==========] 1 test from 1 test suite ran. (2 ms total)
[  PASSED  ] 1 test.
<end of output>
Test time =   0.01 sec
----------------------------------------------------------
Test Passed.
"EventsTest.AddComponent_BusSize_a1b2" end time: Mar 05 23:35 CET
"EventsTest.AddComponent_BusSize_a1b2" time elapsed: 00:00:00
----------------------------------------------------------

24/270 Testing: SwitchTest.OpenSwitchBlocksCurrent
24/270 Test: SwitchTest.OpenSwitchBlocksCurrent
Command: "/Users/vladimir/an24_cpp/build/tests/jit_solver_tests" "--gtest_filter=SwitchTest.OpenSwitchBlocksCurrent" "--gtest_also_run_disabled_tests"
Directory: /Users/vladimir/an24_cpp/build/tests
"SwitchTest.OpenSwitchBlocksCurrent" start time: Mar 05 23:35 CET
Output:
----------------------------------------------------------
Running main() from /Users/vladimir/an24_cpp/build/_deps/googletest-src/googletest/src/gtest_main.cc
Note: Google Test filter = SwitchTest.OpenSwitchBlocksCurrent
[==========] Running 1 test from 1 test suite.
[----------] Global test environment set-up.
[----------] 1 test from SwitchTest
[ RUN      ] SwitchTest.OpenSwitchBlocksCurrent
[2026-03-05 23:35:22.110] [info] Built JIT systems: 6 signals, 2 fixed
[       OK ] SwitchTest.OpenSwitchBlocksCurrent (0 ms)
[----------] 1 test from SwitchTest (0 ms total)

[----------] Global test environment tear-down
[==========] 1 test from 1 test suite ran. (0 ms total)
[  PASSED  ] 1 test.
<end of output>
Test time =   0.00 sec
----------------------------------------------------------
Test Passed.
"SwitchTest.OpenSwitchBlocksCurrent" end time: Mar 05 23:35 CET
"SwitchTest.OpenSwitchBlocksCurrent" time elapsed: 00:00:00
----------------------------------------------------------

25/270 Testing: SwitchTest.ClosedSwitchConducts
25/270 Test: SwitchTest.ClosedSwitchConducts
Command: "/Users/vladimir/an24_cpp/build/tests/jit_solver_tests" "--gtest_filter=SwitchTest.ClosedSwitchConducts" "--gtest_also_run_disabled_tests"
Directory: /Users/vladimir/an24_cpp/build/tests
"SwitchTest.ClosedSwitchConducts" start time: Mar 05 23:35 CET
Output:
----------------------------------------------------------
Running main() from /Users/vladimir/an24_cpp/build/_deps/googletest-src/googletest/src/gtest_main.cc
Note: Google Test filter = SwitchTest.ClosedSwitchConducts
[==========] Running 1 test from 1 test suite.
[----------] Global test environment set-up.
[----------] 1 test from SwitchTest
[ RUN      ] SwitchTest.ClosedSwitchConducts
[2026-03-05 23:35:22.112] [info] Built JIT systems: 6 signals, 2 fixed
[       OK ] SwitchTest.ClosedSwitchConducts (0 ms)
[----------] 1 test from SwitchTest (0 ms total)

[----------] Global test environment tear-down
[==========] 1 test from 1 test suite ran. (0 ms total)
[  PASSED  ] 1 test.
<end of output>
Test time =   0.00 sec
----------------------------------------------------------
Test Passed.
"SwitchTest.ClosedSwitchConducts" end time: Mar 05 23:35 CET
"SwitchTest.ClosedSwitchConducts" time elapsed: 00:00:00
----------------------------------------------------------

1/270 Testing: SimulationStateTest.AllocateSignal
1/270 Test: SimulationStateTest.AllocateSignal
Command: "/Users/vladimir/an24_cpp/build/tests/jit_solver_tests" "--gtest_filter=SimulationStateTest.AllocateSignal" "--gtest_also_run_disabled_tests"
Directory: /Users/vladimir/an24_cpp/build/tests
"SimulationStateTest.AllocateSignal" start time: Mar 05 23:35 CET
Output:
----------------------------------------------------------
Running main() from /Users/vladimir/an24_cpp/build/_deps/googletest-src/googletest/src/gtest_main.cc
Note: Google Test filter = SimulationStateTest.AllocateSignal
[==========] Running 1 test from 1 test suite.
[----------] Global test environment set-up.
[----------] 1 test from SimulationStateTest
[ RUN      ] SimulationStateTest.AllocateSignal
[       OK ] SimulationStateTest.AllocateSignal (0 ms)
[----------] 1 test from SimulationStateTest (0 ms total)

[----------] Global test environment tear-down
[==========] 1 test from 1 test suite ran. (0 ms total)
[  PASSED  ] 1 test.
<end of output>
Test time =   0.01 sec
----------------------------------------------------------
Test Passed.
"SimulationStateTest.AllocateSignal" end time: Mar 05 23:35 CET
"SimulationStateTest.AllocateSignal" time elapsed: 00:00:00
----------------------------------------------------------

131/270 Testing: EventsTest.AddComponent_BatteryHasGaugeContent_c3d4
131/270 Test: EventsTest.AddComponent_BatteryHasGaugeContent_c3d4
Command: "/Users/vladimir/an24_cpp/build/tests/editor_event_tests" "--gtest_filter=EventsTest.AddComponent_BatteryHasGaugeContent_c3d4" "--gtest_also_run_disabled_tests"
Directory: /Users/vladimir/an24_cpp/build/tests
"EventsTest.AddComponent_BatteryHasGaugeContent_c3d4" start time: Mar 05 23:35 CET
Output:
----------------------------------------------------------
Running main() from /Users/vladimir/an24_cpp/build/_deps/googletest-src/googletest/src/gtest_main.cc
Note: Google Test filter = EventsTest.AddComponent_BatteryHasGaugeContent_c3d4
[==========] Running 1 test from 1 test suite.
[----------] Global test environment set-up.
[----------] 1 test from EventsTest
[ RUN      ] EventsTest.AddComponent_BatteryHasGaugeContent_c3d4
[2026-03-05 23:35:22.110] [info] [json_parser] Loaded 26 component definitions from 'components/'
[2026-03-05 23:35:22.113] [info] [json_parser] Loaded 26 component definitions from 'components/'
[2026-03-05 23:35:22.113] [info] [json_parser] Loaded 26 component definitions
[2026-03-05 23:35:22.113] [info] Built JIT systems: 3 signals, 0 fixed
Added component: Battery (id=battery_1) at (96.0, 96.0) with 1 inputs, 1 outputs
[       OK ] EventsTest.AddComponent_BatteryHasGaugeContent_c3d4 (3 ms)
[----------] 1 test from EventsTest (3 ms total)

[----------] Global test environment tear-down
[==========] 1 test from 1 test suite ran. (3 ms total)
[  PASSED  ] 1 test.
<end of output>
Test time =   0.01 sec
----------------------------------------------------------
Test Passed.
"EventsTest.AddComponent_BatteryHasGaugeContent_c3d4" end time: Mar 05 23:35 CET
"EventsTest.AddComponent_BatteryHasGaugeContent_c3d4" time elapsed: 00:00:00
----------------------------------------------------------

26/270 Testing: SwitchTest.ToggleOnControlEdge
26/270 Test: SwitchTest.ToggleOnControlEdge
Command: "/Users/vladimir/an24_cpp/build/tests/jit_solver_tests" "--gtest_filter=SwitchTest.ToggleOnControlEdge" "--gtest_also_run_disabled_tests"
Directory: /Users/vladimir/an24_cpp/build/tests
"SwitchTest.ToggleOnControlEdge" start time: Mar 05 23:35 CET
Output:
----------------------------------------------------------
Running main() from /Users/vladimir/an24_cpp/build/_deps/googletest-src/googletest/src/gtest_main.cc
Note: Google Test filter = SwitchTest.ToggleOnControlEdge
[==========] Running 1 test from 1 test suite.
[----------] Global test environment set-up.
[----------] 1 test from SwitchTest
[ RUN      ] SwitchTest.ToggleOnControlEdge
[2026-03-05 23:35:22.115] [info] Built JIT systems: 6 signals, 1 fixed
[       OK ] SwitchTest.ToggleOnControlEdge (1 ms)
[----------] 1 test from SwitchTest (1 ms total)

[----------] Global test environment tear-down
[==========] 1 test from 1 test suite ran. (1 ms total)
[  PASSED  ] 1 test.
<end of output>
Test time =   0.00 sec
----------------------------------------------------------
Test Passed.
"SwitchTest.ToggleOnControlEdge" end time: Mar 05 23:35 CET
"SwitchTest.ToggleOnControlEdge" time elapsed: 00:00:00
----------------------------------------------------------

266/270 Testing: SimulationTest.GetPortValue_UnknownReturnsZero
266/270 Test: SimulationTest.GetPortValue_UnknownReturnsZero
Command: "/Users/vladimir/an24_cpp/build/tests/editor_simulation_tests" "--gtest_filter=SimulationTest.GetPortValue_UnknownReturnsZero" "--gtest_also_run_disabled_tests"
Directory: /Users/vladimir/an24_cpp/build/tests
"SimulationTest.GetPortValue_UnknownReturnsZero" start time: Mar 05 23:35 CET
Output:
----------------------------------------------------------
Running main() from /Users/vladimir/an24_cpp/build/_deps/googletest-src/googletest/src/gtest_main.cc
Note: Google Test filter = SimulationTest.GetPortValue_UnknownReturnsZero
[==========] Running 1 test from 1 test suite.
[----------] Global test environment set-up.
[----------] 1 test from SimulationTest
[ RUN      ] SimulationTest.GetPortValue_UnknownReturnsZero
[2026-03-05 23:35:22.116] [info] [json_parser] Loaded 26 component definitions from 'components/'
[2026-03-05 23:35:22.116] [info] [json_parser] Loaded 26 component definitions
[2026-03-05 23:35:22.116] [info] Built JIT systems: 3 signals, 0 fixed
[       OK ] SimulationTest.GetPortValue_UnknownReturnsZero (1 ms)
[----------] 1 test from SimulationTest (1 ms total)

[----------] Global test environment tear-down
[==========] 1 test from 1 test suite ran. (1 ms total)
[  PASSED  ] 1 test.
<end of output>
Test time =   0.00 sec
----------------------------------------------------------
Test Passed.
"SimulationTest.GetPortValue_UnknownReturnsZero" end time: Mar 05 23:35 CET
"SimulationTest.GetPortValue_UnknownReturnsZero" time elapsed: 00:00:00
----------------------------------------------------------

159/270 Testing: JsonParserTest.InOutPortDirection_Roundtrip_g7h8
159/270 Test: JsonParserTest.InOutPortDirection_Roundtrip_g7h8
Command: "/Users/vladimir/an24_cpp/build/tests/json_parser_tests" "--gtest_filter=JsonParserTest.InOutPortDirection_Roundtrip_g7h8" "--gtest_also_run_disabled_tests"
Directory: /Users/vladimir/an24_cpp/build/tests
"JsonParserTest.InOutPortDirection_Roundtrip_g7h8" start time: Mar 05 23:35 CET
Output:
----------------------------------------------------------
Running main() from /Users/vladimir/an24_cpp/build/_deps/googletest-src/googletest/src/gtest_main.cc
Note: Google Test filter = JsonParserTest.InOutPortDirection_Roundtrip_g7h8
[==========] Running 1 test from 1 test suite.
[----------] Global test environment set-up.
[----------] 1 test from JsonParserTest
[ RUN      ] JsonParserTest.InOutPortDirection_Roundtrip_g7h8
[2026-03-05 23:35:22.118] [info] [json_parser] Loaded 26 component definitions from 'components/'
[2026-03-05 23:35:22.119] [info] [json_parser] Loaded 26 component definitions
[       OK ] JsonParserTest.InOutPortDirection_Roundtrip_g7h8 (1 ms)
[----------] 1 test from JsonParserTest (1 ms total)

[----------] Global test environment tear-down
[==========] 1 test from 1 test suite ran. (1 ms total)
[  PASSED  ] 1 test.
<end of output>
Test time =   0.01 sec
----------------------------------------------------------
Test Passed.
"JsonParserTest.InOutPortDirection_Roundtrip_g7h8" end time: Mar 05 23:35 CET
"JsonParserTest.InOutPortDirection_Roundtrip_g7h8" time elapsed: 00:00:00
----------------------------------------------------------

262/270 Testing: SimulationTest.RebuildResetsState
262/270 Test: SimulationTest.RebuildResetsState
Command: "/Users/vladimir/an24_cpp/build/tests/editor_simulation_tests" "--gtest_filter=SimulationTest.RebuildResetsState" "--gtest_also_run_disabled_tests"
Directory: /Users/vladimir/an24_cpp/build/tests
"SimulationTest.RebuildResetsState" start time: Mar 05 23:35 CET
Output:
----------------------------------------------------------
Running main() from /Users/vladimir/an24_cpp/build/_deps/googletest-src/googletest/src/gtest_main.cc
Note: Google Test filter = SimulationTest.RebuildResetsState
[==========] Running 1 test from 1 test suite.
[----------] Global test environment set-up.
[----------] 1 test from SimulationTest
[ RUN      ] SimulationTest.RebuildResetsState
[2026-03-05 23:35:22.118] [info] [json_parser] Loaded 26 component definitions from 'components/'
[2026-03-05 23:35:22.119] [info] [json_parser] Loaded 26 component definitions
[2026-03-05 23:35:22.119] [info] Built JIT systems: 3 signals, 0 fixed
[2026-03-05 23:35:22.120] [info] [json_parser] Loaded 26 component definitions from 'components/'
[2026-03-05 23:35:22.120] [info] [json_parser] Loaded 26 component definitions
[2026-03-05 23:35:22.120] [info] Built JIT systems: 3 signals, 0 fixed
[       OK ] SimulationTest.RebuildResetsState (1 ms)
[----------] 1 test from SimulationTest (1 ms total)

[----------] Global test environment tear-down
[==========] 1 test from 1 test suite ran. (1 ms total)
[  PASSED  ] 1 test.
<end of output>
Test time =   0.01 sec
----------------------------------------------------------
Test Passed.
"SimulationTest.RebuildResetsState" end time: Mar 05 23:35 CET
"SimulationTest.RebuildResetsState" time elapsed: 00:00:00
----------------------------------------------------------

65/270 Testing: InteractionTest.DefaultIsEmpty
65/270 Test: InteractionTest.DefaultIsEmpty
Command: "/Users/vladimir/an24_cpp/build/tests/editor_interaction_tests" "--gtest_filter=InteractionTest.DefaultIsEmpty" "--gtest_also_run_disabled_tests"
Directory: /Users/vladimir/an24_cpp/build/tests
"InteractionTest.DefaultIsEmpty" start time: Mar 05 23:35 CET
Output:
----------------------------------------------------------
Running main() from /Users/vladimir/an24_cpp/build/_deps/googletest-src/googletest/src/gtest_main.cc
Note: Google Test filter = InteractionTest.DefaultIsEmpty
[==========] Running 1 test from 1 test suite.
[----------] Global test environment set-up.
[----------] 1 test from InteractionTest
[ RUN      ] InteractionTest.DefaultIsEmpty
[       OK ] InteractionTest.DefaultIsEmpty (0 ms)
[----------] 1 test from InteractionTest (0 ms total)

[----------] Global test environment tear-down
[==========] 1 test from 1 test suite ran. (0 ms total)
[  PASSED  ] 1 test.
<end of output>
Test time =   0.00 sec
----------------------------------------------------------
Test Passed.
"InteractionTest.DefaultIsEmpty" end time: Mar 05 23:35 CET
"InteractionTest.DefaultIsEmpty" time elapsed: 00:00:00
----------------------------------------------------------

265/270 Testing: SimulationTest.GetPortValue
265/270 Test: SimulationTest.GetPortValue
Command: "/Users/vladimir/an24_cpp/build/tests/editor_simulation_tests" "--gtest_filter=SimulationTest.GetPortValue" "--gtest_also_run_disabled_tests"
Directory: /Users/vladimir/an24_cpp/build/tests
"SimulationTest.GetPortValue" start time: Mar 05 23:35 CET
Output:
----------------------------------------------------------
Running main() from /Users/vladimir/an24_cpp/build/_deps/googletest-src/googletest/src/gtest_main.cc
Note: Google Test filter = SimulationTest.GetPortValue
[==========] Running 1 test from 1 test suite.
[----------] Global test environment set-up.
[----------] 1 test from SimulationTest
[ RUN      ] SimulationTest.GetPortValue
[2026-03-05 23:35:22.119] [info] [json_parser] Loaded 26 component definitions from 'components/'
[2026-03-05 23:35:22.120] [info] [json_parser] Loaded 26 component definitions
[2026-03-05 23:35:22.120] [info] Built JIT systems: 3 signals, 0 fixed
[       OK ] SimulationTest.GetPortValue (2 ms)
[----------] 1 test from SimulationTest (2 ms total)

[----------] Global test environment tear-down
[==========] 1 test from 1 test suite ran. (2 ms total)
[  PASSED  ] 1 test.
<end of output>
Test time =   0.01 sec
----------------------------------------------------------
Test Passed.
"SimulationTest.GetPortValue" end time: Mar 05 23:35 CET
"SimulationTest.GetPortValue" time elapsed: 00:00:00
----------------------------------------------------------

42/270 Testing: PersistTest.ToJson_EmptyBlueprint
42/270 Test: PersistTest.ToJson_EmptyBlueprint
Command: "/Users/vladimir/an24_cpp/build/tests/editor_persist_tests" "--gtest_filter=PersistTest.ToJson_EmptyBlueprint" "--gtest_also_run_disabled_tests"
Directory: /Users/vladimir/an24_cpp/build/tests
"PersistTest.ToJson_EmptyBlueprint" start time: Mar 05 23:35 CET
Output:
----------------------------------------------------------
Running main() from /Users/vladimir/an24_cpp/build/_deps/googletest-src/googletest/src/gtest_main.cc
Note: Google Test filter = PersistTest.ToJson_EmptyBlueprint
[==========] Running 1 test from 1 test suite.
[----------] Global test environment set-up.
[----------] 1 test from PersistTest
[ RUN      ] PersistTest.ToJson_EmptyBlueprint
[       OK ] PersistTest.ToJson_EmptyBlueprint (0 ms)
[----------] 1 test from PersistTest (0 ms total)

[----------] Global test environment tear-down
[==========] 1 test from 1 test suite ran. (0 ms total)
[  PASSED  ] 1 test.
<end of output>
Test time =   0.00 sec
----------------------------------------------------------
Test Passed.
"PersistTest.ToJson_EmptyBlueprint" end time: Mar 05 23:35 CET
"PersistTest.ToJson_EmptyBlueprint" time elapsed: 00:00:00
----------------------------------------------------------

49/270 Testing: PersistTest.AutoLayout_NoEditorBlock
49/270 Test: PersistTest.AutoLayout_NoEditorBlock
Command: "/Users/vladimir/an24_cpp/build/tests/editor_persist_tests" "--gtest_filter=PersistTest.AutoLayout_NoEditorBlock" "--gtest_also_run_disabled_tests"
Directory: /Users/vladimir/an24_cpp/build/tests
"PersistTest.AutoLayout_NoEditorBlock" start time: Mar 05 23:35 CET
Output:
----------------------------------------------------------
Running main() from /Users/vladimir/an24_cpp/build/_deps/googletest-src/googletest/src/gtest_main.cc
Note: Google Test filter = PersistTest.AutoLayout_NoEditorBlock
[==========] Running 1 test from 1 test suite.
[----------] Global test environment set-up.
[----------] 1 test from PersistTest
[ RUN      ] PersistTest.AutoLayout_NoEditorBlock
[2026-03-05 23:35:22.076] [info] [json_parser] Loaded 26 component definitions from 'components/'
[2026-03-05 23:35:22.076] [info] [json_parser] Loaded 26 component definitions
[       OK ] PersistTest.AutoLayout_NoEditorBlock (50 ms)
[----------] 1 test from PersistTest (50 ms total)

[----------] Global test environment tear-down
[==========] 1 test from 1 test suite ran. (50 ms total)
[  PASSED  ] 1 test.
<end of output>
Test time =   0.06 sec
----------------------------------------------------------
Test Passed.
"PersistTest.AutoLayout_NoEditorBlock" end time: Mar 05 23:35 CET
"PersistTest.AutoLayout_NoEditorBlock" time elapsed: 00:00:00
----------------------------------------------------------

267/270 Testing: SimulationTest.WireIsEnergized_ActiveCircuit
267/270 Test: SimulationTest.WireIsEnergized_ActiveCircuit
Command: "/Users/vladimir/an24_cpp/build/tests/editor_simulation_tests" "--gtest_filter=SimulationTest.WireIsEnergized_ActiveCircuit" "--gtest_also_run_disabled_tests"
Directory: /Users/vladimir/an24_cpp/build/tests
"SimulationTest.WireIsEnergized_ActiveCircuit" start time: Mar 05 23:35 CET
Output:
----------------------------------------------------------
Running main() from /Users/vladimir/an24_cpp/build/_deps/googletest-src/googletest/src/gtest_main.cc
Note: Google Test filter = SimulationTest.WireIsEnergized_ActiveCircuit
[==========] Running 1 test from 1 test suite.
[----------] Global test environment set-up.
[----------] 1 test from SimulationTest
[ RUN      ] SimulationTest.WireIsEnergized_ActiveCircuit
[2026-03-05 23:35:22.123] [info] [json_parser] Loaded 26 component definitions from 'components/'
[2026-03-05 23:35:22.124] [info] [json_parser] Loaded 26 component definitions
[2026-03-05 23:35:22.124] [info] Built JIT systems: 3 signals, 0 fixed
[       OK ] SimulationTest.WireIsEnergized_ActiveCircuit (1 ms)
[----------] 1 test from SimulationTest (1 ms total)

[----------] Global test environment tear-down
[==========] 1 test from 1 test suite ran. (1 ms total)
[  PASSED  ] 1 test.
<end of output>
Test time =   0.00 sec
----------------------------------------------------------
Test Passed.
"SimulationTest.WireIsEnergized_ActiveCircuit" end time: Mar 05 23:35 CET
"SimulationTest.WireIsEnergized_ActiveCircuit" time elapsed: 00:00:00
----------------------------------------------------------

260/270 Testing: SimulationTest.StepCounterIncrements
260/270 Test: SimulationTest.StepCounterIncrements
Command: "/Users/vladimir/an24_cpp/build/tests/editor_simulation_tests" "--gtest_filter=SimulationTest.StepCounterIncrements" "--gtest_also_run_disabled_tests"
Directory: /Users/vladimir/an24_cpp/build/tests
"SimulationTest.StepCounterIncrements" start time: Mar 05 23:35 CET
Output:
----------------------------------------------------------
Running main() from /Users/vladimir/an24_cpp/build/_deps/googletest-src/googletest/src/gtest_main.cc
Note: Google Test filter = SimulationTest.StepCounterIncrements
[==========] Running 1 test from 1 test suite.
[----------] Global test environment set-up.
[----------] 1 test from SimulationTest
[ RUN      ] SimulationTest.StepCounterIncrements
[2026-03-05 23:35:22.123] [info] [json_parser] Loaded 26 component definitions from 'components/'
[2026-03-05 23:35:22.124] [info] [json_parser] Loaded 26 component definitions
[2026-03-05 23:35:22.124] [info] Built JIT systems: 3 signals, 0 fixed
[       OK ] SimulationTest.StepCounterIncrements (0 ms)
[----------] 1 test from SimulationTest (0 ms total)

[----------] Global test environment tear-down
[==========] 1 test from 1 test suite ran. (0 ms total)
[  PASSED  ] 1 test.
<end of output>
Test time =   0.00 sec
----------------------------------------------------------
Test Passed.
"SimulationTest.StepCounterIncrements" end time: Mar 05 23:35 CET
"SimulationTest.StepCounterIncrements" time elapsed: 00:00:00
----------------------------------------------------------

56/270 Testing: ViewportTest.DefaultValues
56/270 Test: ViewportTest.DefaultValues
Command: "/Users/vladimir/an24_cpp/build/tests/editor_viewport_tests" "--gtest_filter=ViewportTest.DefaultValues" "--gtest_also_run_disabled_tests"
Directory: /Users/vladimir/an24_cpp/build/tests
"ViewportTest.DefaultValues" start time: Mar 05 23:35 CET
Output:
----------------------------------------------------------
Running main() from /Users/vladimir/an24_cpp/build/_deps/googletest-src/googletest/src/gtest_main.cc
Note: Google Test filter = ViewportTest.DefaultValues
[==========] Running 1 test from 1 test suite.
[----------] Global test environment set-up.
[----------] 1 test from ViewportTest
[ RUN      ] ViewportTest.DefaultValues
[       OK ] ViewportTest.DefaultValues (0 ms)
[----------] 1 test from ViewportTest (0 ms total)

[----------] Global test environment tear-down
[==========] 1 test from 1 test suite ran. (0 ms total)
[  PASSED  ] 1 test.
<end of output>
Test time =   0.00 sec
----------------------------------------------------------
Test Passed.
"ViewportTest.DefaultValues" end time: Mar 05 23:35 CET
"ViewportTest.DefaultValues" time elapsed: 00:00:00
----------------------------------------------------------

51/270 Testing: PersistTest.NodeKind_Roundtrip_Bus
51/270 Test: PersistTest.NodeKind_Roundtrip_Bus
Command: "/Users/vladimir/an24_cpp/build/tests/editor_persist_tests" "--gtest_filter=PersistTest.NodeKind_Roundtrip_Bus" "--gtest_also_run_disabled_tests"
Directory: /Users/vladimir/an24_cpp/build/tests
"PersistTest.NodeKind_Roundtrip_Bus" start time: Mar 05 23:35 CET
Output:
----------------------------------------------------------
Running main() from /Users/vladimir/an24_cpp/build/_deps/googletest-src/googletest/src/gtest_main.cc
Note: Google Test filter = PersistTest.NodeKind_Roundtrip_Bus
[==========] Running 1 test from 1 test suite.
[----------] Global test environment set-up.
[----------] 1 test from PersistTest
[ RUN      ] PersistTest.NodeKind_Roundtrip_Bus
[2026-03-05 23:35:22.127] [info] [json_parser] Loaded 26 component definitions from 'components/'
[2026-03-05 23:35:22.128] [info] [json_parser] Loaded 26 component definitions
[       OK ] PersistTest.NodeKind_Roundtrip_Bus (2 ms)
[----------] 1 test from PersistTest (2 ms total)

[----------] Global test environment tear-down
[==========] 1 test from 1 test suite ran. (2 ms total)
[  PASSED  ] 1 test.
<end of output>
Test time =   0.01 sec
----------------------------------------------------------
Test Passed.
"PersistTest.NodeKind_Roundtrip_Bus" end time: Mar 05 23:35 CET
"PersistTest.NodeKind_Roundtrip_Bus" time elapsed: 00:00:00
----------------------------------------------------------

157/270 Testing: JsonParserTest.ParseConnectionFormats
157/270 Test: JsonParserTest.ParseConnectionFormats
Command: "/Users/vladimir/an24_cpp/build/tests/json_parser_tests" "--gtest_filter=JsonParserTest.ParseConnectionFormats" "--gtest_also_run_disabled_tests"
Directory: /Users/vladimir/an24_cpp/build/tests
"JsonParserTest.ParseConnectionFormats" start time: Mar 05 23:35 CET
Output:
----------------------------------------------------------
Running main() from /Users/vladimir/an24_cpp/build/_deps/googletest-src/googletest/src/gtest_main.cc
Note: Google Test filter = JsonParserTest.ParseConnectionFormats
[==========] Running 1 test from 1 test suite.
[----------] Global test environment set-up.
[----------] 1 test from JsonParserTest
[ RUN      ] JsonParserTest.ParseConnectionFormats
[2026-03-05 23:35:22.126] [info] [json_parser] Loaded 26 component definitions from 'components/'
[2026-03-05 23:35:22.127] [info] [json_parser] Loaded 26 component definitions
[2026-03-05 23:35:22.128] [info] [json_parser] Loaded 26 component definitions from 'components/'
[2026-03-05 23:35:22.128] [info] [json_parser] Loaded 26 component definitions
[       OK ] JsonParserTest.ParseConnectionFormats (1 ms)
[----------] 1 test from JsonParserTest (1 ms total)

[----------] Global test environment tear-down
[==========] 1 test from 1 test suite ran. (1 ms total)
[  PASSED  ] 1 test.
<end of output>
Test time =   0.01 sec
----------------------------------------------------------
Test Passed.
"JsonParserTest.ParseConnectionFormats" end time: Mar 05 23:35 CET
"JsonParserTest.ParseConnectionFormats" time elapsed: 00:00:00
----------------------------------------------------------

264/270 Testing: SimulationTest.GroundRemainsZero
264/270 Test: SimulationTest.GroundRemainsZero
Command: "/Users/vladimir/an24_cpp/build/tests/editor_simulation_tests" "--gtest_filter=SimulationTest.GroundRemainsZero" "--gtest_also_run_disabled_tests"
Directory: /Users/vladimir/an24_cpp/build/tests
"SimulationTest.GroundRemainsZero" start time: Mar 05 23:35 CET
Output:
----------------------------------------------------------
Running main() from /Users/vladimir/an24_cpp/build/_deps/googletest-src/googletest/src/gtest_main.cc
Note: Google Test filter = SimulationTest.GroundRemainsZero
[==========] Running 1 test from 1 test suite.
[----------] Global test environment set-up.
[----------] 1 test from SimulationTest
[ RUN      ] SimulationTest.GroundRemainsZero
[2026-03-05 23:35:22.127] [info] [json_parser] Loaded 26 component definitions from 'components/'
[2026-03-05 23:35:22.127] [info] [json_parser] Loaded 26 component definitions
[2026-03-05 23:35:22.128] [info] Built JIT systems: 3 signals, 0 fixed
[       OK ] SimulationTest.GroundRemainsZero (2 ms)
[----------] 1 test from SimulationTest (2 ms total)

[----------] Global test environment tear-down
[==========] 1 test from 1 test suite ran. (2 ms total)
[  PASSED  ] 1 test.
<end of output>
Test time =   0.01 sec
----------------------------------------------------------
Test Passed.
"SimulationTest.GroundRemainsZero" end time: Mar 05 23:35 CET
"SimulationTest.GroundRemainsZero" time elapsed: 00:00:00
----------------------------------------------------------

53/270 Testing: PersistTest.NodeKind_Roundtrip_Node
53/270 Test: PersistTest.NodeKind_Roundtrip_Node
Command: "/Users/vladimir/an24_cpp/build/tests/editor_persist_tests" "--gtest_filter=PersistTest.NodeKind_Roundtrip_Node" "--gtest_also_run_disabled_tests"
Directory: /Users/vladimir/an24_cpp/build/tests
"PersistTest.NodeKind_Roundtrip_Node" start time: Mar 05 23:35 CET
Output:
----------------------------------------------------------
Running main() from /Users/vladimir/an24_cpp/build/_deps/googletest-src/googletest/src/gtest_main.cc
Note: Google Test filter = PersistTest.NodeKind_Roundtrip_Node
[==========] Running 1 test from 1 test suite.
[----------] Global test environment set-up.
[----------] 1 test from PersistTest
[ RUN      ] PersistTest.NodeKind_Roundtrip_Node
[2026-03-05 23:35:22.128] [info] [json_parser] Loaded 26 component definitions from 'components/'
[2026-03-05 23:35:22.129] [info] [json_parser] Loaded 26 component definitions
[       OK ] PersistTest.NodeKind_Roundtrip_Node (0 ms)
[----------] 1 test from PersistTest (0 ms total)

[----------] Global test environment tear-down
[==========] 1 test from 1 test suite ran. (0 ms total)
[  PASSED  ] 1 test.
<end of output>
Test time =   0.01 sec
----------------------------------------------------------
Test Passed.
"PersistTest.NodeKind_Roundtrip_Node" end time: Mar 05 23:35 CET
"PersistTest.NodeKind_Roundtrip_Node" time elapsed: 00:00:00
----------------------------------------------------------

261/270 Testing: SimulationTest.RunningFlag
261/270 Test: SimulationTest.RunningFlag
Command: "/Users/vladimir/an24_cpp/build/tests/editor_simulation_tests" "--gtest_filter=SimulationTest.RunningFlag" "--gtest_also_run_disabled_tests"
Directory: /Users/vladimir/an24_cpp/build/tests
"SimulationTest.RunningFlag" start time: Mar 05 23:35 CET
Output:
----------------------------------------------------------
Running main() from /Users/vladimir/an24_cpp/build/_deps/googletest-src/googletest/src/gtest_main.cc
Note: Google Test filter = SimulationTest.RunningFlag
[==========] Running 1 test from 1 test suite.
[----------] Global test environment set-up.
[----------] 1 test from SimulationTest
[ RUN      ] SimulationTest.RunningFlag
[2026-03-05 23:35:22.130] [info] [json_parser] Loaded 26 component definitions from 'components/'
[2026-03-05 23:35:22.130] [info] [json_parser] Loaded 26 component definitions
[2026-03-05 23:35:22.130] [info] Built JIT systems: 3 signals, 0 fixed
[       OK ] SimulationTest.RunningFlag (1 ms)
[----------] 1 test from SimulationTest (1 ms total)

[----------] Global test environment tear-down
[==========] 1 test from 1 test suite ran. (1 ms total)
[  PASSED  ] 1 test.
<end of output>
Test time =   0.01 sec
----------------------------------------------------------
Test Passed.
"SimulationTest.RunningFlag" end time: Mar 05 23:35 CET
"SimulationTest.RunningFlag" time elapsed: 00:00:00
----------------------------------------------------------

263/270 Testing: SimulationTest.BatteryVoltageConverges
263/270 Test: SimulationTest.BatteryVoltageConverges
Command: "/Users/vladimir/an24_cpp/build/tests/editor_simulation_tests" "--gtest_filter=SimulationTest.BatteryVoltageConverges" "--gtest_also_run_disabled_tests"
Directory: /Users/vladimir/an24_cpp/build/tests
"SimulationTest.BatteryVoltageConverges" start time: Mar 05 23:35 CET
Output:
----------------------------------------------------------
Running main() from /Users/vladimir/an24_cpp/build/_deps/googletest-src/googletest/src/gtest_main.cc
Note: Google Test filter = SimulationTest.BatteryVoltageConverges
[==========] Running 1 test from 1 test suite.
[----------] Global test environment set-up.
[----------] 1 test from SimulationTest
[ RUN      ] SimulationTest.BatteryVoltageConverges
[2026-03-05 23:35:22.131] [info] [json_parser] Loaded 26 component definitions from 'components/'
[2026-03-05 23:35:22.131] [info] [json_parser] Loaded 26 component definitions
[2026-03-05 23:35:22.131] [info] Built JIT systems: 3 signals, 0 fixed
[       OK ] SimulationTest.BatteryVoltageConverges (2 ms)
[----------] 1 test from SimulationTest (2 ms total)

[----------] Global test environment tear-down
[==========] 1 test from 1 test suite ran. (2 ms total)
[  PASSED  ] 1 test.
<end of output>
Test time =   0.01 sec
----------------------------------------------------------
Test Passed.
"SimulationTest.BatteryVoltageConverges" end time: Mar 05 23:35 CET
"SimulationTest.BatteryVoltageConverges" time elapsed: 00:00:00
----------------------------------------------------------

8/270 Testing: RegressionTest.BusAndGroundSignalsSeparate
8/270 Test: RegressionTest.BusAndGroundSignalsSeparate
Command: "/Users/vladimir/an24_cpp/build/tests/jit_solver_tests" "--gtest_filter=RegressionTest.BusAndGroundSignalsSeparate" "--gtest_also_run_disabled_tests"
Directory: /Users/vladimir/an24_cpp/build/tests
"RegressionTest.BusAndGroundSignalsSeparate" start time: Mar 05 23:35 CET
Output:
----------------------------------------------------------
Running main() from /Users/vladimir/an24_cpp/build/_deps/googletest-src/googletest/src/gtest_main.cc
Note: Google Test filter = RegressionTest.BusAndGroundSignalsSeparate
[==========] Running 1 test from 1 test suite.
[----------] Global test environment set-up.
[----------] 1 test from RegressionTest
[ RUN      ] RegressionTest.BusAndGroundSignalsSeparate
[2026-03-05 23:35:22.131] [info] Built JIT systems: 5 signals, 1 fixed
[       OK ] RegressionTest.BusAndGroundSignalsSeparate (0 ms)
[----------] 1 test from RegressionTest (0 ms total)

[----------] Global test environment tear-down
[==========] 1 test from 1 test suite ran. (0 ms total)
[  PASSED  ] 1 test.
<end of output>
Test time =   0.00 sec
----------------------------------------------------------
Test Passed.
"RegressionTest.BusAndGroundSignalsSeparate" end time: Mar 05 23:35 CET
"RegressionTest.BusAndGroundSignalsSeparate" time elapsed: 00:00:00
----------------------------------------------------------

160/270 Testing: JsonParserTest.InOutEnumExists_g7h8
160/270 Test: JsonParserTest.InOutEnumExists_g7h8
Command: "/Users/vladimir/an24_cpp/build/tests/json_parser_tests" "--gtest_filter=JsonParserTest.InOutEnumExists_g7h8" "--gtest_also_run_disabled_tests"
Directory: /Users/vladimir/an24_cpp/build/tests
"JsonParserTest.InOutEnumExists_g7h8" start time: Mar 05 23:35 CET
Output:
----------------------------------------------------------
Running main() from /Users/vladimir/an24_cpp/build/_deps/googletest-src/googletest/src/gtest_main.cc
Note: Google Test filter = JsonParserTest.InOutEnumExists_g7h8
[==========] Running 1 test from 1 test suite.
[----------] Global test environment set-up.
[----------] 1 test from JsonParserTest
[ RUN      ] JsonParserTest.InOutEnumExists_g7h8
[       OK ] JsonParserTest.InOutEnumExists_g7h8 (0 ms)
[----------] 1 test from JsonParserTest (0 ms total)

[----------] Global test environment tear-down
[==========] 1 test from 1 test suite ran. (0 ms total)
[  PASSED  ] 1 test.
<end of output>
Test time =   0.00 sec
----------------------------------------------------------
Test Passed.
"JsonParserTest.InOutEnumExists_g7h8" end time: Mar 05 23:35 CET
"JsonParserTest.InOutEnumExists_g7h8" time elapsed: 00:00:00
----------------------------------------------------------

6/270 Testing: BuildSystemsTest.ConnectionsMergeSignals
6/270 Test: BuildSystemsTest.ConnectionsMergeSignals
Command: "/Users/vladimir/an24_cpp/build/tests/jit_solver_tests" "--gtest_filter=BuildSystemsTest.ConnectionsMergeSignals" "--gtest_also_run_disabled_tests"
Directory: /Users/vladimir/an24_cpp/build/tests
"BuildSystemsTest.ConnectionsMergeSignals" start time: Mar 05 23:35 CET
Output:
----------------------------------------------------------
Running main() from /Users/vladimir/an24_cpp/build/_deps/googletest-src/googletest/src/gtest_main.cc
Note: Google Test filter = BuildSystemsTest.ConnectionsMergeSignals
[==========] Running 1 test from 1 test suite.
[----------] Global test environment set-up.
[----------] 1 test from BuildSystemsTest
[ RUN      ] BuildSystemsTest.ConnectionsMergeSignals
[2026-03-05 23:35:22.134] [info] Built JIT systems: 5 signals, 1 fixed
[       OK ] BuildSystemsTest.ConnectionsMergeSignals (0 ms)
[----------] 1 test from BuildSystemsTest (0 ms total)

[----------] Global test environment tear-down
[==========] 1 test from 1 test suite ran. (0 ms total)
[  PASSED  ] 1 test.
[...]
[----------] 1 test from RouterTest
[ RUN      ] RouterTest.PortDepartureBus
[       OK ] RouterTest.PortDepartureBus (0 ms)
[----------] 1 test from RouterTest (0 ms total)

[----------] Global test environment tear-down
[==========] 1 test from 1 test suite ran. (0 ms total)
[  PASSED  ] 1 test.
<end of output>
Test time =   0.00 sec
----------------------------------------------------------
Test Passed.
"RouterTest.PortDepartureBus" end time: Mar 05 23:35 CET
"RouterTest.PortDepartureBus" time elapsed: 00:00:00
----------------------------------------------------------

86/270 Testing: RenderTest.RenderTooltip_DrawsTextAndBackground
86/270 Test: RenderTest.RenderTooltip_DrawsTextAndBackground
Command: "/Users/vladimir/an24_cpp/build/tests/editor_render_tests" "--gtest_filter=RenderTest.RenderTooltip_DrawsTextAndBackground" "--gtest_also_run_disabled_tests"
Directory: /Users/vladimir/an24_cpp/build/tests
"RenderTest.RenderTooltip_DrawsTextAndBackground" start time: Mar 05 23:35 CET
Output:
----------------------------------------------------------
Running main() from /Users/vladimir/an24_cpp/build/_deps/googletest-src/googletest/src/gtest_main.cc
Note: Google Test filter = RenderTest.RenderTooltip_DrawsTextAndBackground
[==========] Running 1 test from 1 test suite.
[----------] Global test environment set-up.
[----------] 1 test from RenderTest
[ RUN      ] RenderTest.RenderTooltip_DrawsTextAndBackground
[       OK ] RenderTest.RenderTooltip_DrawsTextAndBackground (0 ms)
[----------] 1 test from RenderTest (0 ms total)

[----------] Global test environment tear-down
[==========] 1 test from 1 test suite ran. (0 ms total)
[  PASSED  ] 1 test.
<end of output>
Test time =   0.00 sec
----------------------------------------------------------
Test Passed.
"RenderTest.RenderTooltip_DrawsTextAndBackground" end time: Mar 05 23:35 CET
"RenderTest.RenderTooltip_DrawsTextAndBackground" time elapsed: 00:00:00
----------------------------------------------------------

41/270 Testing: BlueprintTest.FindNode
41/270 Test: BlueprintTest.FindNode
Command: "/Users/vladimir/an24_cpp/build/tests/editor_data_tests" "--gtest_filter=BlueprintTest.FindNode" "--gtest_also_run_disabled_tests"
Directory: /Users/vladimir/an24_cpp/build/tests
"BlueprintTest.FindNode" start time: Mar 05 23:35 CET
Output:
----------------------------------------------------------
Running main() from /Users/vladimir/an24_cpp/build/_deps/googletest-src/googletest/src/gtest_main.cc
Note: Google Test filter = BlueprintTest.FindNode
[==========] Running 1 test from 1 test suite.
[----------] Global test environment set-up.
[----------] 1 test from BlueprintTest
[ RUN      ] BlueprintTest.FindNode
[       OK ] BlueprintTest.FindNode (0 ms)
[----------] 1 test from BlueprintTest (0 ms total)

[----------] Global test environment tear-down
[==========] 1 test from 1 test suite ran. (0 ms total)
[  PASSED  ] 1 test.
<end of output>
Test time =   0.00 sec
----------------------------------------------------------
Test Passed.
"BlueprintTest.FindNode" end time: Mar 05 23:35 CET
"BlueprintTest.FindNode" time elapsed: 00:00:00
----------------------------------------------------------

251/270 Testing: IPersistableTest.NodeHasStableId
251/270 Test: IPersistableTest.NodeHasStableId
Command: "/Users/vladimir/an24_cpp/build/tests/editor_widget_tests" "--gtest_filter=IPersistableTest.NodeHasStableId" "--gtest_also_run_disabled_tests"
Directory: /Users/vladimir/an24_cpp/build/tests
"IPersistableTest.NodeHasStableId" start time: Mar 05 23:35 CET
Output:
----------------------------------------------------------
Running main() from /Users/vladimir/an24_cpp/build/_deps/googletest-src/googletest/src/gtest_main.cc
Note: Google Test filter = IPersistableTest.NodeHasStableId
[==========] Running 1 test from 1 test suite.
[----------] Global test environment set-up.
[----------] 1 test from IPersistableTest
[ RUN      ] IPersistableTest.NodeHasStableId
[       OK ] IPersistableTest.NodeHasStableId (0 ms)
[----------] 1 test from IPersistableTest (0 ms total)

[----------] Global test environment tear-down
[==========] 1 test from 1 test suite ran. (0 ms total)
[  PASSED  ] 1 test.
<end of output>
Test time =   0.00 sec
----------------------------------------------------------
Test Passed.
"IPersistableTest.NodeHasStableId" end time: Mar 05 23:35 CET
"IPersistableTest.NodeHasStableId" time elapsed: 00:00:00
----------------------------------------------------------

87/270 Testing: RenderTest.RenderTooltip_InactiveDoesNothing
87/270 Test: RenderTest.RenderTooltip_InactiveDoesNothing
Command: "/Users/vladimir/an24_cpp/build/tests/editor_render_tests" "--gtest_filter=RenderTest.RenderTooltip_InactiveDoesNothing" "--gtest_also_run_disabled_tests"
Directory: /Users/vladimir/an24_cpp/build/tests
"RenderTest.RenderTooltip_InactiveDoesNothing" start time: Mar 05 23:35 CET
Output:
----------------------------------------------------------
Running main() from /Users/vladimir/an24_cpp/build/_deps/googletest-src/googletest/src/gtest_main.cc
Note: Google Test filter = RenderTest.RenderTooltip_InactiveDoesNothing
[==========] Running 1 test from 1 test suite.
[----------] Global test environment set-up.
[----------] 1 test from RenderTest
[ RUN      ] RenderTest.RenderTooltip_InactiveDoesNothing
[       OK ] RenderTest.RenderTooltip_InactiveDoesNothing (0 ms)
[----------] 1 test from RenderTest (0 ms total)

[----------] Global test environment tear-down
[==========] 1 test from 1 test suite ran. (0 ms total)
[  PASSED  ] 1 test.
<end of output>
Test time =   0.00 sec
----------------------------------------------------------
Test Passed.
"RenderTest.RenderTooltip_InactiveDoesNothing" end time: Mar 05 23:35 CET
"RenderTest.RenderTooltip_InactiveDoesNothing" time elapsed: 00:00:00
----------------------------------------------------------

83/270 Testing: RenderTest.WireHighlighting_WithoutSimulation_NoYellow
83/270 Test: RenderTest.WireHighlighting_WithoutSimulation_NoYellow
Command: "/Users/vladimir/an24_cpp/build/tests/editor_render_tests" "--gtest_filter=RenderTest.WireHighlighting_WithoutSimulation_NoYellow" "--gtest_also_run_disabled_tests"
Directory: /Users/vladimir/an24_cpp/build/tests
"RenderTest.WireHighlighting_WithoutSimulation_NoYellow" start time: Mar 05 23:35 CET
Output:
----------------------------------------------------------
Running main() from /Users/vladimir/an24_cpp/build/_deps/googletest-src/googletest/src/gtest_main.cc
Note: Google Test filter = RenderTest.WireHighlighting_WithoutSimulation_NoYellow
[==========] Running 1 test from 1 test suite.
[----------] Global test environment set-up.
[----------] 1 test from RenderTest
[ RUN      ] RenderTest.WireHighlighting_WithoutSimulation_NoYellow
[       OK ] RenderTest.WireHighlighting_WithoutSimulation_NoYellow (0 ms)
[----------] 1 test from RenderTest (0 ms total)

[----------] Global test environment tear-down
[==========] 1 test from 1 test suite ran. (0 ms total)
[  PASSED  ] 1 test.
<end of output>
Test time =   0.00 sec
----------------------------------------------------------
Test Passed.
"RenderTest.WireHighlighting_WithoutSimulation_NoYellow" end time: Mar 05 23:35 CET
"RenderTest.WireHighlighting_WithoutSimulation_NoYellow" time elapsed: 00:00:00
----------------------------------------------------------

81/270 Testing: RenderTest.Grid_DoesNotCrash
81/270 Test: RenderTest.Grid_DoesNotCrash
Command: "/Users/vladimir/an24_cpp/build/tests/editor_render_tests" "--gtest_filter=RenderTest.Grid_DoesNotCrash" "--gtest_also_run_disabled_tests"
Directory: /Users/vladimir/an24_cpp/build/tests
"RenderTest.Grid_DoesNotCrash" start time: Mar 05 23:35 CET
Output:
----------------------------------------------------------
Running main() from /Users/vladimir/an24_cpp/build/_deps/googletest-src/googletest/src/gtest_main.cc
Note: Google Test filter = RenderTest.Grid_DoesNotCrash
[==========] Running 1 test from 1 test suite.
[----------] Global test environment set-up.
[----------] 1 test from RenderTest
[ RUN      ] RenderTest.Grid_DoesNotCrash
[       OK ] RenderTest.Grid_DoesNotCrash (0 ms)
[----------] 1 test from RenderTest (0 ms total)

[----------] Global test environment tear-down
[==========] 1 test from 1 test suite ran. (0 ms total)
[  PASSED  ] 1 test.
<end of output>
Test time =   0.00 sec
----------------------------------------------------------
Test Passed.
"RenderTest.Grid_DoesNotCrash" end time: Mar 05 23:35 CET
"RenderTest.Grid_DoesNotCrash" time elapsed: 00:00:00
----------------------------------------------------------

80/270 Testing: RenderTest.Wire_RendersLine
80/270 Test: RenderTest.Wire_RendersLine
Command: "/Users/vladimir/an24_cpp/build/tests/editor_render_tests" "--gtest_filter=RenderTest.Wire_RendersLine" "--gtest_also_run_disabled_tests"
Directory: /Users/vladimir/an24_cpp/build/tests
"RenderTest.Wire_RendersLine" start time: Mar 05 23:35 CET
Output:
----------------------------------------------------------
Running main() from /Users/vladimir/an24_cpp/build/_deps/googletest-src/googletest/src/gtest_main.cc
Note: Google Test filter = RenderTest.Wire_RendersLine
[==========] Running 1 test from 1 test suite.
[----------] Global test environment set-up.
[----------] 1 test from RenderTest
[ RUN      ] RenderTest.Wire_RendersLine
[       OK ] RenderTest.Wire_RendersLine (0 ms)
[----------] 1 test from RenderTest (0 ms total)

[----------] Global test environment tear-down
[==========] 1 test from 1 test suite ran. (0 ms total)
[  PASSED  ] 1 test.
<end of output>
Test time =   0.00 sec
----------------------------------------------------------
Test Passed.
"RenderTest.Wire_RendersLine" end time: Mar 05 23:35 CET
"RenderTest.Wire_RendersLine" time elapsed: 00:00:00
----------------------------------------------------------

110/270 Testing: RegressionBusPort.SetSizeDoesNotCorruptPortPositions
110/270 Test: RegressionBusPort.SetSizeDoesNotCorruptPortPositions
Command: "/Users/vladimir/an24_cpp/build/tests/editor_hittest_tests" "--gtest_filter=RegressionBusPort.SetSizeDoesNotCorruptPortPositions" "--gtest_also_run_disabled_tests"
Directory: /Users/vladimir/an24_cpp/build/tests
"RegressionBusPort.SetSizeDoesNotCorruptPortPositions" start time: Mar 05 23:35 CET
Output:
----------------------------------------------------------
Running main() from /Users/vladimir/an24_cpp/build/_deps/googletest-src/googletest/src/gtest_main.cc
Note: Google Test filter = RegressionBusPort.SetSizeDoesNotCorruptPortPositions
[==========] Running 1 test from 1 test suite.
[----------] Global test environment set-up.
[----------] 1 test from RegressionBusPort
[ RUN      ] RegressionBusPort.SetSizeDoesNotCorruptPortPositions
[       OK ] RegressionBusPort.SetSizeDoesNotCorruptPortPositions (0 ms)
[----------] 1 test from RegressionBusPort (0 ms total)

[----------] Global test environment tear-down
[==========] 1 test from 1 test suite ran. (0 ms total)
[  PASSED  ] 1 test.
<end of output>
Test time =   0.00 sec
----------------------------------------------------------
Test Passed.
"RegressionBusPort.SetSizeDoesNotCorruptPortPositions" end time: Mar 05 23:35 CET
"RegressionBusPort.SetSizeDoesNotCorruptPortPositions" time elapsed: 00:00:00
----------------------------------------------------------

111/270 Testing: RegressionBusPort.CachedAndFreshVisualsAgreeOnPortPosition
111/270 Test: RegressionBusPort.CachedAndFreshVisualsAgreeOnPortPosition
Command: "/Users/vladimir/an24_cpp/build/tests/editor_hittest_tests" "--gtest_filter=RegressionBusPort.CachedAndFreshVisualsAgreeOnPortPosition" "--gtest_also_run_disabled_tests"
Directory: /Users/vladimir/an24_cpp/build/tests
"RegressionBusPort.CachedAndFreshVisualsAgreeOnPortPosition" start time: Mar 05 23:35 CET
Output:
----------------------------------------------------------
Running main() from /Users/vladimir/an24_cpp/build/_deps/googletest-src/googletest/src/gtest_main.cc
Note: Google Test filter = RegressionBusPort.CachedAndFreshVisualsAgreeOnPortPosition
[==========] Running 1 test from 1 test suite.
[----------] Global test environment set-up.
[----------] 1 test from RegressionBusPort
[ RUN      ] RegressionBusPort.CachedAndFreshVisualsAgreeOnPortPosition
[       OK ] RegressionBusPort.CachedAndFreshVisualsAgreeOnPortPosition (0 ms)
[----------] 1 test from RegressionBusPort (0 ms total)

[----------] Global test environment tear-down
[==========] 1 test from 1 test suite ran. (0 ms total)
[  PASSED  ] 1 test.
<end of output>
Test time =   0.00 sec
----------------------------------------------------------
Test Passed.
"RegressionBusPort.CachedAndFreshVisualsAgreeOnPortPosition" end time: Mar 05 23:35 CET
"RegressionBusPort.CachedAndFreshVisualsAgreeOnPortPosition" time elapsed: 00:00:00
----------------------------------------------------------

112/270 Testing: RegressionBusPort.HitTestFindsPortAfterSetSize
112/270 Test: RegressionBusPort.HitTestFindsPortAfterSetSize
Command: "/Users/vladimir/an24_cpp/build/tests/editor_hittest_tests" "--gtest_filter=RegressionBusPort.HitTestFindsPortAfterSetSize" "--gtest_also_run_disabled_tests"
Directory: /Users/vladimir/an24_cpp/build/tests
"RegressionBusPort.HitTestFindsPortAfterSetSize" start time: Mar 05 23:35 CET
Output:
----------------------------------------------------------
Running main() from /Users/vladimir/an24_cpp/build/_deps/googletest-src/googletest/src/gtest_main.cc
Note: Google Test filter = RegressionBusPort.HitTestFindsPortAfterSetSize
[==========] Running 1 test from 1 test suite.
[----------] Global test environment set-up.
[----------] 1 test from RegressionBusPort
[ RUN      ] RegressionBusPort.HitTestFindsPortAfterSetSize
[       OK ] RegressionBusPort.HitTestFindsPortAfterSetSize (0 ms)
[----------] 1 test from RegressionBusPort (0 ms total)

[----------] Global test environment tear-down
[==========] 1 test from 1 test suite ran. (0 ms total)
[  PASSED  ] 1 test.
<end of output>
Test time =   0.00 sec
----------------------------------------------------------
Test Passed.
"RegressionBusPort.HitTestFindsPortAfterSetSize" end time: Mar 05 23:35 CET
"RegressionBusPort.HitTestFindsPortAfterSetSize" time elapsed: 00:00:00
----------------------------------------------------------

113/270 Testing: RegressionBusPort.ConnectWireUpdatesWiresList
113/270 Test: RegressionBusPort.ConnectWireUpdatesWiresList
Command: "/Users/vladimir/an24_cpp/build/tests/editor_hittest_tests" "--gtest_filter=RegressionBusPort.ConnectWireUpdatesWiresList" "--gtest_also_run_disabled_tests"
Directory: /Users/vladimir/an24_cpp/build/tests
"RegressionBusPort.ConnectWireUpdatesWiresList" start time: Mar 05 23:35 CET
Output:
----------------------------------------------------------
Running main() from /Users/vladimir/an24_cpp/build/_deps/googletest-src/googletest/src/gtest_main.cc
Note: Google Test filter = RegressionBusPort.ConnectWireUpdatesWiresList
[==========] Running 1 test from 1 test suite.
[----------] Global test environment set-up.
[----------] 1 test from RegressionBusPort
[ RUN      ] RegressionBusPort.ConnectWireUpdatesWiresList
[       OK ] RegressionBusPort.ConnectWireUpdatesWiresList (0 ms)
[----------] 1 test from RegressionBusPort (0 ms total)

[----------] Global test environment tear-down
[==========] 1 test from 1 test suite ran. (0 ms total)
[  PASSED  ] 1 test.
<end of output>
Test time =   0.00 sec
----------------------------------------------------------
Test Passed.
"RegressionBusPort.ConnectWireUpdatesWiresList" end time: Mar 05 23:35 CET
"RegressionBusPort.ConnectWireUpdatesWiresList" time elapsed: 00:00:00
----------------------------------------------------------

114/270 Testing: RegressionBusPort.GetPortPositionWireIdCorrectIndex
114/270 Test: RegressionBusPort.GetPortPositionWireIdCorrectIndex
Command: "/Users/vladimir/an24_cpp/build/tests/editor_hittest_tests" "--gtest_filter=RegressionBusPort.GetPortPositionWireIdCorrectIndex" "--gtest_also_run_disabled_tests"
Directory: /Users/vladimir/an24_cpp/build/tests
"RegressionBusPort.GetPortPositionWireIdCorrectIndex" start time: Mar 05 23:35 CET
Output:
----------------------------------------------------------
Running main() from /Users/vladimir/an24_cpp/build/_deps/googletest-src/googletest/src/gtest_main.cc
Note: Google Test filter = RegressionBusPort.GetPortPositionWireIdCorrectIndex
[==========] Running 1 test from 1 test suite.
[----------] Global test environment set-up.
[----------] 1 test from RegressionBusPort
[ RUN      ] RegressionBusPort.GetPortPositionWireIdCorrectIndex
[       OK ] RegressionBusPort.GetPortPositionWireIdCorrectIndex (0 ms)
[----------] 1 test from RegressionBusPort (0 ms total)

[----------] Global test environment tear-down
[==========] 1 test from 1 test suite ran. (0 ms total)
[  PASSED  ] 1 test.
<end of output>
Test time =   0.00 sec
----------------------------------------------------------
Test Passed.
"RegressionBusPort.GetPortPositionWireIdCorrectIndex" end time: Mar 05 23:35 CET
"RegressionBusPort.GetPortPositionWireIdCorrectIndex" time elapsed: 00:00:00
----------------------------------------------------------

115/270 Testing: RegressionRefPort.RefNodeUsesActualPortName
115/270 Test: RegressionRefPort.RefNodeUsesActualPortName
Command: "/Users/vladimir/an24_cpp/build/tests/editor_hittest_tests" "--gtest_filter=RegressionRefPort.RefNodeUsesActualPortName" "--gtest_also_run_disabled_tests"
Directory: /Users/vladimir/an24_cpp/build/tests
"RegressionRefPort.RefNodeUsesActualPortName" start time: Mar 05 23:35 CET
Output:
----------------------------------------------------------
Running main() from /Users/vladimir/an24_cpp/build/_deps/googletest-src/googletest/src/gtest_main.cc
Note: Google Test filter = RegressionRefPort.RefNodeUsesActualPortName
[==========] Running 1 test from 1 test suite.
[----------] Global test environment set-up.
[----------] 1 test from RegressionRefPort
[ RUN      ] RegressionRefPort.RefNodeUsesActualPortName
[       OK ] RegressionRefPort.RefNodeUsesActualPortName (0 ms)
[----------] 1 test from RegressionRefPort (0 ms total)

[----------] Global test environment tear-down
[==========] 1 test from 1 test suite ran. (0 ms total)
[  PASSED  ] 1 test.
<end of output>
Test time =   0.00 sec
----------------------------------------------------------
Test Passed.
"RegressionRefPort.RefNodeUsesActualPortName" end time: Mar 05 23:35 CET
"RegressionRefPort.RefNodeUsesActualPortName" time elapsed: 00:00:00
----------------------------------------------------------

116/270 Testing: RegressionRefPort.HitTestReturnsCorrectPortName
116/270 Test: RegressionRefPort.HitTestReturnsCorrectPortName
Command: "/Users/vladimir/an24_cpp/build/tests/editor_hittest_tests" "--gtest_filter=RegressionRefPort.HitTestReturnsCorrectPortName" "--gtest_also_run_disabled_tests"
Directory: /Users/vladimir/an24_cpp/build/tests
"RegressionRefPort.HitTestReturnsCorrectPortName" start time: Mar 05 23:35 CET
Output:
----------------------------------------------------------
Running main() from /Users/vladimir/an24_cpp/build/_deps/googletest-src/googletest/src/gtest_main.cc
Note: Google Test filter = RegressionRefPort.HitTestReturnsCorrectPortName
[==========] Running 1 test from 1 test suite.
[----------] Global test environment set-up.
[----------] 1 test from RegressionRefPort
[ RUN      ] RegressionRefPort.HitTestReturnsCorrectPortName
[       OK ] RegressionRefPort.HitTestReturnsCorrectPortName (0 ms)
[----------] 1 test from RegressionRefPort (0 ms total)

[----------] Global test environment tear-down
[==========] 1 test from 1 test suite ran. (0 ms total)
[  PASSED  ] 1 test.
<end of output>
Test time =   0.00 sec
----------------------------------------------------------
Test Passed.
"RegressionRefPort.HitTestReturnsCorrectPortName" end time: Mar 05 23:35 CET
"RegressionRefPort.HitTestReturnsCorrectPortName" time elapsed: 00:00:00
----------------------------------------------------------

End testing: Mar 05 23:35 CET
