Start testing: Mar 05 17:03 CET
----------------------------------------------------------
13/221 Testing: RegressionTest.ClosedRelayNoConductance
13/221 Test: RegressionTest.ClosedRelayNoConductance
Command: "/Users/vladimir/an24_cpp/build/tests/jit_solver_tests" "--gtest_filter=RegressionTest.ClosedRelayNoConductance" "--gtest_also_run_disabled_tests"
Directory: /Users/vladimir/an24_cpp/build/tests
"RegressionTest.ClosedRelayNoConductance" start time: Mar 05 17:03 CET
Output:
----------------------------------------------------------
Running main() from /Users/vladimir/an24_cpp/build/_deps/googletest-src/googletest/src/gtest_main.cc
Note: Google Test filter = RegressionTest.ClosedRelayNoConductance
[==========] Running 1 test from 1 test suite.
[----------] Global test environment set-up.
[----------] 1 test from RegressionTest
[ RUN      ] RegressionTest.ClosedRelayNoConductance
[2026-03-05 17:03:33.303] [info] Built JIT systems: 4 signals, 1 fixed
[       OK ] RegressionTest.ClosedRelayNoConductance (1 ms)
[----------] 1 test from RegressionTest (1 ms total)

[----------] Global test environment tear-down
[==========] 1 test from 1 test suite ran. (1 ms total)
[  PASSED  ] 1 test.
<end of output>
Test time =   0.02 sec
----------------------------------------------------------
Test Passed.
"RegressionTest.ClosedRelayNoConductance" end time: Mar 05 17:03 CET
"RegressionTest.ClosedRelayNoConductance" time elapsed: 00:00:00
----------------------------------------------------------

9/221 Testing: RegressionTest.DCBusVoltageNonZero
9/221 Test: RegressionTest.DCBusVoltageNonZero
Command: "/Users/vladimir/an24_cpp/build/tests/jit_solver_tests" "--gtest_filter=RegressionTest.DCBusVoltageNonZero" "--gtest_also_run_disabled_tests"
Directory: /Users/vladimir/an24_cpp/build/tests
"RegressionTest.DCBusVoltageNonZero" start time: Mar 05 17:03 CET
Output:
----------------------------------------------------------
Running main() from /Users/vladimir/an24_cpp/build/_deps/googletest-src/googletest/src/gtest_main.cc
Note: Google Test filter = RegressionTest.DCBusVoltageNonZero
[==========] Running 1 test from 1 test suite.
[----------] Global test environment set-up.
[----------] 1 test from RegressionTest
[ RUN      ] RegressionTest.DCBusVoltageNonZero
[2026-03-05 17:03:33.303] [info] Built JIT systems: 5 signals, 1 fixed
[       OK ] RegressionTest.DCBusVoltageNonZero (1 ms)
[----------] 1 test from RegressionTest (1 ms total)

[----------] Global test environment tear-down
[==========] 1 test from 1 test suite ran. (1 ms total)
[  PASSED  ] 1 test.
<end of output>
Test time =   0.02 sec
----------------------------------------------------------
Test Passed.
"RegressionTest.DCBusVoltageNonZero" end time: Mar 05 17:03 CET
"RegressionTest.DCBusVoltageNonZero" time elapsed: 00:00:00
----------------------------------------------------------

14/221 Testing: RegressionTest.DualBatteryWithRelayStable
14/221 Test: RegressionTest.DualBatteryWithRelayStable
Command: "/Users/vladimir/an24_cpp/build/tests/jit_solver_tests" "--gtest_filter=RegressionTest.DualBatteryWithRelayStable" "--gtest_also_run_disabled_tests"
Directory: /Users/vladimir/an24_cpp/build/tests
"RegressionTest.DualBatteryWithRelayStable" start time: Mar 05 17:03 CET
Output:
----------------------------------------------------------
Running main() from /Users/vladimir/an24_cpp/build/_deps/googletest-src/googletest/src/gtest_main.cc
Note: Google Test filter = RegressionTest.DualBatteryWithRelayStable
[==========] Running 1 test from 1 test suite.
[----------] Global test environment set-up.
[----------] 1 test from RegressionTest
[ RUN      ] RegressionTest.DualBatteryWithRelayStable
[2026-03-05 17:03:33.303] [info] Built JIT systems: 4 signals, 1 fixed
[       OK ] RegressionTest.DualBatteryWithRelayStable (2 ms)
[----------] 1 test from RegressionTest (2 ms total)

[----------] Global test environment tear-down
[==========] 1 test from 1 test suite ran. (2 ms total)
[  PASSED  ] 1 test.
<end of output>
Test time =   0.02 sec
----------------------------------------------------------
Test Passed.
"RegressionTest.DualBatteryWithRelayStable" end time: Mar 05 17:03 CET
"RegressionTest.DualBatteryWithRelayStable" time elapsed: 00:00:00
----------------------------------------------------------

21/221 Testing: IntegrationTest.ParallelBatteriesShareLoad
21/221 Test: IntegrationTest.ParallelBatteriesShareLoad
Command: "/Users/vladimir/an24_cpp/build/tests/jit_solver_tests" "--gtest_filter=IntegrationTest.ParallelBatteriesShareLoad" "--gtest_also_run_disabled_tests"
Directory: /Users/vladimir/an24_cpp/build/tests
"IntegrationTest.ParallelBatteriesShareLoad" start time: Mar 05 17:03 CET
Output:
----------------------------------------------------------
Running main() from /Users/vladimir/an24_cpp/build/_deps/googletest-src/googletest/src/gtest_main.cc
Note: Google Test filter = IntegrationTest.ParallelBatteriesShareLoad
[==========] Running 1 test from 1 test suite.
[----------] Global test environment set-up.
[----------] 1 test from IntegrationTest
[ RUN      ] IntegrationTest.ParallelBatteriesShareLoad
[2026-03-05 17:03:33.306] [info] Built JIT systems: 3 signals, 1 fixed
[       OK ] IntegrationTest.ParallelBatteriesShareLoad (1 ms)
[----------] 1 test from IntegrationTest (1 ms total)

[----------] Global test environment tear-down
[==========] 1 test from 1 test suite ran. (1 ms total)
[  PASSED  ] 1 test.
<end of output>
Test time =   0.02 sec
----------------------------------------------------------
Test Passed.
"IntegrationTest.ParallelBatteriesShareLoad" end time: Mar 05 17:03 CET
"IntegrationTest.ParallelBatteriesShareLoad" time elapsed: 00:00:00
----------------------------------------------------------

15/221 Testing: RegressionTest.GeneratorAndBatteryOnSameBus
15/221 Test: RegressionTest.GeneratorAndBatteryOnSameBus
Command: "/Users/vladimir/an24_cpp/build/tests/jit_solver_tests" "--gtest_filter=RegressionTest.GeneratorAndBatteryOnSameBus" "--gtest_also_run_disabled_tests"
Directory: /Users/vladimir/an24_cpp/build/tests
"RegressionTest.GeneratorAndBatteryOnSameBus" start time: Mar 05 17:03 CET
Output:
----------------------------------------------------------
Running main() from /Users/vladimir/an24_cpp/build/_deps/googletest-src/googletest/src/gtest_main.cc
Note: Google Test filter = RegressionTest.GeneratorAndBatteryOnSameBus
[==========] Running 1 test from 1 test suite.
[----------] Global test environment set-up.
[----------] 1 test from RegressionTest
[ RUN      ] RegressionTest.GeneratorAndBatteryOnSameBus
[2026-03-05 17:03:33.306] [info] Built JIT systems: 3 signals, 1 fixed
[       OK ] RegressionTest.GeneratorAndBatteryOnSameBus (1 ms)
[----------] 1 test from RegressionTest (1 ms total)

[----------] Global test environment tear-down
[==========] 1 test from 1 test suite ran. (1 ms total)
[  PASSED  ] 1 test.
<end of output>
Test time =   0.02 sec
----------------------------------------------------------
Test Passed.
"RegressionTest.GeneratorAndBatteryOnSameBus" end time: Mar 05 17:03 CET
"RegressionTest.GeneratorAndBatteryOnSameBus" time elapsed: 00:00:00
----------------------------------------------------------

10/221 Testing: RegressionTest.ResistorVoltageDifference
10/221 Test: RegressionTest.ResistorVoltageDifference
Command: "/Users/vladimir/an24_cpp/build/tests/jit_solver_tests" "--gtest_filter=RegressionTest.ResistorVoltageDifference" "--gtest_also_run_disabled_tests"
Directory: /Users/vladimir/an24_cpp/build/tests
"RegressionTest.ResistorVoltageDifference" start time: Mar 05 17:03 CET
Output:
----------------------------------------------------------
Running main() from /Users/vladimir/an24_cpp/build/_deps/googletest-src/googletest/src/gtest_main.cc
Note: Google Test filter = RegressionTest.ResistorVoltageDifference
[==========] Running 1 test from 1 test suite.
[----------] Global test environment set-up.
[----------] 1 test from RegressionTest
[ RUN      ] RegressionTest.ResistorVoltageDifference
[2026-03-05 17:03:33.324] [info] Built JIT systems: 4 signals, 1 fixed
[       OK ] RegressionTest.ResistorVoltageDifference (2 ms)
[----------] 1 test from RegressionTest (2 ms total)

[----------] Global test environment tear-down
[==========] 1 test from 1 test suite ran. (2 ms total)
[  PASSED  ] 1 test.
<end of output>
Test time =   0.02 sec
----------------------------------------------------------
Test Passed.
"RegressionTest.ResistorVoltageDifference" end time: Mar 05 17:03 CET
"RegressionTest.ResistorVoltageDifference" time elapsed: 00:00:00
----------------------------------------------------------

23/221 Testing: IntegrationTest.SORConvergence
23/221 Test: IntegrationTest.SORConvergence
Command: "/Users/vladimir/an24_cpp/build/tests/jit_solver_tests" "--gtest_filter=IntegrationTest.SORConvergence" "--gtest_also_run_disabled_tests"
Directory: /Users/vladimir/an24_cpp/build/tests
"IntegrationTest.SORConvergence" start time: Mar 05 17:03 CET
Output:
----------------------------------------------------------
Running main() from /Users/vladimir/an24_cpp/build/_deps/googletest-src/googletest/src/gtest_main.cc
Note: Google Test filter = IntegrationTest.SORConvergence
[==========] Running 1 test from 1 test suite.
[----------] Global test environment set-up.
[----------] 1 test from IntegrationTest
[ RUN      ] IntegrationTest.SORConvergence
[2026-03-05 17:03:33.324] [info] Built JIT systems: 3 signals, 1 fixed
[2026-03-05 17:03:33.327] [info] Built JIT systems: 3 signals, 1 fixed
[       OK ] IntegrationTest.SORConvergence (3 ms)
[----------] 1 test from IntegrationTest (3 ms total)

[----------] Global test environment tear-down
[==========] 1 test from 1 test suite ran. (3 ms total)
[  PASSED  ] 1 test.
<end of output>
Test time =   0.02 sec
----------------------------------------------------------
Test Passed.
"IntegrationTest.SORConvergence" end time: Mar 05 17:03 CET
"IntegrationTest.SORConvergence" time elapsed: 00:00:00
----------------------------------------------------------

20/221 Testing: IntegrationTest.OpenRelayBlocksCurrent
20/221 Test: IntegrationTest.OpenRelayBlocksCurrent
Command: "/Users/vladimir/an24_cpp/build/tests/jit_solver_tests" "--gtest_filter=IntegrationTest.OpenRelayBlocksCurrent" "--gtest_also_run_disabled_tests"
Directory: /Users/vladimir/an24_cpp/build/tests
"IntegrationTest.OpenRelayBlocksCurrent" start time: Mar 05 17:03 CET
Output:
----------------------------------------------------------
Running main() from /Users/vladimir/an24_cpp/build/_deps/googletest-src/googletest/src/gtest_main.cc
Note: Google Test filter = IntegrationTest.OpenRelayBlocksCurrent
[==========] Running 1 test from 1 test suite.
[----------] Global test environment set-up.
[----------] 1 test from IntegrationTest
[ RUN      ] IntegrationTest.OpenRelayBlocksCurrent
[2026-03-05 17:03:33.327] [info] Built JIT systems: 4 signals, 1 fixed
[       OK ] IntegrationTest.OpenRelayBlocksCurrent (2 ms)
[----------] 1 test from IntegrationTest (2 ms total)

[----------] Global test environment tear-down
[==========] 1 test from 1 test suite ran. (2 ms total)
[  PASSED  ] 1 test.
<end of output>
Test time =   0.02 sec
----------------------------------------------------------
Test Passed.
"IntegrationTest.OpenRelayBlocksCurrent" end time: Mar 05 17:03 CET
"IntegrationTest.OpenRelayBlocksCurrent" time elapsed: 00:00:00
----------------------------------------------------------

19/221 Testing: IntegrationTest.BatteryRelayChain
19/221 Test: IntegrationTest.BatteryRelayChain
Command: "/Users/vladimir/an24_cpp/build/tests/jit_solver_tests" "--gtest_filter=IntegrationTest.BatteryRelayChain" "--gtest_also_run_disabled_tests"
Directory: /Users/vladimir/an24_cpp/build/tests
"IntegrationTest.BatteryRelayChain" start time: Mar 05 17:03 CET
Output:
----------------------------------------------------------
Running main() from /Users/vladimir/an24_cpp/build/_deps/googletest-src/googletest/src/gtest_main.cc
Note: Google Test filter = IntegrationTest.BatteryRelayChain
[==========] Running 1 test from 1 test suite.
[----------] Global test environment set-up.
[----------] 1 test from IntegrationTest
[ RUN      ] IntegrationTest.BatteryRelayChain
[2026-03-05 17:03:33.328] [info] Built JIT systems: 4 signals, 1 fixed
[       OK ] IntegrationTest.BatteryRelayChain (3 ms)
[----------] 1 test from IntegrationTest (3 ms total)

[----------] Global test environment tear-down
[==========] 1 test from 1 test suite ran. (3 ms total)
[  PASSED  ] 1 test.
<end of output>
Test time =   0.03 sec
----------------------------------------------------------
Test Passed.
"IntegrationTest.BatteryRelayChain" end time: Mar 05 17:03 CET
"IntegrationTest.BatteryRelayChain" time elapsed: 00:00:00
----------------------------------------------------------

22/221 Testing: IntegrationTest.MultipleLightsWithBrightness
22/221 Test: IntegrationTest.MultipleLightsWithBrightness
Command: "/Users/vladimir/an24_cpp/build/tests/jit_solver_tests" "--gtest_filter=IntegrationTest.MultipleLightsWithBrightness" "--gtest_also_run_disabled_tests"
Directory: /Users/vladimir/an24_cpp/build/tests
"IntegrationTest.MultipleLightsWithBrightness" start time: Mar 05 17:03 CET
Output:
----------------------------------------------------------
Running main() from /Users/vladimir/an24_cpp/build/_deps/googletest-src/googletest/src/gtest_main.cc
Note: Google Test filter = IntegrationTest.MultipleLightsWithBrightness
[==========] Running 1 test from 1 test suite.
[----------] Global test environment set-up.
[----------] 1 test from IntegrationTest
[ RUN      ] IntegrationTest.MultipleLightsWithBrightness
[2026-03-05 17:03:33.336] [info] Built JIT systems: 6 signals, 1 fixed
[       OK ] IntegrationTest.MultipleLightsWithBrightness (4 ms)
[----------] 1 test from IntegrationTest (4 ms total)

[----------] Global test environment tear-down
[==========] 1 test from 1 test suite ran. (4 ms total)
[  PASSED  ] 1 test.
<end of output>
Test time =   0.03 sec
----------------------------------------------------------
Test Passed.
"IntegrationTest.MultipleLightsWithBrightness" end time: Mar 05 17:03 CET
"IntegrationTest.MultipleLightsWithBrightness" time elapsed: 00:00:00
----------------------------------------------------------

17/221 Testing: IntegrationTest.GeneratorWithResistiveLoad
17/221 Test: IntegrationTest.GeneratorWithResistiveLoad
Command: "/Users/vladimir/an24_cpp/build/tests/jit_solver_tests" "--gtest_filter=IntegrationTest.GeneratorWithResistiveLoad" "--gtest_also_run_disabled_tests"
Directory: /Users/vladimir/an24_cpp/build/tests
"IntegrationTest.GeneratorWithResistiveLoad" start time: Mar 05 17:03 CET
Output:
----------------------------------------------------------
Running main() from /Users/vladimir/an24_cpp/build/_deps/googletest-src/googletest/src/gtest_main.cc
Note: Google Test filter = IntegrationTest.GeneratorWithResistiveLoad
[==========] Running 1 test from 1 test suite.
[----------] Global test environment set-up.
[----------] 1 test from IntegrationTest
[ RUN      ] IntegrationTest.GeneratorWithResistiveLoad
[2026-03-05 17:03:33.346] [info] Built JIT systems: 3 signals, 1 fixed
[       OK ] IntegrationTest.GeneratorWithResistiveLoad (5 ms)
[----------] 1 test from IntegrationTest (5 ms total)

[----------] Global test environment tear-down
[==========] 1 test from 1 test suite ran. (5 ms total)
[  PASSED  ] 1 test.
<end of output>
Test time =   0.03 sec
----------------------------------------------------------
Test Passed.
"IntegrationTest.GeneratorWithResistiveLoad" end time: Mar 05 17:03 CET
"IntegrationTest.GeneratorWithResistiveLoad" time elapsed: 00:00:00
----------------------------------------------------------

16/221 Testing: IntegrationTest.BatteryWithResistiveLoad
16/221 Test: IntegrationTest.BatteryWithResistiveLoad
Command: "/Users/vladimir/an24_cpp/build/tests/jit_solver_tests" "--gtest_filter=IntegrationTest.BatteryWithResistiveLoad" "--gtest_also_run_disabled_tests"
Directory: /Users/vladimir/an24_cpp/build/tests
"IntegrationTest.BatteryWithResistiveLoad" start time: Mar 05 17:03 CET
Output:
----------------------------------------------------------
Running main() from /Users/vladimir/an24_cpp/build/_deps/googletest-src/googletest/src/gtest_main.cc
Note: Google Test filter = IntegrationTest.BatteryWithResistiveLoad
[==========] Running 1 test from 1 test suite.
[----------] Global test environment set-up.
[----------] 1 test from IntegrationTest
[ RUN      ] IntegrationTest.BatteryWithResistiveLoad
[2026-03-05 17:03:33.347] [info] Built JIT systems: 3 signals, 1 fixed
[       OK ] IntegrationTest.BatteryWithResistiveLoad (5 ms)
[----------] 1 test from IntegrationTest (5 ms total)

[----------] Global test environment tear-down
[==========] 1 test from 1 test suite ran. (5 ms total)
[  PASSED  ] 1 test.
<end of output>
Test time =   0.03 sec
----------------------------------------------------------
Test Passed.
"IntegrationTest.BatteryWithResistiveLoad" end time: Mar 05 17:03 CET
"IntegrationTest.BatteryWithResistiveLoad" time elapsed: 00:00:00
----------------------------------------------------------

4/221 Testing: SimulationStateTest.PrecomputeInvConductance
4/221 Test: SimulationStateTest.PrecomputeInvConductance
Command: "/Users/vladimir/an24_cpp/build/tests/jit_solver_tests" "--gtest_filter=SimulationStateTest.PrecomputeInvConductance" "--gtest_also_run_disabled_tests"
Directory: /Users/vladimir/an24_cpp/build/tests
"SimulationStateTest.PrecomputeInvConductance" start time: Mar 05 17:03 CET
Output:
----------------------------------------------------------
Running main() from /Users/vladimir/an24_cpp/build/_deps/googletest-src/googletest/src/gtest_main.cc
Note: Google Test filter = SimulationStateTest.PrecomputeInvConductance
[==========] Running 1 test from 1 test suite.
[----------] Global test environment set-up.
[----------] 1 test from SimulationStateTest
[ RUN      ] SimulationStateTest.PrecomputeInvConductance
[       OK ] SimulationStateTest.PrecomputeInvConductance (0 ms)
[----------] 1 test from SimulationStateTest (0 ms total)

[----------] Global test environment tear-down
[==========] 1 test from 1 test suite ran. (0 ms total)
[  PASSED  ] 1 test.
<end of output>
Test time =   0.03 sec
----------------------------------------------------------
Test Passed.
"SimulationStateTest.PrecomputeInvConductance" end time: Mar 05 17:03 CET
"SimulationStateTest.PrecomputeInvConductance" time elapsed: 00:00:00
----------------------------------------------------------

39/221 Testing: PersistTest.UnifiedFormat_WithEditorMetadata
39/221 Test: PersistTest.UnifiedFormat_WithEditorMetadata
Command: "/Users/vladimir/an24_cpp/build/tests/editor_persist_tests" "--gtest_filter=PersistTest.UnifiedFormat_WithEditorMetadata" "--gtest_also_run_disabled_tests"
Directory: /Users/vladimir/an24_cpp/build/tests
"PersistTest.UnifiedFormat_WithEditorMetadata" start time: Mar 05 17:03 CET
Output:
----------------------------------------------------------
Running main() from /Users/vladimir/an24_cpp/build/_deps/googletest-src/googletest/src/gtest_main.cc
Note: Google Test filter = PersistTest.UnifiedFormat_WithEditorMetadata
[==========] Running 1 test from 1 test suite.
[----------] Global test environment set-up.
[----------] 1 test from PersistTest
[ RUN      ] PersistTest.UnifiedFormat_WithEditorMetadata
[       OK ] PersistTest.UnifiedFormat_WithEditorMetadata (0 ms)
[----------] 1 test from PersistTest (0 ms total)

[----------] Global test environment tear-down
[==========] 1 test from 1 test suite ran. (0 ms total)
[  PASSED  ] 1 test.
<end of output>
Test time =   0.03 sec
----------------------------------------------------------
Test Passed.
"PersistTest.UnifiedFormat_WithEditorMetadata" end time: Mar 05 17:03 CET
"PersistTest.UnifiedFormat_WithEditorMetadata" time elapsed: 00:00:00
----------------------------------------------------------

40/221 Testing: PersistTest.FromJson_MissingDevices_ReturnsNullopt
40/221 Test: PersistTest.FromJson_MissingDevices_ReturnsNullopt
Command: "/Users/vladimir/an24_cpp/build/tests/editor_persist_tests" "--gtest_filter=PersistTest.FromJson_MissingDevices_ReturnsNullopt" "--gtest_also_run_disabled_tests"
Directory: /Users/vladimir/an24_cpp/build/tests
"PersistTest.FromJson_MissingDevices_ReturnsNullopt" start time: Mar 05 17:03 CET
Output:
----------------------------------------------------------
Running main() from /Users/vladimir/an24_cpp/build/_deps/googletest-src/googletest/src/gtest_main.cc
Note: Google Test filter = PersistTest.FromJson_MissingDevices_ReturnsNullopt
[==========] Running 1 test from 1 test suite.
[----------] Global test environment set-up.
[----------] 1 test from PersistTest
[ RUN      ] PersistTest.FromJson_MissingDevices_ReturnsNullopt
[       OK ] PersistTest.FromJson_MissingDevices_ReturnsNullopt (0 ms)
[----------] 1 test from PersistTest (0 ms total)

[----------] Global test environment tear-down
[==========] 1 test from 1 test suite ran. (0 ms total)
[  PASSED  ] 1 test.
<end of output>
Test time =   0.02 sec
----------------------------------------------------------
Test Passed.
"PersistTest.FromJson_MissingDevices_ReturnsNullopt" end time: Mar 05 17:03 CET
"PersistTest.FromJson_MissingDevices_ReturnsNullopt" time elapsed: 00:00:00
----------------------------------------------------------

196/221 Testing: ISelectableTest.ContainsPointInside
196/221 Test: ISelectableTest.ContainsPointInside
Command: "/Users/vladimir/an24_cpp/build/tests/editor_widget_tests" "--gtest_filter=ISelectableTest.ContainsPointInside" "--gtest_also_run_disabled_tests"
Directory: /Users/vladimir/an24_cpp/build/tests
"ISelectableTest.ContainsPointInside" start time: Mar 05 17:03 CET
Output:
----------------------------------------------------------
Running main() from /Users/vladimir/an24_cpp/build/_deps/googletest-src/googletest/src/gtest_main.cc
Note: Google Test filter = ISelectableTest.ContainsPointInside
[==========] Running 1 test from 1 test suite.
[----------] Global test environment set-up.
[----------] 1 test from ISelectableTest
[ RUN      ] ISelectableTest.ContainsPointInside
[       OK ] ISelectableTest.ContainsPointInside (0 ms)
[----------] 1 test from ISelectableTest (0 ms total)

[----------] Global test environment tear-down
[==========] 1 test from 1 test suite ran. (0 ms total)
[  PASSED  ] 1 test.
<end of output>
Test time =   0.02 sec
----------------------------------------------------------
Test Passed.
"ISelectableTest.ContainsPointInside" end time: Mar 05 17:03 CET
"ISelectableTest.ContainsPointInside" time elapsed: 00:00:00
----------------------------------------------------------

109/221 Testing: JsonParserTest.ParseDevicesWithAllFields
109/221 Test: JsonParserTest.ParseDevicesWithAllFields
Command: "/Users/vladimir/an24_cpp/build/tests/json_parser_tests" "--gtest_filter=JsonParserTest.ParseDevicesWithAllFields" "--gtest_also_run_disabled_tests"
Directory: /Users/vladimir/an24_cpp/build/tests
"JsonParserTest.ParseDevicesWithAllFields" start time: Mar 05 17:03 CET
Output:
----------------------------------------------------------
Running main() from /Users/vladimir/an24_cpp/build/_deps/googletest-src/googletest/src/gtest_main.cc
Note: Google Test filter = JsonParserTest.ParseDevicesWithAllFields
[==========] Running 1 test from 1 test suite.
[----------] Global test environment set-up.
[----------] 1 test from JsonParserTest
[ RUN      ] JsonParserTest.ParseDevicesWithAllFields
[       OK ] JsonParserTest.ParseDevicesWithAllFields (0 ms)
[----------] 1 test from JsonParserTest (0 ms total)

[----------] Global test environment tear-down
[==========] 1 test from 1 test suite ran. (0 ms total)
[  PASSED  ] 1 test.
<end of output>
Test time =   0.03 sec
----------------------------------------------------------
Test Passed.
"JsonParserTest.ParseDevicesWithAllFields" end time: Mar 05 17:03 CET
"JsonParserTest.ParseDevicesWithAllFields" time elapsed: 00:00:00
----------------------------------------------------------

111/221 Testing: JsonParserTest.SerializePreservesData
111/221 Test: JsonParserTest.SerializePreservesData
Command: "/Users/vladimir/an24_cpp/build/tests/json_parser_tests" "--gtest_filter=JsonParserTest.SerializePreservesData" "--gtest_also_run_disabled_tests"
Directory: /Users/vladimir/an24_cpp/build/tests
"JsonParserTest.SerializePreservesData" start time: Mar 05 17:03 CET
Output:
----------------------------------------------------------
Running main() from /Users/vladimir/an24_cpp/build/_deps/googletest-src/googletest/src/gtest_main.cc
Note: Google Test filter = JsonParserTest.SerializePreservesData
[==========] Running 1 test from 1 test suite.
[----------] Global test environment set-up.
[----------] 1 test from JsonParserTest
[ RUN      ] JsonParserTest.SerializePreservesData
[       OK ] JsonParserTest.SerializePreservesData (0 ms)
[----------] 1 test from JsonParserTest (0 ms total)

[----------] Global test environment tear-down
[==========] 1 test from 1 test suite ran. (0 ms total)
[  PASSED  ] 1 test.
<end of output>
Test time =   0.03 sec
----------------------------------------------------------
Test Passed.
"JsonParserTest.SerializePreservesData" end time: Mar 05 17:03 CET
"JsonParserTest.SerializePreservesData" time elapsed: 00:00:00
----------------------------------------------------------

106/221 Testing: JsonParserTest.ParseAndSerializeRoundTrip
106/221 Test: JsonParserTest.ParseAndSerializeRoundTrip
Command: "/Users/vladimir/an24_cpp/build/tests/json_parser_tests" "--gtest_filter=JsonParserTest.ParseAndSerializeRoundTrip" "--gtest_also_run_disabled_tests"
Directory: /Users/vladimir/an24_cpp/build/tests
"JsonParserTest.ParseAndSerializeRoundTrip" start time: Mar 05 17:03 CET
Output:
----------------------------------------------------------
Running main() from /Users/vladimir/an24_cpp/build/_deps/googletest-src/googletest/src/gtest_main.cc
Note: Google Test filter = JsonParserTest.ParseAndSerializeRoundTrip
[==========] Running 1 test from 1 test suite.
[----------] Global test environment set-up.
[----------] 1 test from JsonParserTest
[ RUN      ] JsonParserTest.ParseAndSerializeRoundTrip
[       OK ] JsonParserTest.ParseAndSerializeRoundTrip (0 ms)
[----------] 1 test from JsonParserTest (0 ms total)

[----------] Global test environment tear-down
[==========] 1 test from 1 test suite ran. (0 ms total)
[  PASSED  ] 1 test.
<end of output>
Test time =   0.03 sec
----------------------------------------------------------
Test Passed.
"JsonParserTest.ParseAndSerializeRoundTrip" end time: Mar 05 17:03 CET
"JsonParserTest.ParseAndSerializeRoundTrip" time elapsed: 00:00:00
----------------------------------------------------------

107/221 Testing: JsonParserTest.RoundTripWithTemplates
107/221 Test: JsonParserTest.RoundTripWithTemplates
Command: "/Users/vladimir/an24_cpp/build/tests/json_parser_tests" "--gtest_filter=JsonParserTest.RoundTripWithTemplates" "--gtest_also_run_disabled_tests"
Directory: /Users/vladimir/an24_cpp/build/tests
"JsonParserTest.RoundTripWithTemplates" start time: Mar 05 17:03 CET
Output:
----------------------------------------------------------
Running main() from /Users/vladimir/an24_cpp/build/_deps/googletest-src/googletest/src/gtest_main.cc
Note: Google Test filter = JsonParserTest.RoundTripWithTemplates
[==========] Running 1 test from 1 test suite.
[----------] Global test environment set-up.
[----------] 1 test from JsonParserTest
[ RUN      ] JsonParserTest.RoundTripWithTemplates
[       OK ] JsonParserTest.RoundTripWithTemplates (0 ms)
[----------] 1 test from JsonParserTest (0 ms total)

[----------] Global test environment tear-down
[==========] 1 test from 1 test suite ran. (0 ms total)
[  PASSED  ] 1 test.
<end of output>
Test time =   0.03 sec
----------------------------------------------------------
Test Passed.
"JsonParserTest.RoundTripWithTemplates" end time: Mar 05 17:03 CET
"JsonParserTest.RoundTripWithTemplates" time elapsed: 00:00:00
----------------------------------------------------------

108/221 Testing: JsonParserTest.ParseMultipleDomains
108/221 Test: JsonParserTest.ParseMultipleDomains
Command: "/Users/vladimir/an24_cpp/build/tests/json_parser_tests" "--gtest_filter=JsonParserTest.ParseMultipleDomains" "--gtest_also_run_disabled_tests"
Directory: /Users/vladimir/an24_cpp/build/tests
"JsonParserTest.ParseMultipleDomains" start time: Mar 05 17:03 CET
Output:
----------------------------------------------------------
Running main() from /Users/vladimir/an24_cpp/build/_deps/googletest-src/googletest/src/gtest_main.cc
Note: Google Test filter = JsonParserTest.ParseMultipleDomains
[==========] Running 1 test from 1 test suite.
[----------] Global test environment set-up.
[----------] 1 test from JsonParserTest
[ RUN      ] JsonParserTest.ParseMultipleDomains
[       OK ] JsonParserTest.ParseMultipleDomains (0 ms)
[----------] 1 test from JsonParserTest (0 ms total)

[----------] Global test environment tear-down
[==========] 1 test from 1 test suite ran. (0 ms total)
[  PASSED  ] 1 test.
<end of output>
Test time =   0.02 sec
----------------------------------------------------------
Test Passed.
"JsonParserTest.ParseMultipleDomains" end time: Mar 05 17:03 CET
"JsonParserTest.ParseMultipleDomains" time elapsed: 00:00:00
----------------------------------------------------------

156/221 Testing: WidgetTest.DefaultState
156/221 Test: WidgetTest.DefaultState
Command: "/Users/vladimir/an24_cpp/build/tests/editor_widget_tests" "--gtest_filter=WidgetTest.DefaultState" "--gtest_also_run_disabled_tests"
Directory: /Users/vladimir/an24_cpp/build/tests
"WidgetTest.DefaultState" start time: Mar 05 17:03 CET
Output:
----------------------------------------------------------
Running main() from /Users/vladimir/an24_cpp/build/_deps/googletest-src/googletest/src/gtest_main.cc
Note: Google Test filter = WidgetTest.DefaultState
[==========] Running 1 test from 1 test suite.
[----------] Global test environment set-up.
[----------] 1 test from WidgetTest
[ RUN      ] WidgetTest.DefaultState
[       OK ] WidgetTest.DefaultState (0 ms)
[----------] 1 test from WidgetTest (0 ms total)

[----------] Global test environment tear-down
[==========] 1 test from 1 test suite ran. (0 ms total)
[  PASSED  ] 1 test.
<end of output>
Test time =   0.01 sec
----------------------------------------------------------
Test Passed.
"WidgetTest.DefaultState" end time: Mar 05 17:03 CET
"WidgetTest.DefaultState" time elapsed: 00:00:00
----------------------------------------------------------

197/221 Testing: ISelectableTest.ContainsPointOutside
197/221 Test: ISelectableTest.ContainsPointOutside
Command: "/Users/vladimir/an24_cpp/build/tests/editor_widget_tests" "--gtest_filter=ISelectableTest.ContainsPointOutside" "--gtest_also_run_disabled_tests"
Directory: /Users/vladimir/an24_cpp/build/tests
"ISelectableTest.ContainsPointOutside" start time: Mar 05 17:03 CET
Output:
----------------------------------------------------------
Running main() from /Users/vladimir/an24_cpp/build/_deps/googletest-src/googletest/src/gtest_main.cc
Note: Google Test filter = ISelectableTest.ContainsPointOutside
[==========] Running 1 test from 1 test suite.
[----------] Global test environment set-up.
[----------] 1 test from ISelectableTest
[ RUN      ] ISelectableTest.ContainsPointOutside
[       OK ] ISelectableTest.ContainsPointOutside (0 ms)
[----------] 1 test from ISelectableTest (0 ms total)

[----------] Global test environment tear-down
[==========] 1 test from 1 test suite ran. (0 ms total)
[  PASSED  ] 1 test.
<end of output>
Test time =   0.02 sec
----------------------------------------------------------
Test Passed.
"ISelectableTest.ContainsPointOutside" end time: Mar 05 17:03 CET
"ISelectableTest.ContainsPointOutside" time elapsed: 00:00:00
----------------------------------------------------------

110/221 Testing: JsonParserTest.ParseConnectionFormats
110/221 Test: JsonParserTest.ParseConnectionFormats
Command: "/Users/vladimir/an24_cpp/build/tests/json_parser_tests" "--gtest_filter=JsonParserTest.ParseConnectionFormats" "--gtest_also_run_disabled_tests"
Directory: /Users/vladimir/an24_cpp/build/tests
"JsonParserTest.ParseConnectionFormats" start time: Mar 05 17:03 CET
Output:
----------------------------------------------------------
Running main() from /Users/vladimir/an24_cpp/build/_deps/googletest-src/googletest/src/gtest_main.cc
Note: Google Test filter = JsonParserTest.ParseConnectionFormats
[==========] Running 1 test from 1 test suite.
[----------] Global test environment set-up.
[----------] 1 test from JsonParserTest
[ RUN      ] JsonParserTest.ParseConnectionFormats
[       OK ] JsonParserTest.ParseConnectionFormats (0 ms)
[----------] 1 test from JsonParserTest (0 ms total)

[----------] Global test environment tear-down
[==========] 1 test from 1 test suite ran. (0 ms total)
[  PASSED  ] 1 test.
<end of output>
Test time =   0.03 sec
----------------------------------------------------------
Test Passed.
"JsonParserTest.ParseConnectionFormats" end time: Mar 05 17:03 CET
"JsonParserTest.ParseConnectionFormats" time elapsed: 00:00:00
----------------------------------------------------------

105/221 Testing: JsonParserTest.ParseErrorOnInvalidJson
105/221 Test: JsonParserTest.ParseErrorOnInvalidJson
Command: "/Users/vladimir/an24_cpp/build/tests/json_parser_tests" "--gtest_filter=JsonParserTest.ParseErrorOnInvalidJson" "--gtest_also_run_disabled_tests"
Directory: /Users/vladimir/an24_cpp/build/tests
"JsonParserTest.ParseErrorOnInvalidJson" start time: Mar 05 17:03 CET
Output:
----------------------------------------------------------
Running main() from /Users/vladimir/an24_cpp/build/_deps/googletest-src/googletest/src/gtest_main.cc
Note: Google Test filter = JsonParserTest.ParseErrorOnInvalidJson
[==========] Running 1 test from 1 test suite.
[----------] Global test environment set-up.
[----------] 1 test from JsonParserTest
[ RUN      ] JsonParserTest.ParseErrorOnInvalidJson
[       OK ] JsonParserTest.ParseErrorOnInvalidJson (0 ms)
[----------] 1 test from JsonParserTest (0 ms total)

[----------] Global test environment tear-down
[==========] 1 test from 1 test suite ran. (0 ms total)
[  PASSED  ] 1 test.
<end of output>
Test time =   0.03 sec
----------------------------------------------------------
Test Passed.
"JsonParserTest.ParseErrorOnInvalidJson" end time: Mar 05 17:03 CET
"JsonParserTest.ParseErrorOnInvalidJson" time elapsed: 00:00:00
----------------------------------------------------------

182/221 Testing: ContentWidgetTest.RenderDoesNotCrash
182/221 Test: ContentWidgetTest.RenderDoesNotCrash
Command: "/Users/vladimir/an24_cpp/build/tests/editor_widget_tests" "--gtest_filter=ContentWidgetTest.RenderDoesNotCrash" "--gtest_also_run_disabled_tests"
Directory: /Users/vladimir/an24_cpp/build/tests
"ContentWidgetTest.RenderDoesNotCrash" start time: Mar 05 17:03 CET
Output:
----------------------------------------------------------
Running main() from /Users/vladimir/an24_cpp/build/_deps/googletest-src/googletest/src/gtest_main.cc
Note: Google Test filter = ContentWidgetTest.RenderDoesNotCrash
[==========] Running 1 test from 1 test suite.
[----------] Global test environment set-up.
[----------] 1 test from ContentWidgetTest
[ RUN      ] ContentWidgetTest.RenderDoesNotCrash
[       OK ] ContentWidgetTest.RenderDoesNotCrash (0 ms)
[----------] 1 test from ContentWidgetTest (0 ms total)

[----------] Global test environment tear-down
[==========] 1 test from 1 test suite ran. (0 ms total)
[  PASSED  ] 1 test.
<end of output>
Test time =   0.01 sec
----------------------------------------------------------
Test Passed.
"ContentWidgetTest.RenderDoesNotCrash" end time: Mar 05 17:03 CET
"ContentWidgetTest.RenderDoesNotCrash" time elapsed: 00:00:00
----------------------------------------------------------

104/221 Testing: JsonParserTest.ParseEmptyContext
104/221 Test: JsonParserTest.ParseEmptyContext
Command: "/Users/vladimir/an24_cpp/build/tests/json_parser_tests" "--gtest_filter=JsonParserTest.ParseEmptyContext" "--gtest_also_run_disabled_tests"
Directory: /Users/vladimir/an24_cpp/build/tests
"JsonParserTest.ParseEmptyContext" start time: Mar 05 17:03 CET
Output:
----------------------------------------------------------
Running main() from /Users/vladimir/an24_cpp/build/_deps/googletest-src/googletest/src/gtest_main.cc
Note: Google Test filter = JsonParserTest.ParseEmptyContext
[==========] Running 1 test from 1 test suite.
[----------] Global test environment set-up.
[----------] 1 test from JsonParserTest
[ RUN      ] JsonParserTest.ParseEmptyContext
[       OK ] JsonParserTest.ParseEmptyContext (0 ms)
[----------] 1 test from JsonParserTest (0 ms total)

[----------] Global test environment tear-down
[==========] 1 test from 1 test suite ran. (0 ms total)
[  PASSED  ] 1 test.
<end of output>
Test time =   0.03 sec
----------------------------------------------------------
Test Passed.
"JsonParserTest.ParseEmptyContext" end time: Mar 05 17:03 CET
"JsonParserTest.ParseEmptyContext" time elapsed: 00:00:00
----------------------------------------------------------

198/221 Testing: ISelectableTest.BusNodeSelectable
198/221 Test: ISelectableTest.BusNodeSelectable
Command: "/Users/vladimir/an24_cpp/build/tests/editor_widget_tests" "--gtest_filter=ISelectableTest.BusNodeSelectable" "--gtest_also_run_disabled_tests"
Directory: /Users/vladimir/an24_cpp/build/tests
"ISelectableTest.BusNodeSelectable" start time: Mar 05 17:03 CET
Output:
----------------------------------------------------------
Running main() from /Users/vladimir/an24_cpp/build/_deps/googletest-src/googletest/src/gtest_main.cc
Note: Google Test filter = ISelectableTest.BusNodeSelectable
[==========] Running 1 test from 1 test suite.
[----------] Global test environment set-up.
[----------] 1 test from ISelectableTest
[ RUN      ] ISelectableTest.BusNodeSelectable
[       OK ] ISelectableTest.BusNodeSelectable (0 ms)
[----------] 1 test from ISelectableTest (0 ms total)

[----------] Global test environment tear-down
[==========] 1 test from 1 test suite ran. (0 ms total)
[  PASSED  ] 1 test.
<end of output>
Test time =   0.01 sec
----------------------------------------------------------
Test Passed.
"ISelectableTest.BusNodeSelectable" end time: Mar 05 17:03 CET
"ISelectableTest.BusNodeSelectable" time elapsed: 00:00:00
----------------------------------------------------------

166/221 Testing: ColumnLayoutTest.PreferredSizeSumsHeights
166/221 Test: ColumnLayoutTest.PreferredSizeSumsHeights
Command: "/Users/vladimir/an24_cpp/build/tests/editor_widget_tests" "--gtest_filter=ColumnLayoutTest.PreferredSizeSumsHeights" "--gtest_also_run_disabled_tests"
Directory: /Users/vladimir/an24_cpp/build/tests
"ColumnLayoutTest.PreferredSizeSumsHeights" start time: Mar 05 17:03 CET
Output:
----------------------------------------------------------
Running main() from /Users/vladimir/an24_cpp/build/_deps/googletest-src/googletest/src/gtest_main.cc
Note: Google Test filter = ColumnLayoutTest.PreferredSizeSumsHeights
[==========] Running 1 test from 1 test suite.
[----------] Global test environment set-up.
[----------] 1 test from ColumnLayoutTest
[ RUN      ] ColumnLayoutTest.PreferredSizeSumsHeights
[       OK ] ColumnLayoutTest.PreferredSizeSumsHeights (0 ms)
[----------] 1 test from ColumnLayoutTest (0 ms total)

[----------] Global test environment tear-down
[==========] 1 test from 1 test suite ran. (0 ms total)
[  PASSED  ] 1 test.
<end of output>
Test time =   0.01 sec
----------------------------------------------------------
Test Passed.
"ColumnLayoutTest.PreferredSizeSumsHeights" end time: Mar 05 17:03 CET
"ColumnLayoutTest.PreferredSizeSumsHeights" time elapsed: 00:00:00
----------------------------------------------------------

178/221 Testing: PortRowWidgetTest.RenderDrawsCircles
178/221 Test: PortRowWidgetTest.RenderDrawsCircles
Command: "/Users/vladimir/an24_cpp/build/tests/editor_widget_tests" "--gtest_filter=PortRowWidgetTest.RenderDrawsCircles" "--gtest_also_run_disabled_tests"
Directory: /Users/vladimir/an24_cpp/build/tests
"PortRowWidgetTest.RenderDrawsCircles" start time: Mar 05 17:03 CET
Output:
----------------------------------------------------------
Running main() from /Users/vladimir/an24_cpp/build/_deps/googletest-src/googletest/src/gtest_main.cc
Note: Google Test filter = PortRowWidgetTest.RenderDrawsCircles
[==========] Running 1 test from 1 test suite.
[----------] Global test environment set-up.
[----------] 1 test from PortRowWidgetTest
[ RUN      ] PortRowWidgetTest.RenderDrawsCircles
[       OK ] PortRowWidgetTest.RenderDrawsCircles (0 ms)
[----------] 1 test from PortRowWidgetTest (0 ms total)

[----------] Global test environment tear-down
[==========] 1 test from 1 test suite ran. (0 ms total)
[  PASSED  ] 1 test.
<end of output>
Test time =   0.01 sec
----------------------------------------------------------
Test Passed.
"PortRowWidgetTest.RenderDrawsCircles" end time: Mar 05 17:03 CET
"PortRowWidgetTest.RenderDrawsCircles" time elapsed: 00:00:00
----------------------------------------------------------

194/221 Testing: IDrawableTest.BusNodeIsDrawable
194/221 Test: IDrawableTest.BusNodeIsDrawable
Command: "/Users/vladimir/an24_cpp/build/tests/editor_widget_tests" "--gtest_filter=IDrawableTest.BusNodeIsDrawable" "--gtest_also_run_disabled_tests"
Directory: /Users/vladimir/an24_cpp/build/tests
"IDrawableTest.BusNodeIsDrawable" start time: Mar 05 17:03 CET
Output:
----------------------------------------------------------
Running main() from /Users/vladimir/an24_cpp/build/_deps/googletest-src/googletest/src/gtest_main.cc
Note: Google Test filter = IDrawableTest.BusNodeIsDrawable
[==========] Running 1 test from 1 test suite.
[----------] Global test environment set-up.
[----------] 1 test from IDrawableTest
[ RUN      ] IDrawableTest.BusNodeIsDrawable
[       OK ] IDrawableTest.BusNodeIsDrawable (0 ms)
[----------] 1 test from IDrawableTest (0 ms total)

[----------] Global test environment tear-down
[==========] 1 test from 1 test suite ran. (0 ms total)
[  PASSED  ] 1 test.
<end of output>
Test time =   0.01 sec
----------------------------------------------------------
Test Passed.
"IDrawableTest.BusNodeIsDrawable" end time: Mar 05 17:03 CET
"IDrawableTest.BusNodeIsDrawable" time elapsed: 00:00:00
----------------------------------------------------------

170/221 Testing: TypeNameWidgetTest.RenderCenteredText
170/221 Test: TypeNameWidgetTest.RenderCenteredText
Command: "/Users/vladimir/an24_cpp/build/tests/editor_widget_tests" "--gtest_filter=TypeNameWidgetTest.RenderCenteredText" "--gtest_also_run_disabled_tests"
Directory: /Users/vladimir/an24_cpp/build/tests
"TypeNameWidgetTest.RenderCenteredText" start time: Mar 05 17:03 CET
Output:
----------------------------------------------------------
Running main() from /Users/vladimir/an24_cpp/build/_deps/googletest-src/googletest/src/gtest_main.cc
Note: Google Test filter = TypeNameWidgetTest.RenderCenteredText
[==========] Running 1 test from 1 test suite.
[----------] Global test environment set-up.
[----------] 1 test from TypeNameWidgetTest
[ RUN      ] TypeNameWidgetTest.RenderCenteredText
[       OK ] TypeNameWidgetTest.RenderCenteredText (0 ms)
[----------] 1 test from TypeNameWidgetTest (0 ms total)

[----------] Global test environment tear-down
[==========] 1 test from 1 test suite ran. (0 ms total)
[  PASSED  ] 1 test.
<end of output>
Test time =   0.01 sec
----------------------------------------------------------
Test Passed.
"TypeNameWidgetTest.RenderCenteredText" end time: Mar 05 17:03 CET
"TypeNameWidgetTest.RenderCenteredText" time elapsed: 00:00:00
----------------------------------------------------------

206/221 Testing: ContentAccessTest.NodeWithoutContentReturnsNone
206/221 Test: ContentAccessTest.NodeWithoutContentReturnsNone
Command: "/Users/vladimir/an24_cpp/build/tests/editor_widget_tests" "--gtest_filter=ContentAccessTest.NodeWithoutContentReturnsNone" "--gtest_also_run_disabled_tests"
Directory: /Users/vladimir/an24_cpp/build/tests
"ContentAccessTest.NodeWithoutContentReturnsNone" start time: Mar 05 17:03 CET
Output:
----------------------------------------------------------
Running main() from /Users/vladimir/an24_cpp/build/_deps/googletest-src/googletest/src/gtest_main.cc
Note: Google Test filter = ContentAccessTest.NodeWithoutContentReturnsNone
[==========] Running 1 test from 1 test suite.
[----------] Global test environment set-up.
[----------] 1 test from ContentAccessTest
[ RUN      ] ContentAccessTest.NodeWithoutContentReturnsNone
[       OK ] ContentAccessTest.NodeWithoutContentReturnsNone (0 ms)
[----------] 1 test from ContentAccessTest (0 ms total)

[----------] Global test environment tear-down
[==========] 1 test from 1 test suite ran. (0 ms total)
[  PASSED  ] 1 test.
<end of output>
Test time =   0.01 sec
----------------------------------------------------------
Test Passed.
"ContentAccessTest.NodeWithoutContentReturnsNone" end time: Mar 05 17:03 CET
"ContentAccessTest.NodeWithoutContentReturnsNone" time elapsed: 00:00:00
----------------------------------------------------------

184/221 Testing: StandardVisualNodeLayoutTest.NodeWithPortsHasLayout
184/221 Test: StandardVisualNodeLayoutTest.NodeWithPortsHasLayout
Command: "/Users/vladimir/an24_cpp/build/tests/editor_widget_tests" "--gtest_filter=StandardVisualNodeLayoutTest.NodeWithPortsHasLayout" "--gtest_also_run_disabled_tests"
Directory: /Users/vladimir/an24_cpp/build/tests
"StandardVisualNodeLayoutTest.NodeWithPortsHasLayout" start time: Mar 05 17:03 CET
Output:
----------------------------------------------------------
Running main() from /Users/vladimir/an24_cpp/build/_deps/googletest-src/googletest/src/gtest_main.cc
Note: Google Test filter = StandardVisualNodeLayoutTest.NodeWithPortsHasLayout
[==========] Running 1 test from 1 test suite.
[----------] Global test environment set-up.
[----------] 1 test from StandardVisualNodeLayoutTest
[ RUN      ] StandardVisualNodeLayoutTest.NodeWithPortsHasLayout
[       OK ] StandardVisualNodeLayoutTest.NodeWithPortsHasLayout (0 ms)
[----------] 1 test from StandardVisualNodeLayoutTest (0 ms total)

[----------] Global test environment tear-down
[==========] 1 test from 1 test suite ran. (0 ms total)
[  PASSED  ] 1 test.
<end of output>
Test time =   0.01 sec
----------------------------------------------------------
Test Passed.
"StandardVisualNodeLayoutTest.NodeWithPortsHasLayout" end time: Mar 05 17:03 CET
"StandardVisualNodeLayoutTest.NodeWithPortsHasLayout" time elapsed: 00:00:00
----------------------------------------------------------

168/221 Testing: HeaderWidgetTest.RenderDoesNotCrash
168/221 Test: HeaderWidgetTest.RenderDoesNotCrash
Command: "/Users/vladimir/an24_cpp/build/tests/editor_widget_tests" "--gtest_filter=HeaderWidgetTest.RenderDoesNotCrash" "--gtest_also_run_disabled_tests"
Directory: /Users/vladimir/an24_cpp/build/tests
"HeaderWidgetTest.RenderDoesNotCrash" start time: Mar 05 17:03 CET
Output:
----------------------------------------------------------
Running main() from /Users/vladimir/an24_cpp/build/_deps/googletest-src/googletest/src/gtest_main.cc
Note: Google Test filter = HeaderWidgetTest.RenderDoesNotCrash
[==========] Running 1 test from 1 test suite.
[----------] Global test environment set-up.
[----------] 1 test from HeaderWidgetTest
[ RUN      ] HeaderWidgetTest.RenderDoesNotCrash
[       OK ] HeaderWidgetTest.RenderDoesNotCrash (0 ms)
[----------] 1 test from HeaderWidgetTest (0 ms total)

[----------] Global test environment tear-down
[==========] 1 test from 1 test suite ran. (0 ms total)
[  PASSED  ] 1 test.
<end of output>
Test time =   0.01 sec
----------------------------------------------------------
Test Passed.
"HeaderWidgetTest.RenderDoesNotCrash" end time: Mar 05 17:03 CET
"HeaderWidgetTest.RenderDoesNotCrash" time elapsed: 00:00:00
----------------------------------------------------------

186/221 Testing: StandardVisualNodeLayoutTest.PortsVerticallyCenteredInRows
186/221 Test: StandardVisualNodeLayoutTest.PortsVerticallyCenteredInRows
Command: "/Users/vladimir/an24_cpp/build/tests/editor_widget_tests" "--gtest_filter=StandardVisualNodeLayoutTest.PortsVerticallyCenteredInRows" "--gtest_also_run_disabled_tests"
Directory: /Users/vladimir/an24_cpp/build/tests
"StandardVisualNodeLayoutTest.PortsVerticallyCenteredInRows" start time: Mar 05 17:03 CET
Output:
----------------------------------------------------------
Running main() from /Users/vladimir/an24_cpp/build/_deps/googletest-src/googletest/src/gtest_main.cc
Note: Google Test filter = StandardVisualNodeLayoutTest.PortsVerticallyCenteredInRows
[==========] Running 1 test from 1 test suite.
[----------] Global test environment set-up.
[----------] 1 test from StandardVisualNodeLayoutTest
[ RUN      ] StandardVisualNodeLayoutTest.PortsVerticallyCenteredInRows
[       OK ] StandardVisualNodeLayoutTest.PortsVerticallyCenteredInRows (0 ms)
[----------] 1 test from StandardVisualNodeLayoutTest (0 ms total)

[----------] Global test environment tear-down
[==========] 1 test from 1 test suite ran. (0 ms total)
[  PASSED  ] 1 test.
<end of output>
Test time =   0.02 sec
----------------------------------------------------------
Test Passed.
"StandardVisualNodeLayoutTest.PortsVerticallyCenteredInRows" end time: Mar 05 17:03 CET
"StandardVisualNodeLayoutTest.PortsVerticallyCenteredInRows" time elapsed: 00:00:00
----------------------------------------------------------

174/221 Testing: PortRowWidgetTest.RightPortCenterAtRightEdge
174/221 Test: PortRowWidgetTest.RightPortCenterAtRightEdge
Command: "/Users/vladimir/an24_cpp/build/tests/editor_widget_tests" "--gtest_filter=PortRowWidgetTest.RightPortCenterAtRightEdge" "--gtest_also_run_disabled_tests"
Directory: /Users/vladimir/an24_cpp/build/tests
"PortRowWidgetTest.RightPortCenterAtRightEdge" start time: Mar 05 17:03 CET
Output:
----------------------------------------------------------
Running main() from /Users/vladimir/an24_cpp/build/_deps/googletest-src/googletest/src/gtest_main.cc
Note: Google Test filter = PortRowWidgetTest.RightPortCenterAtRightEdge
[==========] Running 1 test from 1 test suite.
[----------] Global test environment set-up.
[----------] 1 test from PortRowWidgetTest
[ RUN      ] PortRowWidgetTest.RightPortCenterAtRightEdge
[       OK ] PortRowWidgetTest.RightPortCenterAtRightEdge (0 ms)
[----------] 1 test from PortRowWidgetTest (0 ms total)

[----------] Global test environment tear-down
[==========] 1 test from 1 test suite ran. (0 ms total)
[  PASSED  ] 1 test.
<end of output>
Test time =   0.01 sec
----------------------------------------------------------
Test Passed.
"PortRowWidgetTest.RightPortCenterAtRightEdge" end time: Mar 05 17:03 CET
"PortRowWidgetTest.RightPortCenterAtRightEdge" time elapsed: 00:00:00
----------------------------------------------------------

172/221 Testing: PortRowWidgetTest.PortNames
172/221 Test: PortRowWidgetTest.PortNames
Command: "/Users/vladimir/an24_cpp/build/tests/editor_widget_tests" "--gtest_filter=PortRowWidgetTest.PortNames" "--gtest_also_run_disabled_tests"
Directory: /Users/vladimir/an24_cpp/build/tests
"PortRowWidgetTest.PortNames" start time: Mar 05 17:03 CET
Output:
----------------------------------------------------------
Running main() from /Users/vladimir/an24_cpp/build/_deps/googletest-src/googletest/src/gtest_main.cc
Note: Google Test filter = PortRowWidgetTest.PortNames
[==========] Running 1 test from 1 test suite.
[----------] Global test environment set-up.
[----------] 1 test from PortRowWidgetTest
[ RUN      ] PortRowWidgetTest.PortNames
[       OK ] PortRowWidgetTest.PortNames (0 ms)
[----------] 1 test from PortRowWidgetTest (0 ms total)

[----------] Global test environment tear-down
[==========] 1 test from 1 test suite ran. (0 ms total)
[  PASSED  ] 1 test.
<end of output>
Test time =   0.01 sec
----------------------------------------------------------
Test Passed.
"PortRowWidgetTest.PortNames" end time: Mar 05 17:03 CET
"PortRowWidgetTest.PortNames" time elapsed: 00:00:00
----------------------------------------------------------

192/221 Testing: BoundsTest.ContainsOutside
192/221 Test: BoundsTest.ContainsOutside
Command: "/Users/vladimir/an24_cpp/build/tests/editor_widget_tests" "--gtest_filter=BoundsTest.ContainsOutside" "--gtest_also_run_disabled_tests"
Directory: /Users/vladimir/an24_cpp/build/tests
"BoundsTest.ContainsOutside" start time: Mar 05 17:03 CET
Output:
----------------------------------------------------------
Running main() from /Users/vladimir/an24_cpp/build/_deps/googletest-src/googletest/src/gtest_main.cc
Note: Google Test filter = BoundsTest.ContainsOutside
[==========] Running 1 test from 1 test suite.
[----------] Global test environment set-up.
[----------] 1 test from BoundsTest
[ RUN      ] BoundsTest.ContainsOutside
[       OK ] BoundsTest.ContainsOutside (0 ms)
[----------] 1 test from BoundsTest (0 ms total)

[----------] Global test environment tear-down
[==========] 1 test from 1 test suite ran. (0 ms total)
[  PASSED  ] 1 test.
<end of output>
Test time =   0.02 sec
----------------------------------------------------------
Test Passed.
"BoundsTest.ContainsOutside" end time: Mar 05 17:03 CET
"BoundsTest.ContainsOutside" time elapsed: 00:00:00
----------------------------------------------------------

158/221 Testing: WidgetTest.SetSize
158/221 Test: WidgetTest.SetSize
Command: "/Users/vladimir/an24_cpp/build/tests/editor_widget_tests" "--gtest_filter=WidgetTest.SetSize" "--gtest_also_run_disabled_tests"
Directory: /Users/vladimir/an24_cpp/build/tests
"WidgetTest.SetSize" start time: Mar 05 17:03 CET
Output:
----------------------------------------------------------
Running main() from /Users/vladimir/an24_cpp/build/_deps/googletest-src/googletest/src/gtest_main.cc
Note: Google Test filter = WidgetTest.SetSize
[==========] Running 1 test from 1 test suite.
[----------] Global test environment set-up.
[----------] 1 test from WidgetTest
[ RUN      ] WidgetTest.SetSize
[       OK ] WidgetTest.SetSize (0 ms)
[----------] 1 test from WidgetTest (0 ms total)

[----------] Global test environment tear-down
[==========] 1 test from 1 test suite ran. (0 ms total)
[  PASSED  ] 1 test.
<end of output>
Test time =   0.01 sec
----------------------------------------------------------
Test Passed.
"WidgetTest.SetSize" end time: Mar 05 17:03 CET
"WidgetTest.SetSize" time elapsed: 00:00:00
----------------------------------------------------------

200/221 Testing: IDraggableTest.GetSetSize
200/221 Test: IDraggableTest.GetSetSize
Command: "/Users/vladimir/an24_cpp/build/tests/editor_widget_tests" "--gtest_filter=IDraggableTest.GetSetSize" "--gtest_also_run_disabled_tests"
Directory: /Users/vladimir/an24_cpp/build/tests
"IDraggableTest.GetSetSize" start time: Mar 05 17:03 CET
Output:
----------------------------------------------------------
Running main() from /Users/vladimir/an24_cpp/build/_deps/googletest-src/googletest/src/gtest_main.cc
Note: Google Test filter = IDraggableTest.GetSetSize
[==========] Running 1 test from 1 test suite.
[----------] Global test environment set-up.
[----------] 1 test from IDraggableTest
[ RUN      ] IDraggableTest.GetSetSize
[       OK ] IDraggableTest.GetSetSize (0 ms)
[----------] 1 test from IDraggableTest (0 ms total)

[----------] Global test environment tear-down
[==========] 1 test from 1 test suite ran. (0 ms total)
[  PASSED  ] 1 test.
<end of output>
Test time =   0.02 sec
----------------------------------------------------------
Test Passed.
"IDraggableTest.GetSetSize" end time: Mar 05 17:03 CET
"IDraggableTest.GetSetSize" time elapsed: 00:00:00
----------------------------------------------------------

188/221 Testing: StandardVisualNodeLayoutTest.NodeWithContent
188/221 Test: StandardVisualNodeLayoutTest.NodeWithContent
Command: "/Users/vladimir/an24_cpp/build/tests/editor_widget_tests" "--gtest_filter=StandardVisualNodeLayoutTest.NodeWithContent" "--gtest_also_run_disabled_tests"
Directory: /Users/vladimir/an24_cpp/build/tests
"StandardVisualNodeLayoutTest.NodeWithContent" start time: Mar 05 17:03 CET
Output:
----------------------------------------------------------
Running main() from /Users/vladimir/an24_cpp/build/_deps/googletest-src/googletest/src/gtest_main.cc
Note: Google Test filter = StandardVisualNodeLayoutTest.NodeWithContent
[==========] Running 1 test from 1 test suite.
[----------] Global test environment set-up.
[----------] 1 test from StandardVisualNodeLayoutTest
[ RUN      ] StandardVisualNodeLayoutTest.NodeWithContent
[       OK ] StandardVisualNodeLayoutTest.NodeWithContent (0 ms)
[----------] 1 test from StandardVisualNodeLayoutTest (0 ms total)

[----------] Global test environment tear-down
[==========] 1 test from 1 test suite ran. (0 ms total)
[  PASSED  ] 1 test.
<end of output>
Test time =   0.01 sec
----------------------------------------------------------
Test Passed.
"StandardVisualNodeLayoutTest.NodeWithContent" end time: Mar 05 17:03 CET
"StandardVisualNodeLayoutTest.NodeWithContent" time elapsed: 00:00:00
----------------------------------------------------------

41/221 Testing: PersistTest.LoadSimulatorFormat_VsuTest
41/221 Test: PersistTest.LoadSimulatorFormat_VsuTest
Command: "/Users/vladimir/an24_cpp/build/tests/editor_persist_tests" "--gtest_filter=PersistTest.LoadSimulatorFormat_VsuTest" "--gtest_also_run_disabled_tests"
Directory: /Users/vladimir/an24_cpp/build/tests
"PersistTest.LoadSimulatorFormat_VsuTest" start time: Mar 05 17:03 CET
Output:
----------------------------------------------------------
Running main() from /Users/vladimir/an24_cpp/build/_deps/googletest-src/googletest/src/gtest_main.cc
Note: Google Test filter = PersistTest.LoadSimulatorFormat_VsuTest
[==========] Running 1 test from 1 test suite.
[----------] Global test environment set-up.
[----------] 1 test from PersistTest
[ RUN      ] PersistTest.LoadSimulatorFormat_VsuTest
[       OK ] PersistTest.LoadSimulatorFormat_VsuTest (174 ms)
[----------] 1 test from PersistTest (174 ms total)

[----------] Global test environment tear-down
[==========] 1 test from 1 test suite ran. (174 ms total)
[  PASSED  ] 1 test.
<end of output>
Test time =   0.19 sec
----------------------------------------------------------
Test Passed.
"PersistTest.LoadSimulatorFormat_VsuTest" end time: Mar 05 17:03 CET
"PersistTest.LoadSimulatorFormat_VsuTest" time elapsed: 00:00:00
----------------------------------------------------------

160/221 Testing: ColumnLayoutTest.Empty
160/221 Test: ColumnLayoutTest.Empty
Command: "/Users/vladimir/an24_cpp/build/tests/editor_widget_tests" "--gtest_filter=ColumnLayoutTest.Empty" "--gtest_also_run_disabled_tests"
Directory: /Users/vladimir/an24_cpp/build/tests
"ColumnLayoutTest.Empty" start time: Mar 05 17:03 CET
Output:
----------------------------------------------------------
Running main() from /Users/vladimir/an24_cpp/build/_deps/googletest-src/googletest/src/gtest_main.cc
Note: Google Test filter = ColumnLayoutTest.Empty
[==========] Running 1 test from 1 test suite.
[----------] Global test environment set-up.
[----------] 1 test from ColumnLayoutTest
[ RUN      ] ColumnLayoutTest.Empty
[       OK ] ColumnLayoutTest.Empty (0 ms)
[----------] 1 test from ColumnLayoutTest (0 ms total)

[----------] Global test environment tear-down
[==========] 1 test from 1 test suite ran. (0 ms total)
[  PASSED  ] 1 test.
<end of output>
Test time =   0.02 sec
----------------------------------------------------------
Test Passed.
"ColumnLayoutTest.Empty" end time: Mar 05 17:03 CET
"ColumnLayoutTest.Empty" time elapsed: 00:00:00
----------------------------------------------------------

208/221 Testing: InterfaceCastTest.NodeSupportsAllInterfaces
208/221 Test: InterfaceCastTest.NodeSupportsAllInterfaces
Command: "/Users/vladimir/an24_cpp/build/tests/editor_widget_tests" "--gtest_filter=InterfaceCastTest.NodeSupportsAllInterfaces" "--gtest_also_run_disabled_tests"
Directory: /Users/vladimir/an24_cpp/build/tests
"InterfaceCastTest.NodeSupportsAllInterfaces" start time: Mar 05 17:03 CET
Output:
----------------------------------------------------------
Running main() from /Users/vladimir/an24_cpp/build/_deps/googletest-src/googletest/src/gtest_main.cc
Note: Google Test filter = InterfaceCastTest.NodeSupportsAllInterfaces
[==========] Running 1 test from 1 test suite.
[----------] Global test environment set-up.
[----------] 1 test from InterfaceCastTest
[ RUN      ] InterfaceCastTest.NodeSupportsAllInterfaces
[       OK ] InterfaceCastTest.NodeSupportsAllInterfaces (0 ms)
[----------] 1 test from InterfaceCastTest (0 ms total)

[----------] Global test environment tear-down
[==========] 1 test from 1 test suite ran. (0 ms total)
[  PASSED  ] 1 test.
<end of output>
Test time =   0.02 sec
----------------------------------------------------------
Test Passed.
"InterfaceCastTest.NodeSupportsAllInterfaces" end time: Mar 05 17:03 CET
"InterfaceCastTest.NodeSupportsAllInterfaces" time elapsed: 00:00:00
----------------------------------------------------------

183/221 Testing: ContentWidgetTest.EmptyLabelDoesNotRender
183/221 Test: ContentWidgetTest.EmptyLabelDoesNotRender
Command: "/Users/vladimir/an24_cpp/build/tests/editor_widget_tests" "--gtest_filter=ContentWidgetTest.EmptyLabelDoesNotRender" "--gtest_also_run_disabled_tests"
Directory: /Users/vladimir/an24_cpp/build/tests
"ContentWidgetTest.EmptyLabelDoesNotRender" start time: Mar 05 17:03 CET
Output:
----------------------------------------------------------
Running main() from /Users/vladimir/an24_cpp/build/_deps/googletest-src/googletest/src/gtest_main.cc
Note: Google Test filter = ContentWidgetTest.EmptyLabelDoesNotRender
[==========] Running 1 test from 1 test suite.
[----------] Global test environment set-up.
[----------] 1 test from ContentWidgetTest
[ RUN      ] ContentWidgetTest.EmptyLabelDoesNotRender
[       OK ] ContentWidgetTest.EmptyLabelDoesNotRender (0 ms)
[----------] 1 test from ContentWidgetTest (0 ms total)

[----------] Global test environment tear-down
[==========] 1 test from 1 test suite ran. (0 ms total)
[  PASSED  ] 1 test.
<end of output>
Test time =   0.01 sec
----------------------------------------------------------
Test Passed.
"ContentWidgetTest.EmptyLabelDoesNotRender" end time: Mar 05 17:03 CET
"ContentWidgetTest.EmptyLabelDoesNotRender" time elapsed: 00:00:00
----------------------------------------------------------

202/221 Testing: IPersistableTest.NodeHasStableId
202/221 Test: IPersistableTest.NodeHasStableId
Command: "/Users/vladimir/an24_cpp/build/tests/editor_widget_tests" "--gtest_filter=IPersistableTest.NodeHasStableId" "--gtest_also_run_disabled_tests"
Directory: /Users/vladimir/an24_cpp/build/tests
"IPersistableTest.NodeHasStableId" start time: Mar 05 17:03 CET
Output:
----------------------------------------------------------
Running main() from /Users/vladimir/an24_cpp/build/_deps/googletest-src/googletest/src/gtest_main.cc
Note: Google Test filter = IPersistableTest.NodeHasStableId
[==========] Running 1 test from 1 test suite.
[----------] Global test environment set-up.
[----------] 1 test from IPersistableTest
[ RUN      ] IPersistableTest.NodeHasStableId
[       OK ] IPersistableTest.NodeHasStableId (0 ms)
[----------] 1 test from IPersistableTest (0 ms total)

[----------] Global test environment tear-down
[==========] 1 test from 1 test suite ran. (0 ms total)
[  PASSED  ] 1 test.
<end of output>
Test time =   0.02 sec
----------------------------------------------------------
Test Passed.
"IPersistableTest.NodeHasStableId" end time: Mar 05 17:03 CET
"IPersistableTest.NodeHasStableId" time elapsed: 00:00:00
----------------------------------------------------------

176/221 Testing: PortRowWidgetTest.EmptyRightPort
176/221 Test: PortRowWidgetTest.EmptyRightPort
Command: "/Users/vladimir/an24_cpp/build/tests/editor_widget_tests" "--gtest_filter=PortRowWidgetTest.EmptyRightPort" "--gtest_also_run_disabled_tests"
Directory: /Users/vladimir/an24_cpp/build/tests
"PortRowWidgetTest.EmptyRightPort" start time: Mar 05 17:03 CET
Output:
----------------------------------------------------------
Running main() from /Users/vladimir/an24_cpp/build/_deps/googletest-src/googletest/src/gtest_main.cc
Note: Google Test filter = PortRowWidgetTest.EmptyRightPort
[==========] Running 1 test from 1 test suite.
[----------] Global test environment set-up.
[----------] 1 test from PortRowWidgetTest
[ RUN      ] PortRowWidgetTest.EmptyRightPort
[       OK ] PortRowWidgetTest.EmptyRightPort (0 ms)
[----------] 1 test from PortRowWidgetTest (0 ms total)

[----------] Global test environment tear-down
[==========] 1 test from 1 test suite ran. (0 ms total)
[  PASSED  ] 1 test.
<end of output>
Test time =   0.02 sec
----------------------------------------------------------
Test Passed.
"PortRowWidgetTest.EmptyRightPort" end time: Mar 05 17:03 CET
"PortRowWidgetTest.EmptyRightPort" time elapsed: 00:00:00
----------------------------------------------------------

180/221 Testing: PortRowWidgetTest.CirclesScaleWithZoom
180/221 Test: PortRowWidgetTest.CirclesScaleWithZoom
Command: "/Users/vladimir/an24_cpp/build/tests/editor_widget_tests" "--gtest_filter=PortRowWidgetTest.CirclesScaleWithZoom" "--gtest_also_run_disabled_tests"
Directory: /Users/vladimir/an24_cpp/build/tests
"PortRowWidgetTest.CirclesScaleWithZoom" start time: Mar 05 17:03 CET
Output:
----------------------------------------------------------
Running main() from /Users/vladimir/an24_cpp/build/_deps/googletest-src/googletest/src/gtest_main.cc
Note: Google Test filter = PortRowWidgetTest.CirclesScaleWithZoom
[==========] Running 1 test from 1 test suite.
[----------] Global test environment set-up.
[----------] 1 test from PortRowWidgetTest
[ RUN      ] PortRowWidgetTest.CirclesScaleWithZoom
[       OK ] PortRowWidgetTest.CirclesScaleWithZoom (0 ms)
[----------] 1 test from PortRowWidgetTest (0 ms total)

[----------] Global test environment tear-down
[==========] 1 test from 1 test suite ran. (0 ms total)
[  PASSED  ] 1 test.
<end of output>
Test time =   0.02 sec
----------------------------------------------------------
Test Passed.
"PortRowWidgetTest.CirclesScaleWithZoom" end time: Mar 05 17:03 CET
"PortRowWidgetTest.CirclesScaleWithZoom" time elapsed: 00:00:00
----------------------------------------------------------

187/221 Testing: StandardVisualNodeLayoutTest.NodeAutoSizesForManyPorts
187/221 Test: StandardVisualNodeLayoutTest.NodeAutoSizesForManyPorts
Command: "/Users/vladimir/an24_cpp/build/tests/editor_widget_tests" "--gtest_filter=StandardVisualNodeLayoutTest.NodeAutoSizesForManyPorts" "--gtest_also_run_disabled_tests"
Directory: /Users/vladimir/an24_cpp/build/tests
"StandardVisualNodeLayoutTest.NodeAutoSizesForManyPorts" start time: Mar 05 17:03 CET
Output:
----------------------------------------------------------
Running main() from /Users/vladimir/an24_cpp/build/_deps/googletest-src/googletest/src/gtest_main.cc
Note: Google Test filter = StandardVisualNodeLayoutTest.NodeAutoSizesForManyPorts
[==========] Running 1 test from 1 test suite.
[----------] Global test environment set-up.
[----------] 1 test from StandardVisualNodeLayoutTest
[ RUN      ] StandardVisualNodeLayoutTest.NodeAutoSizesForManyPorts
[       OK ] StandardVisualNodeLayoutTest.NodeAutoSizesForManyPorts (0 ms)
[----------] 1 test from StandardVisualNodeLayoutTest (0 ms total)

[----------] Global test environment tear-down
[==========] 1 test from 1 test suite ran. (0 ms total)
[  PASSED  ] 1 test.
<end of output>
Test time =   0.02 sec
----------------------------------------------------------
Test Passed.
"StandardVisualNodeLayoutTest.NodeAutoSizesForManyPorts" end time: Mar 05 17:03 CET
"StandardVisualNodeLayoutTest.NodeAutoSizesForManyPorts" time elapsed: 00:00:00
----------------------------------------------------------

204/221 Testing: IPersistableTest.RefNodeHasId
204/221 Test: IPersistableTest.RefNodeHasId
Command: "/Users/vladimir/an24_cpp/build/tests/editor_widget_tests" "--gtest_filter=IPersistableTest.RefNodeHasId" "--gtest_also_run_disabled_tests"
Directory: /Users/vladimir/an24_cpp/build/tests
"IPersistableTest.RefNodeHasId" start time: Mar 05 17:03 CET
Output:
----------------------------------------------------------
Running main() from /Users/vladimir/an24_cpp/build/_deps/googletest-src/googletest/src/gtest_main.cc
Note: Google Test filter = IPersistableTest.RefNodeHasId
[==========] Running 1 test from 1 test suite.
[----------] Global test environment set-up.
[----------] 1 test from IPersistableTest
[ RUN      ] IPersistableTest.RefNodeHasId
[       OK ] IPersistableTest.RefNodeHasId (0 ms)
[----------] 1 test from IPersistableTest (0 ms total)

[----------] Global test environment tear-down
[==========] 1 test from 1 test suite ran. (0 ms total)
[  PASSED  ] 1 test.
<end of output>
Test time =   0.02 sec
----------------------------------------------------------
Test Passed.
"IPersistableTest.RefNodeHasId" end time: Mar 05 17:03 CET
"IPersistableTest.RefNodeHasId" time elapsed: 00:00:00
----------------------------------------------------------

159/221 Testing: WidgetTest.GetBounds
159/221 Test: WidgetTest.GetBounds
Command: "/Users/vladimir/an24_cpp/build/tests/editor_widget_tests" "--gtest_filter=WidgetTest.GetBounds" "--gtest_also_run_disabled_tests"
Directory: /Users/vladimir/an24_cpp/build/tests
"WidgetTest.GetBounds" start time: Mar 05 17:03 CET
Output:
----------------------------------------------------------
Running main() from /Users/vladimir/an24_cpp/build/_deps/googletest-src/googletest/src/gtest_main.cc
Note: Google Test filter = WidgetTest.GetBounds
[==========] Running 1 test from 1 test suite.
[----------] Global test environment set-up.
[----------] 1 test from WidgetTest
[ RUN      ] WidgetTest.GetBounds
[       OK ] WidgetTest.GetBounds (0 ms)
[----------] 1 test from WidgetTest (0 ms total)

[----------] Global test environment tear-down
[==========] 1 test from 1 test suite ran. (0 ms total)
[  PASSED  ] 1 test.
<end of output>
Test time =   0.02 sec
----------------------------------------------------------
Test Passed.
"WidgetTest.GetBounds" end time: Mar 05 17:03 CET
"WidgetTest.GetBounds" time elapsed: 00:00:00
----------------------------------------------------------

171/221 Testing: PortRowWidgetTest.PreferredSize
171/221 Test: PortRowWidgetTest.PreferredSize
Command: "/Users/vladimir/an24_cpp/build/tests/editor_widget_tests" "--gtest_filter=PortRowWidgetTest.PreferredSize" "--gtest_also_run_disabled_tests"
Directory: /Users/vladimir/an24_cpp/build/tests
"PortRowWidgetTest.PreferredSize" start time: Mar 05 17:03 CET
Output:
----------------------------------------------------------
Running main() from /Users/vladimir/an24_cpp/build/_deps/googletest-src/googletest/src/gtest_main.cc
Note: Google Test filter = PortRowWidgetTest.PreferredSize
[==========] Running 1 test from 1 test suite.
[----------] Global test environment set-up.
[----------] 1 test from PortRowWidgetTest
[ RUN      ] PortRowWidgetTest.PreferredSize
[       OK ] PortRowWidgetTest.PreferredSize (0 ms)
[----------] 1 test from PortRowWidgetTest (0 ms total)

[----------] Global test environment tear-down
[==========] 1 test from 1 test suite ran. (0 ms total)
[  PASSED  ] 1 test.
<end of output>
Test time =   0.01 sec
----------------------------------------------------------
Test Passed.
"PortRowWidgetTest.PreferredSize" end time: Mar 05 17:03 CET
"PortRowWidgetTest.PreferredSize" time elapsed: 00:00:00
----------------------------------------------------------

162/221 Testing: ColumnLayoutTest.FixedChildrenStackVertically
162/221 Test: ColumnLayoutTest.FixedChildrenStackVertically
Command: "/Users/vladimir/an24_cpp/build/tests/editor_widget_tests" "--gtest_filter=ColumnLayoutTest.FixedChildrenStackVertically" "--gtest_also_run_disabled_tests"
Directory: /Users/vladimir/an24_cpp/build/tests
"ColumnLayoutTest.FixedChildrenStackVertically" start time: Mar 05 17:03 CET
Output:
----------------------------------------------------------
Running main() from /Users/vladimir/an24_cpp/build/_deps/googletest-src/googletest/src/gtest_main.cc
Note: Google Test filter = ColumnLayoutTest.FixedChildrenStackVertically
[==========] Running 1 test from 1 test suite.
[----------] Global test environment set-up.
[----------] 1 test from ColumnLayoutTest
[ RUN      ] ColumnLayoutTest.FixedChildrenStackVertically
[       OK ] ColumnLayoutTest.FixedChildrenStackVertically (0 ms)
[----------] 1 test from ColumnLayoutTest (0 ms total)

[----------] Global test environment tear-down
[==========] 1 test from 1 test suite ran. (0 ms total)
[  PASSED  ] 1 test.
<end of output>
Test time =   0.03 sec
----------------------------------------------------------
Test Passed.
"ColumnLayoutTest.FixedChildrenStackVertically" end time: Mar 05 17:03 CET
"ColumnLayoutTest.FixedChildrenStackVertically" time elapsed: 00:00:00
----------------------------------------------------------

175/221 Testing: PortRowWidgetTest.EmptyLeftPort
175/221 Test: PortRowWidgetTest.EmptyLeftPort
Command: "/Users/vladimir/an24_cpp/build/tests/editor_widget_tests" "--gtest_filter=PortRowWidgetTest.EmptyLeftPort" "--gtest_also_run_disabled_tests"
Directory: /Users/vladimir/an24_cpp/build/tests
"PortRowWidgetTest.EmptyLeftPort" start time: Mar 05 17:03 CET
Output:
----------------------------------------------------------
Running main() from /Users/vladimir/an24_cpp/build/_deps/googletest-src/googletest/src/gtest_main.cc
Note: Google Test filter = PortRowWidgetTest.EmptyLeftPort
[==========] Running 1 test from 1 test suite.
[----------] Global test environment set-up.
[----------] 1 test from PortRowWidgetTest
[ RUN      ] PortRowWidgetTest.EmptyLeftPort
[       OK ] PortRowWidgetTest.EmptyLeftPort (0 ms)
[----------] 1 test from PortRowWidgetTest (0 ms total)

[----------] Global test environment tear-down
[==========] 1 test from 1 test suite ran. (0 ms total)
[  PASSED  ] 1 test.
<end of output>
Test time =   0.02 sec
----------------------------------------------------------
Test Passed.
"PortRowWidgetTest.EmptyLeftPort" end time: Mar 05 17:03 CET
"PortRowWidgetTest.EmptyLeftPort" time elapsed: 00:00:00
----------------------------------------------------------

190/221 Testing: StandardVisualNodeLayoutTest.SelectedNodeRenders
190/221 Test: StandardVisualNodeLayoutTest.SelectedNodeRenders
Command: "/Users/vladimir/an24_cpp/build/tests/editor_widget_tests" "--gtest_filter=StandardVisualNodeLayoutTest.SelectedNodeRenders" "--gtest_also_run_disabled_tests"
Directory: /Users/vladimir/an24_cpp/build/tests
"StandardVisualNodeLayoutTest.SelectedNodeRenders" start time: Mar 05 17:03 CET
Output:
----------------------------------------------------------
Running main() from /Users/vladimir/an24_cpp/build/_deps/googletest-src/googletest/src/gtest_main.cc
Note: Google Test filter = StandardVisualNodeLayoutTest.SelectedNodeRenders
[==========] Running 1 test from 1 test suite.
[----------] Global test environment set-up.
[----------] 1 test from StandardVisualNodeLayoutTest
[ RUN      ] StandardVisualNodeLayoutTest.SelectedNodeRenders
[       OK ] StandardVisualNodeLayoutTest.SelectedNodeRenders (0 ms)
[----------] 1 test from StandardVisualNodeLayoutTest (0 ms total)

[----------] Global test environment tear-down
[==========] 1 test from 1 test suite ran. (0 ms total)
[  PASSED  ] 1 test.
<end of output>
Test time =   0.02 sec
----------------------------------------------------------
Test Passed.
"StandardVisualNodeLayoutTest.SelectedNodeRenders" end time: Mar 05 17:03 CET
"StandardVisualNodeLayoutTest.SelectedNodeRenders" time elapsed: 00:00:00
----------------------------------------------------------

164/221 Testing: ColumnLayoutTest.MultipleFlexChildrenShareSpace
164/221 Test: ColumnLayoutTest.MultipleFlexChildrenShareSpace
Command: "/Users/vladimir/an24_cpp/build/tests/editor_widget_tests" "--gtest_filter=ColumnLayoutTest.MultipleFlexChildrenShareSpace" "--gtest_also_run_disabled_tests"
Directory: /Users/vladimir/an24_cpp/build/tests
"ColumnLayoutTest.MultipleFlexChildrenShareSpace" start time: Mar 05 17:03 CET
Output:
----------------------------------------------------------
Running main() from /Users/vladimir/an24_cpp/build/_deps/googletest-src/googletest/src/gtest_main.cc
Note: Google Test filter = ColumnLayoutTest.MultipleFlexChildrenShareSpace
[==========] Running 1 test from 1 test suite.
[----------] Global test environment set-up.
[----------] 1 test from ColumnLayoutTest
[ RUN      ] ColumnLayoutTest.MultipleFlexChildrenShareSpace
[       OK ] ColumnLayoutTest.MultipleFlexChildrenShareSpace (0 ms)
[----------] 1 test from ColumnLayoutTest (0 ms total)

[----------] Global test environment tear-down
[==========] 1 test from 1 test suite ran. (0 ms total)
[  PASSED  ] 1 test.
<end of output>
Test time =   0.02 sec
----------------------------------------------------------
Test Passed.
"ColumnLayoutTest.MultipleFlexChildrenShareSpace" end time: Mar 05 17:03 CET
"ColumnLayoutTest.MultipleFlexChildrenShareSpace" time elapsed: 00:00:00
----------------------------------------------------------

167/221 Testing: HeaderWidgetTest.PreferredSize
167/221 Test: HeaderWidgetTest.PreferredSize
Command: "/Users/vladimir/an24_cpp/build/tests/editor_widget_tests" "--gtest_filter=HeaderWidgetTest.PreferredSize" "--gtest_also_run_disabled_tests"
Directory: /Users/vladimir/an24_cpp/build/tests
"HeaderWidgetTest.PreferredSize" start time: Mar 05 17:03 CET
Output:
----------------------------------------------------------
Running main() from /Users/vladimir/an24_cpp/build/_deps/googletest-src/googletest/src/gtest_main.cc
Note: Google Test filter = HeaderWidgetTest.PreferredSize
[==========] Running 1 test from 1 test suite.
[----------] Global test environment set-up.
[----------] 1 test from HeaderWidgetTest
[ RUN      ] HeaderWidgetTest.PreferredSize
[       OK ] HeaderWidgetTest.PreferredSize (0 ms)
[----------] 1 test from HeaderWidgetTest (0 ms total)

[----------] Global test environment tear-down
[==========] 1 test from 1 test suite ran. (0 ms total)
[  PASSED  ] 1 test.
<end of output>
Test time =   0.02 sec
----------------------------------------------------------
Test Passed.
"HeaderWidgetTest.PreferredSize" end time: Mar 05 17:03 CET
"HeaderWidgetTest.PreferredSize" time elapsed: 00:00:00
----------------------------------------------------------

177/221 Testing: PortRowWidgetTest.ContentBoundsCalculated
177/221 Test: PortRowWidgetTest.ContentBoundsCalculated
Command: "/Users/vladimir/an24_cpp/build/tests/editor_widget_tests" "--gtest_filter=PortRowWidgetTest.ContentBoundsCalculated" "--gtest_also_run_disabled_tests"
Directory: /Users/vladimir/an24_cpp/build/tests
"PortRowWidgetTest.ContentBoundsCalculated" start time: Mar 05 17:03 CET
Output:
----------------------------------------------------------
Running main() from /Users/vladimir/an24_cpp/build/_deps/googletest-src/googletest/src/gtest_main.cc
Note: Google Test filter = PortRowWidgetTest.ContentBoundsCalculated
[==========] Running 1 test from 1 test suite.
[----------] Global test environment set-up.
[----------] 1 test from PortRowWidgetTest
[ RUN      ] PortRowWidgetTest.ContentBoundsCalculated
[       OK ] PortRowWidgetTest.ContentBoundsCalculated (0 ms)
[----------] 1 test from PortRowWidgetTest (0 ms total)

[----------] Global test environment tear-down
[==========] 1 test from 1 test suite ran. (0 ms total)
[  PASSED  ] 1 test.
<end of output>
Test time =   0.02 sec
----------------------------------------------------------
Test Passed.
"PortRowWidgetTest.ContentBoundsCalculated" end time: Mar 05 17:03 CET
[...]
----------------------------------------------------------

76/221 Testing: RenderTest.RenderTooltip_InactiveDoesNothing
76/221 Test: RenderTest.RenderTooltip_InactiveDoesNothing
Command: "/Users/vladimir/an24_cpp/build/tests/editor_render_tests" "--gtest_filter=RenderTest.RenderTooltip_InactiveDoesNothing" "--gtest_also_run_disabled_tests"
Directory: /Users/vladimir/an24_cpp/build/tests
"RenderTest.RenderTooltip_InactiveDoesNothing" start time: Mar 05 17:03 CET
Output:
----------------------------------------------------------
Running main() from /Users/vladimir/an24_cpp/build/_deps/googletest-src/googletest/src/gtest_main.cc
Note: Google Test filter = RenderTest.RenderTooltip_InactiveDoesNothing
[==========] Running 1 test from 1 test suite.
[----------] Global test environment set-up.
[----------] 1 test from RenderTest
[ RUN      ] RenderTest.RenderTooltip_InactiveDoesNothing
[       OK ] RenderTest.RenderTooltip_InactiveDoesNothing (0 ms)
[----------] 1 test from RenderTest (0 ms total)

[----------] Global test environment tear-down
[==========] 1 test from 1 test suite ran. (0 ms total)
[  PASSED  ] 1 test.
<end of output>
Test time =   0.03 sec
----------------------------------------------------------
Test Passed.
"RenderTest.RenderTooltip_InactiveDoesNothing" end time: Mar 05 17:03 CET
"RenderTest.RenderTooltip_InactiveDoesNothing" time elapsed: 00:00:00
----------------------------------------------------------

212/221 Testing: SimulationTest.RunningFlag
212/221 Test: SimulationTest.RunningFlag
Command: "/Users/vladimir/an24_cpp/build/tests/editor_simulation_tests" "--gtest_filter=SimulationTest.RunningFlag" "--gtest_also_run_disabled_tests"
Directory: /Users/vladimir/an24_cpp/build/tests
"SimulationTest.RunningFlag" start time: Mar 05 17:03 CET
Output:
----------------------------------------------------------
Running main() from /Users/vladimir/an24_cpp/build/_deps/googletest-src/googletest/src/gtest_main.cc
Note: Google Test filter = SimulationTest.RunningFlag
[==========] Running 1 test from 1 test suite.
[----------] Global test environment set-up.
[----------] 1 test from SimulationTest
[ RUN      ] SimulationTest.RunningFlag
[2026-03-05 17:03:34.080] [info] Built JIT systems: 3 signals, 0 fixed
[       OK ] SimulationTest.RunningFlag (3 ms)
[----------] 1 test from SimulationTest (3 ms total)

[----------] Global test environment tear-down
[==========] 1 test from 1 test suite ran. (3 ms total)
[  PASSED  ] 1 test.
<end of output>
Test time =   0.03 sec
----------------------------------------------------------
Test Passed.
"SimulationTest.RunningFlag" end time: Mar 05 17:03 CET
"SimulationTest.RunningFlag" time elapsed: 00:00:00
----------------------------------------------------------

210/221 Testing: SimulationTest.BuildsFromBlueprint
210/221 Test: SimulationTest.BuildsFromBlueprint
Command: "/Users/vladimir/an24_cpp/build/tests/editor_simulation_tests" "--gtest_filter=SimulationTest.BuildsFromBlueprint" "--gtest_also_run_disabled_tests"
Directory: /Users/vladimir/an24_cpp/build/tests
"SimulationTest.BuildsFromBlueprint" start time: Mar 05 17:03 CET
Output:
----------------------------------------------------------
Running main() from /Users/vladimir/an24_cpp/build/_deps/googletest-src/googletest/src/gtest_main.cc
Note: Google Test filter = SimulationTest.BuildsFromBlueprint
[==========] Running 1 test from 1 test suite.
[----------] Global test environment set-up.
[----------] 1 test from SimulationTest
[ RUN      ] SimulationTest.BuildsFromBlueprint
[2026-03-05 17:03:34.081] [info] Built JIT systems: 3 signals, 0 fixed
[       OK ] SimulationTest.BuildsFromBlueprint (2 ms)
[----------] 1 test from SimulationTest (2 ms total)

[----------] Global test environment tear-down
[==========] 1 test from 1 test suite ran. (2 ms total)
[  PASSED  ] 1 test.
<end of output>
Test time =   0.03 sec
----------------------------------------------------------
Test Passed.
"SimulationTest.BuildsFromBlueprint" end time: Mar 05 17:03 CET
"SimulationTest.BuildsFromBlueprint" time elapsed: 00:00:00
----------------------------------------------------------

211/221 Testing: SimulationTest.StepCounterIncrements
211/221 Test: SimulationTest.StepCounterIncrements
Command: "/Users/vladimir/an24_cpp/build/tests/editor_simulation_tests" "--gtest_filter=SimulationTest.StepCounterIncrements" "--gtest_also_run_disabled_tests"
Directory: /Users/vladimir/an24_cpp/build/tests
"SimulationTest.StepCounterIncrements" start time: Mar 05 17:03 CET
Output:
----------------------------------------------------------
Running main() from /Users/vladimir/an24_cpp/build/_deps/googletest-src/googletest/src/gtest_main.cc
Note: Google Test filter = SimulationTest.StepCounterIncrements
[==========] Running 1 test from 1 test suite.
[----------] Global test environment set-up.
[----------] 1 test from SimulationTest
[ RUN      ] SimulationTest.StepCounterIncrements
[2026-03-05 17:03:34.082] [info] Built JIT systems: 3 signals, 0 fixed
[       OK ] SimulationTest.StepCounterIncrements (3 ms)
[----------] 1 test from SimulationTest (3 ms total)

[----------] Global test environment tear-down
[==========] 1 test from 1 test suite ran. (3 ms total)
[  PASSED  ] 1 test.
<end of output>
Test time =   0.03 sec
----------------------------------------------------------
Test Passed.
"SimulationTest.StepCounterIncrements" end time: Mar 05 17:03 CET
"SimulationTest.StepCounterIncrements" time elapsed: 00:00:00
----------------------------------------------------------

214/221 Testing: SimulationTest.BatteryVoltageConverges
214/221 Test: SimulationTest.BatteryVoltageConverges
Command: "/Users/vladimir/an24_cpp/build/tests/editor_simulation_tests" "--gtest_filter=SimulationTest.BatteryVoltageConverges" "--gtest_also_run_disabled_tests"
Directory: /Users/vladimir/an24_cpp/build/tests
"SimulationTest.BatteryVoltageConverges" start time: Mar 05 17:03 CET
Output:
----------------------------------------------------------
Running main() from /Users/vladimir/an24_cpp/build/_deps/googletest-src/googletest/src/gtest_main.cc
Note: Google Test filter = SimulationTest.BatteryVoltageConverges
[==========] Running 1 test from 1 test suite.
[----------] Global test environment set-up.
[----------] 1 test from SimulationTest
[ RUN      ] SimulationTest.BatteryVoltageConverges
[2026-03-05 17:03:34.085] [info] Built JIT systems: 3 signals, 0 fixed
[       OK ] SimulationTest.BatteryVoltageConverges (2 ms)
[----------] 1 test from SimulationTest (2 ms total)

[----------] Global test environment tear-down
[==========] 1 test from 1 test suite ran. (2 ms total)
[  PASSED  ] 1 test.
<end of output>
Test time =   0.03 sec
----------------------------------------------------------
Test Passed.
"SimulationTest.BatteryVoltageConverges" end time: Mar 05 17:03 CET
"SimulationTest.BatteryVoltageConverges" time elapsed: 00:00:00
----------------------------------------------------------

213/221 Testing: SimulationTest.RebuildResetsState
213/221 Test: SimulationTest.RebuildResetsState
Command: "/Users/vladimir/an24_cpp/build/tests/editor_simulation_tests" "--gtest_filter=SimulationTest.RebuildResetsState" "--gtest_also_run_disabled_tests"
Directory: /Users/vladimir/an24_cpp/build/tests
"SimulationTest.RebuildResetsState" start time: Mar 05 17:03 CET
Output:
----------------------------------------------------------
Running main() from /Users/vladimir/an24_cpp/build/_deps/googletest-src/googletest/src/gtest_main.cc
Note: Google Test filter = SimulationTest.RebuildResetsState
[==========] Running 1 test from 1 test suite.
[----------] Global test environment set-up.
[----------] 1 test from SimulationTest
[ RUN      ] SimulationTest.RebuildResetsState
[2026-03-05 17:03:34.087] [info] Built JIT systems: 3 signals, 0 fixed
[2026-03-05 17:03:34.090] [info] Built JIT systems: 3 signals, 0 fixed
[       OK ] SimulationTest.RebuildResetsState (5 ms)
[----------] 1 test from SimulationTest (5 ms total)

[----------] Global test environment tear-down
[==========] 1 test from 1 test suite ran. (5 ms total)
[  PASSED  ] 1 test.
<end of output>
Test time =   0.04 sec
----------------------------------------------------------
Test Passed.
"SimulationTest.RebuildResetsState" end time: Mar 05 17:03 CET
"SimulationTest.RebuildResetsState" time elapsed: 00:00:00
----------------------------------------------------------

216/221 Testing: SimulationTest.GetPortValue
216/221 Test: SimulationTest.GetPortValue
Command: "/Users/vladimir/an24_cpp/build/tests/editor_simulation_tests" "--gtest_filter=SimulationTest.GetPortValue" "--gtest_also_run_disabled_tests"
Directory: /Users/vladimir/an24_cpp/build/tests
"SimulationTest.GetPortValue" start time: Mar 05 17:03 CET
Output:
----------------------------------------------------------
Running main() from /Users/vladimir/an24_cpp/build/_deps/googletest-src/googletest/src/gtest_main.cc
Note: Google Test filter = SimulationTest.GetPortValue
[==========] Running 1 test from 1 test suite.
[----------] Global test environment set-up.
[----------] 1 test from SimulationTest
[ RUN      ] SimulationTest.GetPortValue
[2026-03-05 17:03:34.089] [info] Built JIT systems: 3 signals, 0 fixed
[       OK ] SimulationTest.GetPortValue (3 ms)
[----------] 1 test from SimulationTest (3 ms total)

[----------] Global test environment tear-down
[==========] 1 test from 1 test suite ran. (3 ms total)
[  PASSED  ] 1 test.
<end of output>
Test time =   0.03 sec
----------------------------------------------------------
Test Passed.
"SimulationTest.GetPortValue" end time: Mar 05 17:03 CET
"SimulationTest.GetPortValue" time elapsed: 00:00:00
----------------------------------------------------------

215/221 Testing: SimulationTest.GroundRemainsZero
215/221 Test: SimulationTest.GroundRemainsZero
Command: "/Users/vladimir/an24_cpp/build/tests/editor_simulation_tests" "--gtest_filter=SimulationTest.GroundRemainsZero" "--gtest_also_run_disabled_tests"
Directory: /Users/vladimir/an24_cpp/build/tests
"SimulationTest.GroundRemainsZero" start time: Mar 05 17:03 CET
Output:
----------------------------------------------------------
Running main() from /Users/vladimir/an24_cpp/build/_deps/googletest-src/googletest/src/gtest_main.cc
Note: Google Test filter = SimulationTest.GroundRemainsZero
[==========] Running 1 test from 1 test suite.
[----------] Global test environment set-up.
[----------] 1 test from SimulationTest
[ RUN      ] SimulationTest.GroundRemainsZero
[2026-03-05 17:03:34.090] [info] Built JIT systems: 3 signals, 0 fixed
[       OK ] SimulationTest.GroundRemainsZero (4 ms)
[----------] 1 test from SimulationTest (4 ms total)

[----------] Global test environment tear-down
[==========] 1 test from 1 test suite ran. (4 ms total)
[  PASSED  ] 1 test.
<end of output>
Test time =   0.04 sec
----------------------------------------------------------
Test Passed.
"SimulationTest.GroundRemainsZero" end time: Mar 05 17:03 CET
"SimulationTest.GroundRemainsZero" time elapsed: 00:00:00
----------------------------------------------------------

219/221 Testing: SimulationTest.WireIsEnergized_NoSimulation
219/221 Test: SimulationTest.WireIsEnergized_NoSimulation
Command: "/Users/vladimir/an24_cpp/build/tests/editor_simulation_tests" "--gtest_filter=SimulationTest.WireIsEnergized_NoSimulation" "--gtest_also_run_disabled_tests"
Directory: /Users/vladimir/an24_cpp/build/tests
"SimulationTest.WireIsEnergized_NoSimulation" start time: Mar 05 17:03 CET
Output:
----------------------------------------------------------
Running main() from /Users/vladimir/an24_cpp/build/_deps/googletest-src/googletest/src/gtest_main.cc
Note: Google Test filter = SimulationTest.WireIsEnergized_NoSimulation
[==========] Running 1 test from 1 test suite.
[----------] Global test environment set-up.
[----------] 1 test from SimulationTest
[ RUN      ] SimulationTest.WireIsEnergized_NoSimulation
[       OK ] SimulationTest.WireIsEnergized_NoSimulation (0 ms)
[----------] 1 test from SimulationTest (0 ms total)

[----------] Global test environment tear-down
[==========] 1 test from 1 test suite ran. (0 ms total)
[  PASSED  ] 1 test.
<end of output>
Test time =   0.03 sec
----------------------------------------------------------
Test Passed.
"SimulationTest.WireIsEnergized_NoSimulation" end time: Mar 05 17:03 CET
"SimulationTest.WireIsEnergized_NoSimulation" time elapsed: 00:00:00
----------------------------------------------------------

217/221 Testing: SimulationTest.GetPortValue_UnknownReturnsZero
217/221 Test: SimulationTest.GetPortValue_UnknownReturnsZero
Command: "/Users/vladimir/an24_cpp/build/tests/editor_simulation_tests" "--gtest_filter=SimulationTest.GetPortValue_UnknownReturnsZero" "--gtest_also_run_disabled_tests"
Directory: /Users/vladimir/an24_cpp/build/tests
"SimulationTest.GetPortValue_UnknownReturnsZero" start time: Mar 05 17:03 CET
Output:
----------------------------------------------------------
Running main() from /Users/vladimir/an24_cpp/build/_deps/googletest-src/googletest/src/gtest_main.cc
Note: Google Test filter = SimulationTest.GetPortValue_UnknownReturnsZero
[==========] Running 1 test from 1 test suite.
[----------] Global test environment set-up.
[----------] 1 test from SimulationTest
[ RUN      ] SimulationTest.GetPortValue_UnknownReturnsZero
[2026-03-05 17:03:34.113] [info] Built JIT systems: 3 signals, 0 fixed
[       OK ] SimulationTest.GetPortValue_UnknownReturnsZero (2 ms)
[----------] 1 test from SimulationTest (2 ms total)

[----------] Global test environment tear-down
[==========] 1 test from 1 test suite ran. (3 ms total)
[  PASSED  ] 1 test.
<end of output>
Test time =   0.03 sec
----------------------------------------------------------
Test Passed.
"SimulationTest.GetPortValue_UnknownReturnsZero" end time: Mar 05 17:03 CET
"SimulationTest.GetPortValue_UnknownReturnsZero" time elapsed: 00:00:00
----------------------------------------------------------

218/221 Testing: SimulationTest.WireIsEnergized_ActiveCircuit
218/221 Test: SimulationTest.WireIsEnergized_ActiveCircuit
Command: "/Users/vladimir/an24_cpp/build/tests/editor_simulation_tests" "--gtest_filter=SimulationTest.WireIsEnergized_ActiveCircuit" "--gtest_also_run_disabled_tests"
Directory: /Users/vladimir/an24_cpp/build/tests
"SimulationTest.WireIsEnergized_ActiveCircuit" start time: Mar 05 17:03 CET
Output:
----------------------------------------------------------
Running main() from /Users/vladimir/an24_cpp/build/_deps/googletest-src/googletest/src/gtest_main.cc
Note: Google Test filter = SimulationTest.WireIsEnergized_ActiveCircuit
[==========] Running 1 test from 1 test suite.
[----------] Global test environment set-up.
[----------] 1 test from SimulationTest
[ RUN      ] SimulationTest.WireIsEnergized_ActiveCircuit
[2026-03-05 17:03:34.114] [info] Built JIT systems: 3 signals, 0 fixed
[       OK ] SimulationTest.WireIsEnergized_ActiveCircuit (3 ms)
[----------] 1 test from SimulationTest (3 ms total)

[----------] Global test environment tear-down
[==========] 1 test from 1 test suite ran. (3 ms total)
[  PASSED  ] 1 test.
<end of output>
Test time =   0.03 sec
----------------------------------------------------------
Test Passed.
"SimulationTest.WireIsEnergized_ActiveCircuit" end time: Mar 05 17:03 CET
"SimulationTest.WireIsEnergized_ActiveCircuit" time elapsed: 00:00:00
----------------------------------------------------------

220/221 Testing: SimulationTest.StepWithoutBuild_NoCrash
220/221 Test: SimulationTest.StepWithoutBuild_NoCrash
Command: "/Users/vladimir/an24_cpp/build/tests/editor_simulation_tests" "--gtest_filter=SimulationTest.StepWithoutBuild_NoCrash" "--gtest_also_run_disabled_tests"
Directory: /Users/vladimir/an24_cpp/build/tests
"SimulationTest.StepWithoutBuild_NoCrash" start time: Mar 05 17:03 CET
Output:
----------------------------------------------------------
Running main() from /Users/vladimir/an24_cpp/build/_deps/googletest-src/googletest/src/gtest_main.cc
Note: Google Test filter = SimulationTest.StepWithoutBuild_NoCrash
[==========] Running 1 test from 1 test suite.
[----------] Global test environment set-up.
[----------] 1 test from SimulationTest
[ RUN      ] SimulationTest.StepWithoutBuild_NoCrash
[       OK ] SimulationTest.StepWithoutBuild_NoCrash (0 ms)
[----------] 1 test from SimulationTest (0 ms total)

[----------] Global test environment tear-down
[==========] 1 test from 1 test suite ran. (0 ms total)
[  PASSED  ] 1 test.
<end of output>
Test time =   0.03 sec
----------------------------------------------------------
Test Passed.
"SimulationTest.StepWithoutBuild_NoCrash" end time: Mar 05 17:03 CET
"SimulationTest.StepWithoutBuild_NoCrash" time elapsed: 00:00:00
----------------------------------------------------------

221/221 Testing: SimulationTest.DMR_5000Step_ViaEditorPipeline
221/221 Test: SimulationTest.DMR_5000Step_ViaEditorPipeline
Command: "/Users/vladimir/an24_cpp/build/tests/editor_simulation_tests" "--gtest_filter=SimulationTest.DMR_5000Step_ViaEditorPipeline" "--gtest_also_run_disabled_tests"
Directory: /Users/vladimir/an24_cpp/build/tests
"SimulationTest.DMR_5000Step_ViaEditorPipeline" start time: Mar 05 17:03 CET
Output:
----------------------------------------------------------
Running main() from /Users/vladimir/an24_cpp/build/_deps/googletest-src/googletest/src/gtest_main.cc
Note: Google Test filter = SimulationTest.DMR_5000Step_ViaEditorPipeline
[==========] Running 1 test from 1 test suite.
[----------] Global test environment set-up.
[----------] 1 test from SimulationTest
[ RUN      ] SimulationTest.DMR_5000Step_ViaEditorPipeline
[2026-03-05 17:03:34.853] [info] Built JIT systems: 9 signals, 1 fixed
[2026-03-05 17:03:34.854] [info] [RU19A] AUTOSTART - CRANKING
[2026-03-05 17:03:34.854] [info] [RU19A] CRANKING -> IGNITION
[2026-03-05 17:03:34.855] [info] [RU19A] IGNITION -> RUNNING
[2026-03-05 17:03:34.855] [info] [DMR400] CONNECTED: V_gen=33.3 > V_bus=27.9 + 2.0, V_gen > 20.0V
[       OK ] SimulationTest.DMR_5000Step_ViaEditorPipeline (744 ms)
[----------] 1 test from SimulationTest (744 ms total)

[----------] Global test environment tear-down
[==========] 1 test from 1 test suite ran. (745 ms total)
[  PASSED  ] 1 test.
<end of output>
Test time =   0.78 sec
----------------------------------------------------------
Test Passed.
"SimulationTest.DMR_5000Step_ViaEditorPipeline" end time: Mar 05 17:03 CET
"SimulationTest.DMR_5000Step_ViaEditorPipeline" time elapsed: 00:00:00
----------------------------------------------------------

43/221 Testing: PersistTest.AutoLayout_CompositeTestFile
43/221 Test: PersistTest.AutoLayout_CompositeTestFile
Command: "/Users/vladimir/an24_cpp/build/tests/editor_persist_tests" "--gtest_filter=PersistTest.AutoLayout_CompositeTestFile" "--gtest_also_run_disabled_tests"
Directory: /Users/vladimir/an24_cpp/build/tests
"PersistTest.AutoLayout_CompositeTestFile" start time: Mar 05 17:03 CET
Output:
----------------------------------------------------------
Running main() from /Users/vladimir/an24_cpp/build/_deps/googletest-src/googletest/src/gtest_main.cc
Note: Google Test filter = PersistTest.AutoLayout_CompositeTestFile
[==========] Running 1 test from 1 test suite.
[----------] Global test environment set-up.
[----------] 1 test from PersistTest
[ RUN      ] PersistTest.AutoLayout_CompositeTestFile
[       OK ] PersistTest.AutoLayout_CompositeTestFile (1850 ms)
[----------] 1 test from PersistTest (1851 ms total)

[----------] Global test environment tear-down
[==========] 1 test from 1 test suite ran. (1851 ms total)
[  PASSED  ] 1 test.
<end of output>
Test time =   1.87 sec
----------------------------------------------------------
Test Passed.
"PersistTest.AutoLayout_CompositeTestFile" end time: Mar 05 17:03 CET
"PersistTest.AutoLayout_CompositeTestFile" time elapsed: 00:00:01
----------------------------------------------------------

End testing: Mar 05 17:03 CET
