Start testing: Mar 30 14:45 CEST
----------------------------------------------------------
Unable to find executable: ui_math_tests_NOT_BUILT
1/644 Testing: ui_math_tests_NOT_BUILT
1/644 Test: ui_math_tests_NOT_BUILT
Command: ""
Directory: /Users/vladimir/an24_cpp/tests
"ui_math_tests_NOT_BUILT" start time: 
Output:
----------------------------------------------------------
<end of output>
Test time =   0.00 sec
----------------------------------------------------------
Test Passed.
"ui_math_tests_NOT_BUILT" end time: Mar 30 14:45 CEST
"ui_math_tests_NOT_BUILT" time elapsed: 00:00:00
----------------------------------------------------------

Unable to find executable: ui_layout_tests_NOT_BUILT
2/644 Testing: ui_layout_tests_NOT_BUILT
2/644 Test: ui_layout_tests_NOT_BUILT
Command: ""
Directory: /Users/vladimir/an24_cpp/tests
"ui_layout_tests_NOT_BUILT" start time: 
Output:
----------------------------------------------------------
<end of output>
Test time =   0.00 sec
----------------------------------------------------------
Test Passed.
"ui_layout_tests_NOT_BUILT" end time: Mar 30 14:45 CEST
"ui_layout_tests_NOT_BUILT" time elapsed: 00:00:00
----------------------------------------------------------

Unable to find executable: ui_renderer_tests_NOT_BUILT
3/644 Testing: ui_renderer_tests_NOT_BUILT
3/644 Test: ui_renderer_tests_NOT_BUILT
Command: ""
Directory: /Users/vladimir/an24_cpp/tests
"ui_renderer_tests_NOT_BUILT" start time: 
Output:
----------------------------------------------------------
<end of output>
Test time =   0.00 sec
----------------------------------------------------------
Test Passed.
"ui_renderer_tests_NOT_BUILT" end time: Mar 30 14:45 CEST
"ui_renderer_tests_NOT_BUILT" time elapsed: 00:00:00
----------------------------------------------------------

Unable to find executable: ui_widget_purity_tests_NOT_BUILT
4/644 Testing: ui_widget_purity_tests_NOT_BUILT
4/644 Test: ui_widget_purity_tests_NOT_BUILT
Command: ""
Directory: /Users/vladimir/an24_cpp/tests
"ui_widget_purity_tests_NOT_BUILT" start time: 
Output:
----------------------------------------------------------
<end of output>
Test time =   0.00 sec
----------------------------------------------------------
Test Passed.
"ui_widget_purity_tests_NOT_BUILT" end time: Mar 30 14:45 CEST
"ui_widget_purity_tests_NOT_BUILT" time elapsed: 00:00:00
----------------------------------------------------------

Unable to find executable: ui_scene_tests_NOT_BUILT
5/644 Testing: ui_scene_tests_NOT_BUILT
5/644 Test: ui_scene_tests_NOT_BUILT
Command: ""
Directory: /Users/vladimir/an24_cpp/tests
"ui_scene_tests_NOT_BUILT" start time: 
Output:
----------------------------------------------------------
<end of output>
Test time =   0.00 sec
----------------------------------------------------------
Test Passed.
"ui_scene_tests_NOT_BUILT" end time: Mar 30 14:45 CEST
"ui_scene_tests_NOT_BUILT" time elapsed: 00:00:00
----------------------------------------------------------

Unable to find executable: ui_interning_tests_NOT_BUILT
6/644 Testing: ui_interning_tests_NOT_BUILT
6/644 Test: ui_interning_tests_NOT_BUILT
Command: ""
Directory: /Users/vladimir/an24_cpp/tests
"ui_interning_tests_NOT_BUILT" start time: 
Output:
----------------------------------------------------------
<end of output>
Test time =   0.00 sec
----------------------------------------------------------
Test Passed.
"ui_interning_tests_NOT_BUILT" end time: Mar 30 14:45 CEST
"ui_interning_tests_NOT_BUILT" time elapsed: 00:00:00
----------------------------------------------------------

Unable to find executable: ui_grid_tests_NOT_BUILT
7/644 Testing: ui_grid_tests_NOT_BUILT
7/644 Test: ui_grid_tests_NOT_BUILT
Command: ""
Directory: /Users/vladimir/an24_cpp/tests
"ui_grid_tests_NOT_BUILT" start time: 
Output:
----------------------------------------------------------
<end of output>
Test time =   0.00 sec
----------------------------------------------------------
Test Passed.
"ui_grid_tests_NOT_BUILT" end time: Mar 30 14:45 CEST
"ui_grid_tests_NOT_BUILT" time elapsed: 00:00:00
----------------------------------------------------------

Unable to find executable: ui_render_context_tests_NOT_BUILT
8/644 Testing: ui_render_context_tests_NOT_BUILT
8/644 Test: ui_render_context_tests_NOT_BUILT
Command: ""
Directory: /Users/vladimir/an24_cpp/tests
"ui_render_context_tests_NOT_BUILT" start time: 
Output:
----------------------------------------------------------
<end of output>
Test time =   0.00 sec
----------------------------------------------------------
Test Passed.
"ui_render_context_tests_NOT_BUILT" end time: Mar 30 14:45 CEST
"ui_render_context_tests_NOT_BUILT" time elapsed: 00:00:00
----------------------------------------------------------

Unable to find executable: ui_linear_layout_tests_NOT_BUILT
9/644 Testing: ui_linear_layout_tests_NOT_BUILT
9/644 Test: ui_linear_layout_tests_NOT_BUILT
Command: ""
Directory: /Users/vladimir/an24_cpp/tests
"ui_linear_layout_tests_NOT_BUILT" start time: 
Output:
----------------------------------------------------------
<end of output>
Test time =   0.00 sec
----------------------------------------------------------
Test Passed.
"ui_linear_layout_tests_NOT_BUILT" end time: Mar 30 14:45 CEST
"ui_linear_layout_tests_NOT_BUILT" time elapsed: 00:00:00
----------------------------------------------------------

Unable to find executable: visual_widget_tests_NOT_BUILT
10/644 Testing: visual_widget_tests_NOT_BUILT
10/644 Test: visual_widget_tests_NOT_BUILT
Command: ""
Directory: /Users/vladimir/an24_cpp/tests
"visual_widget_tests_NOT_BUILT" start time: 
Output:
----------------------------------------------------------
<end of output>
Test time =   0.00 sec
----------------------------------------------------------
Test Passed.
"visual_widget_tests_NOT_BUILT" end time: Mar 30 14:45 CEST
"visual_widget_tests_NOT_BUILT" time elapsed: 00:00:00
----------------------------------------------------------

Unable to find executable: visual_grid_tests_NOT_BUILT
11/644 Testing: visual_grid_tests_NOT_BUILT
11/644 Test: visual_grid_tests_NOT_BUILT
Command: ""
Directory: /Users/vladimir/an24_cpp/tests
"visual_grid_tests_NOT_BUILT" start time: 
Output:
----------------------------------------------------------
<end of output>
Test time =   0.00 sec
----------------------------------------------------------
Test Passed.
"visual_grid_tests_NOT_BUILT" end time: Mar 30 14:45 CEST
"visual_grid_tests_NOT_BUILT" time elapsed: 00:00:00
----------------------------------------------------------

Unable to find executable: visual_scene_v2_tests_NOT_BUILT
12/644 Testing: visual_scene_v2_tests_NOT_BUILT
12/644 Test: visual_scene_v2_tests_NOT_BUILT
Command: ""
Directory: /Users/vladimir/an24_cpp/tests
"visual_scene_v2_tests_NOT_BUILT" start time: 
Output:
----------------------------------------------------------
<end of output>
Test time =   0.00 sec
----------------------------------------------------------
Test Passed.
"visual_scene_v2_tests_NOT_BUILT" end time: Mar 30 14:45 CEST
"visual_scene_v2_tests_NOT_BUILT" time elapsed: 00:00:00
----------------------------------------------------------

Unable to find executable: visual_wire_tests_NOT_BUILT
13/644 Testing: visual_wire_tests_NOT_BUILT
13/644 Test: visual_wire_tests_NOT_BUILT
Command: ""
Directory: /Users/vladimir/an24_cpp/tests
"visual_wire_tests_NOT_BUILT" start time: 
Output:
----------------------------------------------------------
<end of output>
Test time =   0.00 sec
----------------------------------------------------------
Test Passed.
"visual_wire_tests_NOT_BUILT" end time: Mar 30 14:45 CEST
"visual_wire_tests_NOT_BUILT" time elapsed: 00:00:00
----------------------------------------------------------

Unable to find executable: visual_hittest_tests_NOT_BUILT
14/644 Testing: visual_hittest_tests_NOT_BUILT
14/644 Test: visual_hittest_tests_NOT_BUILT
Command: ""
Directory: /Users/vladimir/an24_cpp/tests
"visual_hittest_tests_NOT_BUILT" start time: 
Output:
----------------------------------------------------------
<end of output>
Test time =   0.00 sec
----------------------------------------------------------
Test Passed.
"visual_hittest_tests_NOT_BUILT" end time: Mar 30 14:45 CEST
"visual_hittest_tests_NOT_BUILT" time elapsed: 00:00:00
----------------------------------------------------------

Unable to find executable: visual_container_tests_NOT_BUILT
15/644 Testing: visual_container_tests_NOT_BUILT
15/644 Test: visual_container_tests_NOT_BUILT
Command: ""
Directory: /Users/vladimir/an24_cpp/tests
"visual_container_tests_NOT_BUILT" start time: 
Output:
----------------------------------------------------------
<end of output>
Test time =   0.00 sec
----------------------------------------------------------
Test Passed.
"visual_container_tests_NOT_BUILT" end time: Mar 30 14:45 CEST
"visual_container_tests_NOT_BUILT" time elapsed: 00:00:00
----------------------------------------------------------

Unable to find executable: visual_primitives_tests_NOT_BUILT
16/644 Testing: visual_primitives_tests_NOT_BUILT
16/644 Test: visual_primitives_tests_NOT_BUILT
Command: ""
Directory: /Users/vladimir/an24_cpp/tests
"visual_primitives_tests_NOT_BUILT" start time: 
Output:
----------------------------------------------------------
<end of output>
Test time =   0.00 sec
----------------------------------------------------------
Test Passed.
"visual_primitives_tests_NOT_BUILT" end time: Mar 30 14:45 CEST
"visual_primitives_tests_NOT_BUILT" time elapsed: 00:00:00
----------------------------------------------------------

Unable to find executable: visual_node_widget_tests_NOT_BUILT
17/644 Testing: visual_node_widget_tests_NOT_BUILT
17/644 Test: visual_node_widget_tests_NOT_BUILT
Command: ""
Directory: /Users/vladimir/an24_cpp/tests
"visual_node_widget_tests_NOT_BUILT" start time: 
Output:
----------------------------------------------------------
<end of output>
Test time =   0.00 sec
----------------------------------------------------------
Test Passed.
"visual_node_widget_tests_NOT_BUILT" end time: Mar 30 14:45 CEST
"visual_node_widget_tests_NOT_BUILT" time elapsed: 00:00:00
----------------------------------------------------------

Unable to find executable: specialized_node_widget_tests_NOT_BUILT
18/644 Testing: specialized_node_widget_tests_NOT_BUILT
18/644 Test: specialized_node_widget_tests_NOT_BUILT
Command: ""
Directory: /Users/vladimir/an24_cpp/tests
"specialized_node_widget_tests_NOT_BUILT" start time: 
Output:
----------------------------------------------------------
<end of output>
Test time =   0.00 sec
----------------------------------------------------------
Test Passed.
"specialized_node_widget_tests_NOT_BUILT" end time: Mar 30 14:45 CEST
"specialized_node_widget_tests_NOT_BUILT" time elapsed: 00:00:00
----------------------------------------------------------

Unable to find executable: scene_mutations_tests_NOT_BUILT
19/644 Testing: scene_mutations_tests_NOT_BUILT
19/644 Test: scene_mutations_tests_NOT_BUILT
Command: ""
Directory: /Users/vladimir/an24_cpp/tests
"scene_mutations_tests_NOT_BUILT" start time: 
Output:
----------------------------------------------------------
<end of output>
Test time =   0.00 sec
----------------------------------------------------------
Test Passed.
"scene_mutations_tests_NOT_BUILT" end time: Mar 30 14:45 CEST
"scene_mutations_tests_NOT_BUILT" time elapsed: 00:00:00
----------------------------------------------------------

Unable to find executable: canvas_input_tests_NOT_BUILT
20/644 Testing: canvas_input_tests_NOT_BUILT
20/644 Test: canvas_input_tests_NOT_BUILT
Command: ""
Directory: /Users/vladimir/an24_cpp/tests
"canvas_input_tests_NOT_BUILT" start time: 
Output:
----------------------------------------------------------
<end of output>
Test time =   0.00 sec
----------------------------------------------------------
Test Passed.
"canvas_input_tests_NOT_BUILT" end time: Mar 30 14:45 CEST
"canvas_input_tests_NOT_BUILT" time elapsed: 00:00:00
----------------------------------------------------------

Unable to find executable: oscilloscope_stats_tests_NOT_BUILT
21/644 Testing: oscilloscope_stats_tests_NOT_BUILT
21/644 Test: oscilloscope_stats_tests_NOT_BUILT
Command: ""
Directory: /Users/vladimir/an24_cpp/tests
"oscilloscope_stats_tests_NOT_BUILT" start time: 
Output:
----------------------------------------------------------
<end of output>
Test time =   0.00 sec
----------------------------------------------------------
Test Passed.
"oscilloscope_stats_tests_NOT_BUILT" end time: Mar 30 14:45 CEST
"oscilloscope_stats_tests_NOT_BUILT" time elapsed: 00:00:00
----------------------------------------------------------

Unable to find executable: pi_zn_tuner_tests_NOT_BUILT
22/644 Testing: pi_zn_tuner_tests_NOT_BUILT
22/644 Test: pi_zn_tuner_tests_NOT_BUILT
Command: ""
Directory: /Users/vladimir/an24_cpp/tests
"pi_zn_tuner_tests_NOT_BUILT" start time: 
Output:
----------------------------------------------------------
<end of output>
Test time =   0.00 sec
----------------------------------------------------------
Test Passed.
"pi_zn_tuner_tests_NOT_BUILT" end time: Mar 30 14:45 CEST
"pi_zn_tuner_tests_NOT_BUILT" time elapsed: 00:00:00
----------------------------------------------------------

23/644 Testing: PortRegistryTest.RU19A_Ports_Match_JsonRegistry
23/644 Test: PortRegistryTest.RU19A_Ports_Match_JsonRegistry
Command: "/Users/vladimir/an24_cpp/tests/port_registry_tests" "--gtest_filter=PortRegistryTest.RU19A_Ports_Match_JsonRegistry" "--gtest_also_run_disabled_tests"
Directory: /Users/vladimir/an24_cpp/tests
"PortRegistryTest.RU19A_Ports_Match_JsonRegistry" start time: Mar 30 14:45 CEST
Output:
----------------------------------------------------------
Running main() from /Users/vladimir/an24_cpp/_deps/googletest-src/googletest/src/gtest_main.cc
Note: Google Test filter = PortRegistryTest.RU19A_Ports_Match_JsonRegistry
[==========] Running 1 test from 1 test suite.
[----------] Global test environment set-up.
[----------] 1 test from PortRegistryTest
[ RUN      ] PortRegistryTest.RU19A_Ports_Match_JsonRegistry
/Users/vladimir/an24_cpp/tests/port_registry_test.cpp:12: Failure
Value of: registry_file.is_open()
  Actual: false
Expected: true

[  FAILED  ] PortRegistryTest.RU19A_Ports_Match_JsonRegistry (0 ms)
[----------] 1 test from PortRegistryTest (0 ms total)

[----------] Global test environment tear-down
[==========] 1 test from 1 test suite ran. (0 ms total)
[  PASSED  ] 0 tests.
[  FAILED  ] 1 test, listed below:
[  FAILED  ] PortRegistryTest.RU19A_Ports_Match_JsonRegistry

 1 FAILED TEST
<end of output>
Test time =   0.00 sec
----------------------------------------------------------
Test Failed.
"PortRegistryTest.RU19A_Ports_Match_JsonRegistry" end time: Mar 30 14:45 CEST
"PortRegistryTest.RU19A_Ports_Match_JsonRegistry" time elapsed: 00:00:00
----------------------------------------------------------

24/644 Testing: PortRegistryTest.DMR400_Ports_Match_JsonRegistry
24/644 Test: PortRegistryTest.DMR400_Ports_Match_JsonRegistry
Command: "/Users/vladimir/an24_cpp/tests/port_registry_tests" "--gtest_filter=PortRegistryTest.DMR400_Ports_Match_JsonRegistry" "--gtest_also_run_disabled_tests"
Directory: /Users/vladimir/an24_cpp/tests
"PortRegistryTest.DMR400_Ports_Match_JsonRegistry" start time: Mar 30 14:45 CEST
Output:
----------------------------------------------------------
Running main() from /Users/vladimir/an24_cpp/_deps/googletest-src/googletest/src/gtest_main.cc
Note: Google Test filter = PortRegistryTest.DMR400_Ports_Match_JsonRegistry
[==========] Running 1 test from 1 test suite.
[----------] Global test environment set-up.
[----------] 1 test from PortRegistryTest
[ RUN      ] PortRegistryTest.DMR400_Ports_Match_JsonRegistry
/Users/vladimir/an24_cpp/tests/port_registry_test.cpp:37: Failure
Value of: registry_file.is_open()
  Actual: false
Expected: true

[  FAILED  ] PortRegistryTest.DMR400_Ports_Match_JsonRegistry (0 ms)
[----------] 1 test from PortRegistryTest (0 ms total)

[----------] Global test environment tear-down
[==========] 1 test from 1 test suite ran. (0 ms total)
[  PASSED  ] 0 tests.
[  FAILED  ] 1 test, listed below:
[  FAILED  ] PortRegistryTest.DMR400_Ports_Match_JsonRegistry

 1 FAILED TEST
<end of output>
Test time =   0.00 sec
----------------------------------------------------------
Test Failed.
"PortRegistryTest.DMR400_Ports_Match_JsonRegistry" end time: Mar 30 14:45 CEST
"PortRegistryTest.DMR400_Ports_Match_JsonRegistry" time elapsed: 00:00:00
----------------------------------------------------------

25/644 Testing: PortRegistryTest.GeneratedPortRegistryExists
25/644 Test: PortRegistryTest.GeneratedPortRegistryExists
Command: "/Users/vladimir/an24_cpp/tests/port_registry_tests" "--gtest_filter=PortRegistryTest.GeneratedPortRegistryExists" "--gtest_also_run_disabled_tests"
Directory: /Users/vladimir/an24_cpp/tests
"PortRegistryTest.GeneratedPortRegistryExists" start time: Mar 30 14:45 CEST
Output:
----------------------------------------------------------
Running main() from /Users/vladimir/an24_cpp/_deps/googletest-src/googletest/src/gtest_main.cc
Note: Google Test filter = PortRegistryTest.GeneratedPortRegistryExists
[==========] Running 1 test from 1 test suite.
[----------] Global test environment set-up.
[----------] 1 test from PortRegistryTest
[ RUN      ] PortRegistryTest.GeneratedPortRegistryExists
[       OK ] PortRegistryTest.GeneratedPortRegistryExists (0 ms)
[----------] 1 test from PortRegistryTest (0 ms total)

[----------] Global test environment tear-down
[==========] 1 test from 1 test suite ran. (0 ms total)
[  PASSED  ] 1 test.
<end of output>
Test time =   0.00 sec
----------------------------------------------------------
Test Passed.
"PortRegistryTest.GeneratedPortRegistryExists" end time: Mar 30 14:45 CEST
"PortRegistryTest.GeneratedPortRegistryExists" time elapsed: 00:00:00
----------------------------------------------------------

26/644 Testing: PortRegistryTest.RU19A_PortOffsets_AreCorrect
26/644 Test: PortRegistryTest.RU19A_PortOffsets_AreCorrect
Command: "/Users/vladimir/an24_cpp/tests/port_registry_tests" "--gtest_filter=PortRegistryTest.RU19A_PortOffsets_AreCorrect" "--gtest_also_run_disabled_tests"
Directory: /Users/vladimir/an24_cpp/tests
"PortRegistryTest.RU19A_PortOffsets_AreCorrect" start time: Mar 30 14:45 CEST
Output:
----------------------------------------------------------
Running main() from /Users/vladimir/an24_cpp/_deps/googletest-src/googletest/src/gtest_main.cc
Note: Google Test filter = PortRegistryTest.RU19A_PortOffsets_AreCorrect
[==========] Running 1 test from 1 test suite.
[----------] Global test environment set-up.
[----------] 1 test from PortRegistryTest
[ RUN      ] PortRegistryTest.RU19A_PortOffsets_AreCorrect
[       OK ] PortRegistryTest.RU19A_PortOffsets_AreCorrect (0 ms)
[----------] 1 test from PortRegistryTest (0 ms total)

[----------] Global test environment tear-down
[==========] 1 test from 1 test suite ran. (0 ms total)
[  PASSED  ] 1 test.
<end of output>
Test time =   0.00 sec
----------------------------------------------------------
Test Passed.
"PortRegistryTest.RU19A_PortOffsets_AreCorrect" end time: Mar 30 14:45 CEST
"PortRegistryTest.RU19A_PortOffsets_AreCorrect" time elapsed: 00:00:00
----------------------------------------------------------

27/644 Testing: PortRegistryTest.AllTypesInRegistry
27/644 Test: PortRegistryTest.AllTypesInRegistry
Command: "/Users/vladimir/an24_cpp/tests/port_registry_tests" "--gtest_filter=PortRegistryTest.AllTypesInRegistry" "--gtest_also_run_disabled_tests"
Directory: /Users/vladimir/an24_cpp/tests
"PortRegistryTest.AllTypesInRegistry" start time: Mar 30 14:45 CEST
Output:
----------------------------------------------------------
Running main() from /Users/vladimir/an24_cpp/_deps/googletest-src/googletest/src/gtest_main.cc
Note: Google Test filter = PortRegistryTest.AllTypesInRegistry
[==========] Running 1 test from 1 test suite.
[----------] Global test environment set-up.
[----------] 1 test from PortRegistryTest
[ RUN      ] PortRegistryTest.AllTypesInRegistry
/Users/vladimir/an24_cpp/tests/port_registry_test.cpp:97: Failure
Expected: (json_count) >= (47), actual: 0 vs 47

[  FAILED  ] PortRegistryTest.AllTypesInRegistry (0 ms)
[----------] 1 test from PortRegistryTest (0 ms total)

[----------] Global test environment tear-down
[==========] 1 test from 1 test suite ran. (0 ms total)
[  PASSED  ] 0 tests.
[  FAILED  ] 1 test, listed below:
[  FAILED  ] PortRegistryTest.AllTypesInRegistry

 1 FAILED TEST
<end of output>
Test time =   0.00 sec
----------------------------------------------------------
Test Failed.
"PortRegistryTest.AllTypesInRegistry" end time: Mar 30 14:45 CEST
"PortRegistryTest.AllTypesInRegistry" time elapsed: 00:00:00
----------------------------------------------------------

28/644 Testing: PortMacroTest.ComponentHasCorrectFieldTypes
28/644 Test: PortMacroTest.ComponentHasCorrectFieldTypes
Command: "/Users/vladimir/an24_cpp/tests/port_macro_tests" "--gtest_filter=PortMacroTest.ComponentHasCorrectFieldTypes" "--gtest_also_run_disabled_tests"
Directory: /Users/vladimir/an24_cpp/tests
"PortMacroTest.ComponentHasCorrectFieldTypes" start time: Mar 30 14:45 CEST
Output:
----------------------------------------------------------
Running main() from /Users/vladimir/an24_cpp/_deps/googletest-src/googletest/src/gtest_main.cc
Note: Google Test filter = PortMacroTest.ComponentHasCorrectFieldTypes
[==========] Running 1 test from 1 test suite.
[----------] Global test environment set-up.
[----------] 1 test from PortMacroTest
[ RUN      ] PortMacroTest.ComponentHasCorrectFieldTypes
[       OK ] PortMacroTest.ComponentHasCorrectFieldTypes (0 ms)
[----------] 1 test from PortMacroTest (0 ms total)

[----------] Global test environment tear-down
[==========] 1 test from 1 test suite ran. (0 ms total)
[  PASSED  ] 1 test.
<end of output>
Test time =   0.00 sec
----------------------------------------------------------
Test Passed.
"PortMacroTest.ComponentHasCorrectFieldTypes" end time: Mar 30 14:45 CEST
"PortMacroTest.ComponentHasCorrectFieldTypes" time elapsed: 00:00:00
----------------------------------------------------------

29/644 Testing: PortMacroTest.ComponentFieldsAreZeroInitialized
29/644 Test: PortMacroTest.ComponentFieldsAreZeroInitialized
Command: "/Users/vladimir/an24_cpp/tests/port_macro_tests" "--gtest_filter=PortMacroTest.ComponentFieldsAreZeroInitialized" "--gtest_also_run_disabled_tests"
Directory: /Users/vladimir/an24_cpp/tests
"PortMacroTest.ComponentFieldsAreZeroInitialized" start time: Mar 30 14:45 CEST
Output:
----------------------------------------------------------
Running main() from /Users/vladimir/an24_cpp/_deps/googletest-src/googletest/src/gtest_main.cc
Note: Google Test filter = PortMacroTest.ComponentFieldsAreZeroInitialized
[==========] Running 1 test from 1 test suite.
[----------] Global test environment set-up.
[----------] 1 test from PortMacroTest
[ RUN      ] PortMacroTest.ComponentFieldsAreZeroInitialized
[       OK ] PortMacroTest.ComponentFieldsAreZeroInitialized (0 ms)
[----------] 1 test from PortMacroTest (0 ms total)

[----------] Global test environment tear-down
[==========] 1 test from 1 test suite ran. (0 ms total)
[  PASSED  ] 1 test.
<end of output>
Test time =   0.00 sec
----------------------------------------------------------
Test Passed.
"PortMacroTest.ComponentFieldsAreZeroInitialized" end time: Mar 30 14:45 CEST
"PortMacroTest.ComponentFieldsAreZeroInitialized" time elapsed: 00:00:00
----------------------------------------------------------

30/644 Testing: PortMacroTest.RU19A_PortCountIsSix
30/644 Test: PortMacroTest.RU19A_PortCountIsSix
Command: "/Users/vladimir/an24_cpp/tests/port_macro_tests" "--gtest_filter=PortMacroTest.RU19A_PortCountIsSix" "--gtest_also_run_disabled_tests"
Directory: /Users/vladimir/an24_cpp/tests
"PortMacroTest.RU19A_PortCountIsSix" start time: Mar 30 14:45 CEST
Output:
----------------------------------------------------------
Running main() from /Users/vladimir/an24_cpp/_deps/googletest-src/googletest/src/gtest_main.cc
Note: Google Test filter = PortMacroTest.RU19A_PortCountIsSix
[==========] Running 1 test from 1 test suite.
[----------] Global test environment set-up.
[----------] 1 test from PortMacroTest
[ RUN      ] PortMacroTest.RU19A_PortCountIsSix
[       OK ] PortMacroTest.RU19A_PortCountIsSix (0 ms)
[----------] 1 test from PortMacroTest (0 ms total)

[----------] Global test environment tear-down
[==========] 1 test from 1 test suite ran. (0 ms total)
[  PASSED  ] 1 test.
<end of output>
Test time =   0.00 sec
----------------------------------------------------------
Test Passed.
"PortMacroTest.RU19A_PortCountIsSix" end time: Mar 30 14:45 CEST
"PortMacroTest.RU19A_PortCountIsSix" time elapsed: 00:00:00
----------------------------------------------------------

31/644 Testing: PortMacroTest.RU19A_PortNamesAreCorrect
31/644 Test: PortMacroTest.RU19A_PortNamesAreCorrect
Command: "/Users/vladimir/an24_cpp/tests/port_macro_tests" "--gtest_filter=PortMacroTest.RU19A_PortNamesAreCorrect" "--gtest_also_run_disabled_tests"
Directory: /Users/vladimir/an24_cpp/tests
"PortMacroTest.RU19A_PortNamesAreCorrect" start time: Mar 30 14:45 CEST
Output:
----------------------------------------------------------
Running main() from /Users/vladimir/an24_cpp/_deps/googletest-src/googletest/src/gtest_main.cc
Note: Google Test filter = PortMacroTest.RU19A_PortNamesAreCorrect
[==========] Running 1 test from 1 test suite.
[----------] Global test environment set-up.
[----------] 1 test from PortMacroTest
[ RUN      ] PortMacroTest.RU19A_PortNamesAreCorrect
[       OK ] PortMacroTest.RU19A_PortNamesAreCorrect (0 ms)
[----------] 1 test from PortMacroTest (0 ms total)

[----------] Global test environment tear-down
[==========] 1 test from 1 test suite ran. (0 ms total)
[  PASSED  ] 1 test.
<end of output>
Test time =   0.00 sec
----------------------------------------------------------
Test Passed.
"PortMacroTest.RU19A_PortNamesAreCorrect" end time: Mar 30 14:45 CEST
"PortMacroTest.RU19A_PortNamesAreCorrect" time elapsed: 00:00:00
----------------------------------------------------------

32/644 Testing: PortMacroTest.DMR400_PortCountIsFour
32/644 Test: PortMacroTest.DMR400_PortCountIsFour
Command: "/Users/vladimir/an24_cpp/tests/port_macro_tests" "--gtest_filter=PortMacroTest.DMR400_PortCountIsFour" "--gtest_also_run_disabled_tests"
Directory: /Users/vladimir/an24_cpp/tests
"PortMacroTest.DMR400_PortCountIsFour" start time: Mar 30 14:45 CEST
Output:
----------------------------------------------------------
Running main() from /Users/vladimir/an24_cpp/_deps/googletest-src/googletest/src/gtest_main.cc
Note: Google Test filter = PortMacroTest.DMR400_PortCountIsFour
[==========] Running 1 test from 1 test suite.
[----------] Global test environment set-up.
[----------] 1 test from PortMacroTest
[ RUN      ] PortMacroTest.DMR400_PortCountIsFour
[       OK ] PortMacroTest.DMR400_PortCountIsFour (0 ms)
[----------] 1 test from PortMacroTest (0 ms total)

[----------] Global test environment tear-down
[==========] 1 test from 1 test suite ran. (0 ms total)
[  PASSED  ] 1 test.
<end of output>
Test time =   0.00 sec
----------------------------------------------------------
Test Passed.
"PortMacroTest.DMR400_PortCountIsFour" end time: Mar 30 14:45 CEST
"PortMacroTest.DMR400_PortCountIsFour" time elapsed: 00:00:00
----------------------------------------------------------

33/644 Testing: PortMacroTest.DMR400_PortNamesAreCorrect
33/644 Test: PortMacroTest.DMR400_PortNamesAreCorrect
Command: "/Users/vladimir/an24_cpp/tests/port_macro_tests" "--gtest_filter=PortMacroTest.DMR400_PortNamesAreCorrect" "--gtest_also_run_disabled_tests"
Directory: /Users/vladimir/an24_cpp/tests
"PortMacroTest.DMR400_PortNamesAreCorrect" start time: Mar 30 14:45 CEST
Output:
----------------------------------------------------------
Running main() from /Users/vladimir/an24_cpp/_deps/googletest-src/googletest/src/gtest_main.cc
Note: Google Test filter = PortMacroTest.DMR400_PortNamesAreCorrect
[==========] Running 1 test from 1 test suite.
[----------] Global test environment set-up.
[----------] 1 test from PortMacroTest
[ RUN      ] PortMacroTest.DMR400_PortNamesAreCorrect
[       OK ] PortMacroTest.DMR400_PortNamesAreCorrect (0 ms)
[----------] 1 test from PortMacroTest (0 ms total)

[----------] Global test environment tear-down
[==========] 1 test from 1 test suite ran. (0 ms total)
[  PASSED  ] 1 test.
<end of output>
Test time =   0.00 sec
----------------------------------------------------------
Test Passed.
"PortMacroTest.DMR400_PortNamesAreCorrect" end time: Mar 30 14:45 CEST
"PortMacroTest.DMR400_PortNamesAreCorrect" time elapsed: 00:00:00
----------------------------------------------------------

34/644 Testing: PortMacroTest.CompileTimePortCountValidation
34/644 Test: PortMacroTest.CompileTimePortCountValidation
Command: "/Users/vladimir/an24_cpp/tests/port_macro_tests" "--gtest_filter=PortMacroTest.CompileTimePortCountValidation" "--gtest_also_run_disabled_tests"
Directory: /Users/vladimir/an24_cpp/tests
"PortMacroTest.CompileTimePortCountValidation" start time: Mar 30 14:45 CEST
Output:
----------------------------------------------------------
Running main() from /Users/vladimir/an24_cpp/_deps/googletest-src/googletest/src/gtest_main.cc
Note: Google Test filter = PortMacroTest.CompileTimePortCountValidation
[==========] Running 1 test from 1 test suite.
[----------] Global test environment set-up.
[----------] 1 test from PortMacroTest
[ RUN      ] PortMacroTest.CompileTimePortCountValidation
[       OK ] PortMacroTest.CompileTimePortCountValidation (0 ms)
[----------] 1 test from PortMacroTest (0 ms total)

[----------] Global test environment tear-down
[==========] 1 test from 1 test suite ran. (0 ms total)
[  PASSED  ] 1 test.
<end of output>
Test time =   0.00 sec
----------------------------------------------------------
Test Passed.
"PortMacroTest.CompileTimePortCountValidation" end time: Mar 30 14:45 CEST
"PortMacroTest.CompileTimePortCountValidation" time elapsed: 00:00:00
----------------------------------------------------------

35/644 Testing: PortMacroTest.AllComponentsHavePortCounts
35/644 Test: PortMacroTest.AllComponentsHavePortCounts
Command: "/Users/vladimir/an24_cpp/tests/port_macro_tests" "--gtest_filter=PortMacroTest.AllComponentsHavePortCounts" "--gtest_also_run_disabled_tests"
Directory: /Users/vladimir/an24_cpp/tests
"PortMacroTest.AllComponentsHavePortCounts" start time: Mar 30 14:45 CEST
Output:
----------------------------------------------------------
Running main() from /Users/vladimir/an24_cpp/_deps/googletest-src/googletest/src/gtest_main.cc
Note: Google Test filter = PortMacroTest.AllComponentsHavePortCounts
[==========] Running 1 test from 1 test suite.
[----------] Global test environment set-up.
[----------] 1 test from PortMacroTest
[ RUN      ] PortMacroTest.AllComponentsHavePortCounts
[       OK ] PortMacroTest.AllComponentsHavePortCounts (0 ms)
[----------] 1 test from PortMacroTest (0 ms total)

[----------] Global test environment tear-down
[==========] 1 test from 1 test suite ran. (0 ms total)
[  PASSED  ] 1 test.
<end of output>
Test time =   0.00 sec
----------------------------------------------------------
Test Passed.
"PortMacroTest.AllComponentsHavePortCounts" end time: Mar 30 14:45 CEST
"PortMacroTest.AllComponentsHavePortCounts" time elapsed: 00:00:00
----------------------------------------------------------

36/644 Testing: PortMacroTest.GetPortNamesReturnsCorrectData
36/644 Test: PortMacroTest.GetPortNamesReturnsCorrectData
Command: "/Users/vladimir/an24_cpp/tests/port_macro_tests" "--gtest_filter=PortMacroTest.GetPortNamesReturnsCorrectData" "--gtest_also_run_disabled_tests"
Directory: /Users/vladimir/an24_cpp/tests
"PortMacroTest.GetPortNamesReturnsCorrectData" start time: Mar 30 14:45 CEST
Output:
----------------------------------------------------------
Running main() from /Users/vladimir/an24_cpp/_deps/googletest-src/googletest/src/gtest_main.cc
Note: Google Test filter = PortMacroTest.GetPortNamesReturnsCorrectData
[==========] Running 1 test from 1 test suite.
[----------] Global test environment set-up.
[----------] 1 test from PortMacroTest
[ RUN      ] PortMacroTest.GetPortNamesReturnsCorrectData
[       OK ] PortMacroTest.GetPortNamesReturnsCorrectData (0 ms)
[----------] 1 test from PortMacroTest (0 ms total)

[----------] Global test environment tear-down
[==========] 1 test from 1 test suite ran. (0 ms total)
[  PASSED  ] 1 test.
<end of output>
Test time =   0.00 sec
----------------------------------------------------------
Test Passed.
"PortMacroTest.GetPortNamesReturnsCorrectData" end time: Mar 30 14:45 CEST
"PortMacroTest.GetPortNamesReturnsCorrectData" time elapsed: 00:00:00
----------------------------------------------------------

37/644 Testing: PortMacroTest.RU19AMigrated_HasAllPortFields
37/644 Test: PortMacroTest.RU19AMigrated_HasAllPortFields
Command: "/Users/vladimir/an24_cpp/tests/port_macro_tests" "--gtest_filter=PortMacroTest.RU19AMigrated_HasAllPortFields" "--gtest_also_run_disabled_tests"
Directory: /Users/vladimir/an24_cpp/tests
"PortMacroTest.RU19AMigrated_HasAllPortFields" start time: Mar 30 14:45 CEST
Output:
----------------------------------------------------------
Running main() from /Users/vladimir/an24_cpp/_deps/googletest-src/googletest/src/gtest_main.cc
Note: Google Test filter = PortMacroTest.RU19AMigrated_HasAllPortFields
[==========] Running 1 test from 1 test suite.
[----------] Global test environment set-up.
[----------] 1 test from PortMacroTest
[ RUN      ] PortMacroTest.RU19AMigrated_HasAllPortFields
[       OK ] PortMacroTest.RU19AMigrated_HasAllPortFields (0 ms)
[----------] 1 test from PortMacroTest (0 ms total)

[----------] Global test environment tear-down
[==========] 1 test from 1 test suite ran. (0 ms total)
[  PASSED  ] 1 test.
<end of output>
Test time =   0.00 sec
----------------------------------------------------------
Test Passed.
"PortMacroTest.RU19AMigrated_HasAllPortFields" end time: Mar 30 14:45 CEST
"PortMacroTest.RU19AMigrated_HasAllPortFields" time elapsed: 00:00:00
----------------------------------------------------------

38/644 Testing: PortMacroTest.RU19AMigrated_FieldTypesAreCorrect
38/644 Test: PortMacroTest.RU19AMigrated_FieldTypesAreCorrect
Command: "/Users/vladimir/an24_cpp/tests/port_macro_tests" "--gtest_filter=PortMacroTest.RU19AMigrated_FieldTypesAreCorrect" "--gtest_also_run_disabled_tests"
Directory: /Users/vladimir/an24_cpp/tests
"PortMacroTest.RU19AMigrated_FieldTypesAreCorrect" start time: Mar 30 14:45 CEST
Output:
----------------------------------------------------------
Running main() from /Users/vladimir/an24_cpp/_deps/googletest-src/googletest/src/gtest_main.cc
Note: Google Test filter = PortMacroTest.RU19AMigrated_FieldTypesAreCorrect
[==========] Running 1 test from 1 test suite.
[----------] Global test environment set-up.
[----------] 1 test from PortMacroTest
[ RUN      ] PortMacroTest.RU19AMigrated_FieldTypesAreCorrect
[       OK ] PortMacroTest.RU19AMigrated_FieldTypesAreCorrect (0 ms)
[----------] 1 test from PortMacroTest (0 ms total)

[----------] Global test environment tear-down
[==========] 1 test from 1 test suite ran. (0 ms total)
[  PASSED  ] 1 test.
<end of output>
Test time =   0.00 sec
----------------------------------------------------------
Test Passed.
"PortMacroTest.RU19AMigrated_FieldTypesAreCorrect" end time: Mar 30 14:45 CEST
"PortMacroTest.RU19AMigrated_FieldTypesAreCorrect" time elapsed: 00:00:00
----------------------------------------------------------

39/644 Testing: PortMacroTest.RU19AMigrated_PortCountMatchesRegistry
39/644 Test: PortMacroTest.RU19AMigrated_PortCountMatchesRegistry
Command: "/Users/vladimir/an24_cpp/tests/port_macro_tests" "--gtest_filter=PortMacroTest.RU19AMigrated_PortCountMatchesRegistry" "--gtest_also_run_disabled_tests"
Directory: /Users/vladimir/an24_cpp/tests
"PortMacroTest.RU19AMigrated_PortCountMatchesRegistry" start time: Mar 30 14:45 CEST
Output:
----------------------------------------------------------
Running main() from /Users/vladimir/an24_cpp/_deps/googletest-src/googletest/src/gtest_main.cc
Note: Google Test filter = PortMacroTest.RU19AMigrated_PortCountMatchesRegistry
[==========] Running 1 test from 1 test suite.
[----------] Global test environment set-up.
[----------] 1 test from PortMacroTest
[ RUN      ] PortMacroTest.RU19AMigrated_PortCountMatchesRegistry
[       OK ] PortMacroTest.RU19AMigrated_PortCountMatchesRegistry (0 ms)
[----------] 1 test from PortMacroTest (0 ms total)

[----------] Global test environment tear-down
[==========] 1 test from 1 test suite ran. (0 ms total)
[  PASSED  ] 1 test.
<end of output>
Test time =   0.00 sec
----------------------------------------------------------
Test Passed.
"PortMacroTest.RU19AMigrated_PortCountMatchesRegistry" end time: Mar 30 14:45 CEST
"PortMacroTest.RU19AMigrated_PortCountMatchesRegistry" time elapsed: 00:00:00
----------------------------------------------------------

40/644 Testing: PortMacroTest.DMR400Migrated_HasAllPortFields
40/644 Test: PortMacroTest.DMR400Migrated_HasAllPortFields
Command: "/Users/vladimir/an24_cpp/tests/port_macro_tests" "--gtest_filter=PortMacroTest.DMR400Migrated_HasAllPortFields" "--gtest_also_run_disabled_tests"
Directory: /Users/vladimir/an24_cpp/tests
"PortMacroTest.DMR400Migrated_HasAllPortFields" start time: Mar 30 14:45 CEST
Output:
----------------------------------------------------------
Running main() from /Users/vladimir/an24_cpp/_deps/googletest-src/googletest/src/gtest_main.cc
Note: Google Test filter = PortMacroTest.DMR400Migrated_HasAllPortFields
[==========] Running 1 test from 1 test suite.
[----------] Global test environment set-up.
[----------] 1 test from PortMacroTest
[ RUN      ] PortMacroTest.DMR400Migrated_HasAllPortFields
[       OK ] PortMacroTest.DMR400Migrated_HasAllPortFields (0 ms)
[----------] 1 test from PortMacroTest (0 ms total)

[----------] Global test environment tear-down
[==========] 1 test from 1 test suite ran. (0 ms total)
[  PASSED  ] 1 test.
<end of output>
Test time =   0.00 sec
----------------------------------------------------------
Test Passed.
"PortMacroTest.DMR400Migrated_HasAllPortFields" end time: Mar 30 14:45 CEST
"PortMacroTest.DMR400Migrated_HasAllPortFields" time elapsed: 00:00:00
----------------------------------------------------------

41/644 Testing: PortMacroTest.DMR400Migrated_PortCountMatchesRegistry
41/644 Test: PortMacroTest.DMR400Migrated_PortCountMatchesRegistry
Command: "/Users/vladimir/an24_cpp/tests/port_macro_tests" "--gtest_filter=PortMacroTest.DMR400Migrated_PortCountMatchesRegistry" "--gtest_also_run_disabled_tests"
Directory: /Users/vladimir/an24_cpp/tests
"PortMacroTest.DMR400Migrated_PortCountMatchesRegistry" start time: Mar 30 14:45 CEST
Output:
----------------------------------------------------------
Running main() from /Users/vladimir/an24_cpp/_deps/googletest-src/googletest/src/gtest_main.cc
Note: Google Test filter = PortMacroTest.DMR400Migrated_PortCountMatchesRegistry
[==========] Running 1 test from 1 test suite.
[----------] Global test environment set-up.
[----------] 1 test from PortMacroTest
[ RUN      ] PortMacroTest.DMR400Migrated_PortCountMatchesRegistry
[       OK ] PortMacroTest.DMR400Migrated_PortCountMatchesRegistry (0 ms)
[----------] 1 test from PortMacroTest (0 ms total)

[----------] Global test environment tear-down
[==========] 1 test from 1 test suite ran. (0 ms total)
[  PASSED  ] 1 test.
<end of output>
Test time =   0.00 sec
----------------------------------------------------------
Test Passed.
"PortMacroTest.DMR400Migrated_PortCountMatchesRegistry" end time: Mar 30 14:45 CEST
"PortMacroTest.DMR400Migrated_PortCountMatchesRegistry" time elapsed: 00:00:00
----------------------------------------------------------

42/644 Testing: PortMacroTest.PORTS_Supports32Ports
42/644 Test: PortMacroTest.PORTS_Supports32Ports
Command: "/Users/vladimir/an24_cpp/tests/port_macro_tests" "--gtest_filter=PortMacroTest.PORTS_Supports32Ports" "--gtest_also_run_disabled_tests"
Directory: /Users/vladimir/an24_cpp/tests
"PortMacroTest.PORTS_Supports32Ports" start time: Mar 30 14:45 CEST
Output:
----------------------------------------------------------
Running main() from /Users/vladimir/an24_cpp/_deps/googletest-src/googletest/src/gtest_main.cc
Note: Google Test filter = PortMacroTest.PORTS_Supports32Ports
[==========] Running 1 test from 1 test suite.
[----------] Global test environment set-up.
[----------] 1 test from PortMacroTest
[ RUN      ] PortMacroTest.PORTS_Supports32Ports
[       OK ] PortMacroTest.PORTS_Supports32Ports (0 ms)
[----------] 1 test from PortMacroTest (0 ms total)

[----------] Global test environment tear-down
[==========] 1 test from 1 test suite ran. (0 ms total)
[  PASSED  ] 1 test.
<end of output>
Test time =   0.00 sec
----------------------------------------------------------
Test Passed.
"PortMacroTest.PORTS_Supports32Ports" end time: Mar 30 14:45 CEST
"PortMacroTest.PORTS_Supports32Ports" time elapsed: 00:00:00
----------------------------------------------------------

43/644 Testing: EditorComponentVariant.BuildSimpleBatteryLoadCircuit
43/644 Test: EditorComponentVariant.BuildSimpleBatteryLoadCircuit
Command: "/Users/vladimir/an24_cpp/tests/editor_componentvariant_tests" "--gtest_filter=EditorComponentVariant.BuildSimpleBatteryLoadCircuit" "--gtest_also_run_disabled_tests"
Directory: /Users/vladimir/an24_cpp/tests
"EditorComponentVariant.BuildSimpleBatteryLoadCircuit" start time: Mar 30 14:45 CEST
Output:
----------------------------------------------------------
Running main() from /Users/vladimir/an24_cpp/_deps/googletest-src/googletest/src/gtest_main.cc
Note: Google Test filter = EditorComponentVariant.BuildSimpleBatteryLoadCircuit
[==========] Running 1 test from 1 test suite.
[----------] Global test environment set-up.
[----------] 1 test from EditorComponentVariant
[ RUN      ] EditorComponentVariant.BuildSimpleBatteryLoadCircuit
[2026-03-30 14:45:37.752] [info] [json_parser] Loaded 0 type definitions from 'library/'
[2026-03-30 14:45:37.753] [info] [json_parser] Loaded 0 type definitions
[2026-03-30 14:45:37.753] [error] [json_parser] Unknown component classname 'Battery' in device 'bat1'
unknown file: Failure
C++ exception with description "Unknown component classname: Battery" thrown in the test body.

[  FAILED  ] EditorComponentVariant.BuildSimpleBatteryLoadCircuit (0 ms)
[----------] 1 test from EditorComponentVariant (0 ms total)

[----------] Global test environment tear-down
[==========] 1 test from 1 test suite ran. (0 ms total)
[  PASSED  ] 0 tests.
[  FAILED  ] 1 test, listed below:
[  FAILED  ] EditorComponentVariant.BuildSimpleBatteryLoadCircuit

 1 FAILED TEST
<end of output>
Test time =   0.01 sec
----------------------------------------------------------
Test Failed.
"EditorComponentVariant.BuildSimpleBatteryLoadCircuit" end time: Mar 30 14:45 CEST
"EditorComponentVariant.BuildSimpleBatteryLoadCircuit" time elapsed: 00:00:00
----------------------------------------------------------

44/644 Testing: EditorComponentVariant.MultiDomainComponents
44/644 Test: EditorComponentVariant.MultiDomainComponents
Command: "/Users/vladimir/an24_cpp/tests/editor_componentvariant_tests" "--gtest_filter=EditorComponentVariant.MultiDomainComponents" "--gtest_also_run_disabled_tests"
Directory: /Users/vladimir/an24_cpp/tests
"EditorComponentVariant.MultiDomainComponents" start time: Mar 30 14:45 CEST
Output:
----------------------------------------------------------
Running main() from /Users/vladimir/an24_cpp/_deps/googletest-src/googletest/src/gtest_main.cc
Note: Google Test filter = EditorComponentVariant.MultiDomainComponents
[==========] Running 1 test from 1 test suite.
[----------] Global test environment set-up.
[----------] 1 test from EditorComponentVariant
[ RUN      ] EditorComponentVariant.MultiDomainComponents
[2026-03-30 14:45:37.756] [info] [json_parser] Loaded 0 type definitions from 'library/'
[2026-03-30 14:45:37.757] [info] [json_parser] Loaded 0 type definitions
[2026-03-30 14:45:37.757] [error] [json_parser] Unknown component classname 'Battery' in device 'bat1'
unknown file: Failure
C++ exception with description "Unknown component classname: Battery" thrown in the test body.

[  FAILED  ] EditorComponentVariant.MultiDomainComponents (0 ms)
[----------] 1 test from EditorComponentVariant (0 ms total)

[----------] Global test environment tear-down
[==========] 1 test from 1 test suite ran. (0 ms total)
[  PASSED  ] 0 tests.
[  FAILED  ] 1 test, listed below:
[  FAILED  ] EditorComponentVariant.MultiDomainComponents

 1 FAILED TEST
<end of output>
Test time =   0.00 sec
----------------------------------------------------------
Test Failed.
"EditorComponentVariant.MultiDomainComponents" end time: Mar 30 14:45 CEST
"EditorComponentVariant.MultiDomainComponents" time elapsed: 00:00:00
----------------------------------------------------------

45/644 Testing: EditorComponentVariant.RefNodeFixedVoltage
45/644 Test: EditorComponentVariant.RefNodeFixedVoltage
Command: "/Users/vladimir/an24_cpp/tests/editor_componentvariant_tests" "--gtest_filter=EditorComponentVariant.RefNodeFixedVoltage" "--gtest_also_run_disabled_tests"
Directory: /Users/vladimir/an24_cpp/tests
"EditorComponentVariant.RefNodeFixedVoltage" start time: Mar 30 14:45 CEST
Output:
----------------------------------------------------------
Running main() from /Users/vladimir/an24_cpp/_deps/googletest-src/googletest/src/gtest_main.cc
Note: Google Test filter = EditorComponentVariant.RefNodeFixedVoltage
[==========] Running 1 test from 1 test suite.
[----------] Global test environment set-up.
[----------] 1 test from EditorComponentVariant
[ RUN      ] EditorComponentVariant.RefNodeFixedVoltage
[2026-03-30 14:45:37.760] [info] [json_parser] Loaded 0 type definitions from 'library/'
[2026-03-30 14:45:37.761] [info] [json_parser] Loaded 0 type definitions
[2026-03-30 14:45:37.761] [error] [json_parser] Unknown component classname 'RefNode' in device 'gnd'
unknown file: Failure
C++ exception with description "Unknown component classname: RefNode" thrown in the test body.

[  FAILED  ] EditorComponentVariant.RefNodeFixedVoltage (0 ms)
[----------] 1 test from EditorComponentVariant (0 ms total)

[----------] Global test environment tear-down
[==========] 1 test from 1 test suite ran. (0 ms total)
[  PASSED  ] 0 tests.
[  FAILED  ] 1 test, listed below:
[  FAILED  ] EditorComponentVariant.RefNodeFixedVoltage

 1 FAILED TEST
<end of output>
Test time =   0.00 sec
----------------------------------------------------------
Test Failed.
"EditorComponentVariant.RefNodeFixedVoltage" end time: Mar 30 14:45 CEST
"EditorComponentVariant.RefNodeFixedVoltage" time elapsed: 00:00:00
----------------------------------------------------------

46/644 Testing: EditorComponentVariant.AllComponentTypes
46/644 Test: EditorComponentVariant.AllComponentTypes
Command: "/Users/vladimir/an24_cpp/tests/editor_componentvariant_tests" "--gtest_filter=EditorComponentVariant.AllComponentTypes" "--gtest_also_run_disabled_tests"
Directory: /Users/vladimir/an24_cpp/tests
"EditorComponentVariant.AllComponentTypes" start time: Mar 30 14:45 CEST
Output:
----------------------------------------------------------
Running main() from /Users/vladimir/an24_cpp/_deps/googletest-src/googletest/src/gtest_main.cc
Note: Google Test filter = EditorComponentVariant.AllComponentTypes
[==========] Running 1 test from 1 test suite.
[----------] Global test environment set-up.
[----------] 1 test from EditorComponentVariant
[ RUN      ] EditorComponentVariant.AllComponentTypes
[2026-03-30 14:45:37.764] [info] [json_parser] Loaded 0 type definitions from 'library/'
[2026-03-30 14:45:37.764] [info] [json_parser] Loaded 0 type definitions
[2026-03-30 14:45:37.764] [error] [json_parser] Unknown component classname 'AGK47' in device 'comp1'
unknown file: Failure
C++ exception with description "Unknown component classname: AGK47" thrown in the test body.

[  FAILED  ] EditorComponentVariant.AllComponentTypes (0 ms)
[----------] 1 test from EditorComponentVariant (0 ms total)

[----------] Global test environment tear-down
[==========] 1 test from 1 test suite ran. (0 ms total)
[  PASSED  ] 0 tests.
[  FAILED  ] 1 test, listed below:
[  FAILED  ] EditorComponentVariant.AllComponentTypes

 1 FAILED TEST
<end of output>
Test time =   0.00 sec
----------------------------------------------------------
Test Failed.
"EditorComponentVariant.AllComponentTypes" end time: Mar 30 14:45 CEST
"EditorComponentVariant.AllComponentTypes" time elapsed: 00:00:00
----------------------------------------------------------

47/644 Testing: EditorComponentVariant.FactoryCreatesCorrectVariant
47/644 Test: EditorComponentVariant.FactoryCreatesCorrectVariant
Command: "/Users/vladimir/an24_cpp/tests/editor_componentvariant_tests" "--gtest_filter=EditorComponentVariant.FactoryCreatesCorrectVariant" "--gtest_also_run_disabled_tests"
Directory: /Users/vladimir/an24_cpp/tests
"EditorComponentVariant.FactoryCreatesCorrectVariant" start time: Mar 30 14:45 CEST
Output:
----------------------------------------------------------
Running main() from /Users/vladimir/an24_cpp/_deps/googletest-src/googletest/src/gtest_main.cc
Note: Google Test filter = EditorComponentVariant.FactoryCreatesCorrectVariant
[==========] Running 1 test from 1 test suite.
[----------] Global test environment set-up.
[----------] 1 test from EditorComponentVariant
[ RUN      ] EditorComponentVariant.FactoryCreatesCorrectVariant
[2026-03-30 14:45:37.768] [info] [json_parser] Loaded 0 type definitions from 'library/'
[2026-03-30 14:45:37.768] [info] [json_parser] Loaded 0 type definitions
[2026-03-30 14:45:37.768] [error] [json_parser] Unknown component classname 'Battery' in device 'bat1'
unknown file: Failure
C++ exception with description "Unknown component classname: Battery" thrown in the test body.

[  FAILED  ] EditorComponentVariant.FactoryCreatesCorrectVariant (0 ms)
[----------] 1 test from EditorComponentVariant (0 ms total)

[----------] Global test environment tear-down
[==========] 1 test from 1 test suite ran. (0 ms total)
[  PASSED  ] 0 tests.
[  FAILED  ] 1 test, listed below:
[  FAILED  ] EditorComponentVariant.FactoryCreatesCorrectVariant

 1 FAILED TEST
<end of output>
Test time =   0.00 sec
----------------------------------------------------------
Test Failed.
"EditorComponentVariant.FactoryCreatesCorrectVariant" end time: Mar 30 14:45 CEST
"EditorComponentVariant.FactoryCreatesCorrectVariant" time elapsed: 00:00:00
----------------------------------------------------------

48/644 Testing: PtTest.DefaultIsZero
48/644 Test: PtTest.DefaultIsZero
Command: "/Users/vladimir/an24_cpp/tests/editor_data_tests" "--gtest_filter=PtTest.DefaultIsZero" "--gtest_also_run_disabled_tests"
Directory: /Users/vladimir/an24_cpp/tests
"PtTest.DefaultIsZero" start time: Mar 30 14:45 CEST
Output:
----------------------------------------------------------
Running main() from /Users/vladimir/an24_cpp/_deps/googletest-src/googletest/src/gtest_main.cc
Note: Google Test filter = PtTest.DefaultIsZero
[==========] Running 1 test from 1 test suite.
[----------] Global test environment set-up.
[----------] 1 test from PtTest
[ RUN      ] PtTest.DefaultIsZero
[       OK ] PtTest.DefaultIsZero (0 ms)
[----------] 1 test from PtTest (0 ms total)

[----------] Global test environment tear-down
[==========] 1 test from 1 test suite ran. (0 ms total)
[  PASSED  ] 1 test.
<end of output>
Test time =   0.00 sec
----------------------------------------------------------
Test Passed.
"PtTest.DefaultIsZero" end time: Mar 30 14:45 CEST
"PtTest.DefaultIsZero" time elapsed: 00:00:00
----------------------------------------------------------

49/644 Testing: PtTest.Constructor
49/644 Test: PtTest.Constructor
Command: "/Users/vladimir/an24_cpp/tests/editor_data_tests" "--gtest_filter=PtTest.Constructor" "--gtest_also_run_disabled_tests"
Directory: /Users/vladimir/an24_cpp/tests
"PtTest.Constructor" start time: Mar 30 14:45 CEST
Output:
----------------------------------------------------------
Running main() from /Users/vladimir/an24_cpp/_deps/googletest-src/googletest/src/gtest_main.cc
Note: Google Test filter = PtTest.Constructor
[==========] Running 1 test from 1 test suite.
[----------] Global test environment set-up.
[----------] 1 test from PtTest
[ RUN      ] PtTest.Constructor
[       OK ] PtTest.Constructor (0 ms)
[----------] 1 test from PtTest (0 ms total)

[----------] Global test environment tear-down
[==========] 1 test from 1 test suite ran. (0 ms total)
[  PASSED  ] 1 test.
<end of output>
Test time =   0.00 sec
----------------------------------------------------------
Test Passed.
"PtTest.Constructor" end time: Mar 30 14:45 CEST
"PtTest.Constructor" time elapsed: 00:00:00
----------------------------------------------------------

50/644 Testing: PtTest.ZeroStatic
50/644 Test: PtTest.ZeroStatic
Command: "/Users/vladimir/an24_cpp/tests/editor_data_tests" "--gtest_filter=PtTest.ZeroStatic" "--gtest_also_run_disabled_tests"
Directory: /Users/vladimir/an24_cpp/tests
"PtTest.ZeroStatic" start time: Mar 30 14:45 CEST
Output:
----------------------------------------------------------
Running main() from /Users/vladimir/an24_cpp/_deps/googletest-src/googletest/src/gtest_main.cc
Note: Google Test filter = PtTest.ZeroStatic
[==========] Running 1 test from 1 test suite.
[----------] Global test environment set-up.
[----------] 1 test from PtTest
[ RUN      ] PtTest.ZeroStatic
[       OK ] PtTest.ZeroStatic (0 ms)
[----------] 1 test from PtTest (0 ms total)

[----------] Global test environment tear-down
[==========] 1 test from 1 test suite ran. (0 ms total)
[  PASSED  ] 1 test.
<end of output>
Test time =   0.00 sec
----------------------------------------------------------
Test Passed.
"PtTest.ZeroStatic" end time: Mar 30 14:45 CEST
"PtTest.ZeroStatic" time elapsed: 00:00:00
----------------------------------------------------------

51/644 Testing: PtTest.Addition
51/644 Test: PtTest.Addition
Command: "/Users/vladimir/an24_cpp/tests/editor_data_tests" "--gtest_filter=PtTest.Addition" "--gtest_also_run_disabled_tests"
Directory: /Users/vladimir/an24_cpp/tests
"PtTest.Addition" start time: Mar 30 14:45 CEST
Output:
----------------------------------------------------------
Running main() from /Users/vladimir/an24_cpp/_deps/googletest-src/googletest/src/gtest_main.cc
Note: Google Test filter = PtTest.Addition
[==========] Running 1 test from 1 test suite.
[----------] Global test environment set-up.
[----------] 1 test from PtTest
[ RUN      ] PtTest.Addition
[       OK ] PtTest.Addition (0 ms)
[----------] 1 test from PtTest (0 ms total)

[----------] Global test environment tear-down
[==========] 1 test from 1 test suite ran. (0 ms total)
[  PASSED  ] 1 test.
<end of output>
Test time =   0.00 sec
----------------------------------------------------------
Test Passed.
"PtTest.Addition" end time: Mar 30 14:45 CEST
"PtTest.Addition" time elapsed: 00:00:00
----------------------------------------------------------

52/644 Testing: PtTest.Subtraction
52/644 Test: PtTest.Subtraction
Command: "/Users/vladimir/an24_cpp/tests/editor_data_tests" "--gtest_filter=PtTest.Subtraction" "--gtest_also_run_disabled_tests"
Directory: /Users/vladimir/an24_cpp/tests
"PtTest.Subtraction" start time: Mar 30 14:45 CEST
Output:
----------------------------------------------------------
Running main() from /Users/vladimir/an24_cpp/_deps/googletest-src/googletest/src/gtest_main.cc
Note: Google Test filter = PtTest.Subtraction
[==========] Running 1 test from 1 test suite.
[----------] Global test environment set-up.
[----------] 1 test from PtTest
[ RUN      ] PtTest.Subtraction
[       OK ] PtTest.Subtraction (0 ms)
[----------] 1 test from PtTest (0 ms total)

[----------] Global test environment tear-down
[==========] 1 test from 1 test suite ran. (0 ms total)
[  PASSED  ] 1 test.
<end of output>
Test time =   0.00 sec
----------------------------------------------------------
Test Passed.
"PtTest.Subtraction" end time: Mar 30 14:45 CEST
"PtTest.Subtraction" time elapsed: 00:00:00
----------------------------------------------------------

53/644 Testing: PtTest.Multiplication
53/644 Test: PtTest.Multiplication
Command: "/Users/vladimir/an24_cpp/tests/editor_data_tests" "--gtest_filter=PtTest.Multiplication" "--gtest_also_run_disabled_tests"
Directory: /Users/vladimir/an24_cpp/tests
"PtTest.Multiplication" start time: Mar 30 14:45 CEST
Output:
----------------------------------------------------------
Running main() from /Users/vladimir/an24_cpp/_deps/googletest-src/googletest/src/gtest_main.cc
Note: Google Test filter = PtTest.Multiplication
[==========] Running 1 test from 1 test suite.
[----------] Global test environment set-up.
[----------] 1 test from PtTest
[ RUN      ] PtTest.Multiplication
[       OK ] PtTest.Multiplication (0 ms)
[----------] 1 test from PtTest (0 ms total)

[----------] Global test environment tear-down
[==========] 1 test from 1 test suite ran. (0 ms total)
[  PASSED  ] 1 test.
<end of output>
Test time =   0.00 sec
----------------------------------------------------------
Test Passed.
"PtTest.Multiplication" end time: Mar 30 14:45 CEST
"PtTest.Multiplication" time elapsed: 00:00:00
----------------------------------------------------------

54/644 Testing: PtTest.Equality
54/644 Test: PtTest.Equality
Command: "/Users/vladimir/an24_cpp/tests/editor_data_tests" "--gtest_filter=PtTest.Equality" "--gtest_also_run_disabled_tests"
Directory: /Users/vladimir/an24_cpp/tests
"PtTest.Equality" start time: Mar 30 14:45 CEST
Output:
----------------------------------------------------------
Running main() from /Users/vladimir/an24_cpp/_deps/googletest-src/googletest/src/gtest_main.cc
Note: Google Test filter = PtTest.Equality
[==========] Running 1 test from 1 test suite.
[----------] Global test environment set-up.
[----------] 1 test from PtTest
[ RUN      ] PtTest.Equality
[       OK ] PtTest.Equality (0 ms)
[----------] 1 test from PtTest (0 ms total)

[----------] Global test environment tear-down
[==========] 1 test from 1 test suite ran. (0 ms total)
[  PASSED  ] 1 test.
<end of output>
Test time =   0.00 sec
----------------------------------------------------------
Test Passed.
"PtTest.Equality" end time: Mar 30 14:45 CEST
"PtTest.Equality" time elapsed: 00:00:00
----------------------------------------------------------

55/644 Testing: BlueprintTest.DefaultIsEmpty
55/644 Test: BlueprintTest.DefaultIsEmpty
Command: "/Users/vladimir/an24_cpp/tests/editor_data_tests" "--gtest_filter=BlueprintTest.DefaultIsEmpty" "--gtest_also_run_disabled_tests"
Directory: /Users/vladimir/an24_cpp/tests
"BlueprintTest.DefaultIsEmpty" start time: Mar 30 14:45 CEST
Output:
----------------------------------------------------------
Running main() from /Users/vladimir/an24_cpp/_deps/googletest-src/googletest/src/gtest_main.cc
Note: Google Test filter = BlueprintTest.DefaultIsEmpty
[==========] Running 1 test from 1 test suite.
[----------] Global test environment set-up.
[----------] 1 test from BlueprintTest
[ RUN      ] BlueprintTest.DefaultIsEmpty
[       OK ] BlueprintTest.DefaultIsEmpty (0 ms)
[----------] 1 test from BlueprintTest (0 ms total)

[----------] Global test environment tear-down
[==========] 1 test from 1 test suite ran. (0 ms total)
[  PASSED  ] 1 test.
<end of output>
Test time =   0.00 sec
----------------------------------------------------------
Test Passed.
"BlueprintTest.DefaultIsEmpty" end time: Mar 30 14:45 CEST
"BlueprintTest.DefaultIsEmpty" time elapsed: 00:00:00
----------------------------------------------------------

56/644 Testing: BlueprintTest.AddNode
56/644 Test: BlueprintTest.AddNode
Command: "/Users/vladimir/an24_cpp/tests/editor_data_tests" "--gtest_filter=BlueprintTest.AddNode" "--gtest_also_run_disabled_tests"
Directory: /Users/vladimir/an24_cpp/tests
"BlueprintTest.AddNode" start time: Mar 30 14:45 CEST
Output:
----------------------------------------------------------
Running main() from /Users/vladimir/an24_cpp/_deps/googletest-src/googletest/src/gtest_main.cc
Note: Google Test filter = BlueprintTest.AddNode
[==========] Running 1 test from 1 test suite.
[----------] Global test environment set-up.
[----------] 1 test from BlueprintTest
[ RUN      ] BlueprintTest.AddNode
[       OK ] BlueprintTest.AddNode (0 ms)
[----------] 1 test from BlueprintTest (0 ms total)

[----------] Global test environment tear-down
[==========] 1 test from 1 test suite ran. (0 ms total)
[  PASSED  ] 1 test.
<end of output>
Test time =   0.00 sec
----------------------------------------------------------
Test Passed.
"BlueprintTest.AddNode" end time: Mar 30 14:45 CEST
"BlueprintTest.AddNode" time elapsed: 00:00:00
----------------------------------------------------------

57/644 Testing: BlueprintTest.AddWire
57/644 Test: BlueprintTest.AddWire
Command: "/Users/vladimir/an24_cpp/tests/editor_data_tests" "--gtest_filter=BlueprintTest.AddWire" "--gtest_also_run_disabled_tests"
Directory: /Users/vladimir/an24_cpp/tests
"BlueprintTest.AddWire" start time: Mar 30 14:45 CEST
Output:
----------------------------------------------------------
Running main() from /Users/vladimir/an24_cpp/_deps/googletest-src/googletest/src/gtest_main.cc
Note: Google Test filter = BlueprintTest.AddWire
[==========] Running 1 test from 1 test suite.
[----------] Global test environment set-up.
[----------] 1 test from BlueprintTest
[ RUN      ] BlueprintTest.AddWire
[       OK ] BlueprintTest.AddWire (0 ms)
[----------] 1 test from BlueprintTest (0 ms total)

[----------] Global test environment tear-down
[==========] 1 test from 1 test suite ran. (0 ms total)
[  PASSED  ] 1 test.
<end of output>
Test time =   0.00 sec
----------------------------------------------------------
Test Passed.
"BlueprintTest.AddWire" end time: Mar 30 14:45 CEST
"BlueprintTest.AddWire" time elapsed: 00:00:00
----------------------------------------------------------

58/644 Testing: BlueprintTest.FindNode
58/644 Test: BlueprintTest.FindNode
Command: "/Users/vladimir/an24_cpp/tests/editor_data_tests" "--gtest_filter=BlueprintTest.FindNode" "--gtest_also_run_disabled_tests"
Directory: /Users/vladimir/an24_cpp/tests
"BlueprintTest.FindNode" start time: Mar 30 14:45 CEST
Output:
----------------------------------------------------------
Running main() from /Users/vladimir/an24_cpp/_deps/googletest-src/googletest/src/gtest_main.cc
Note: Google Test filter = BlueprintTest.FindNode
[==========] Running 1 test from 1 test suite.
[----------] Global test environment set-up.
[----------] 1 test from BlueprintTest
[ RUN      ] BlueprintTest.FindNode
[       OK ] BlueprintTest.FindNode (0 ms)
[----------] 1 test from BlueprintTest (0 ms total)

[----------] Global test environment tear-down
[==========] 1 test from 1 test suite ran. (0 ms total)
[  PASSED  ] 1 test.
<end of output>
Test time =   0.00 sec
----------------------------------------------------------
Test Passed.
"BlueprintTest.FindNode" end time: Mar 30 14:45 CEST
"BlueprintTest.FindNode" time elapsed: 00:00:00
----------------------------------------------------------

Unable to find executable: editor_settings_tests_NOT_BUILT
59/644 Testing: editor_settings_tests_NOT_BUILT
59/644 Test: editor_settings_tests_NOT_BUILT
Command: ""
Directory: /Users/vladimir/an24_cpp/tests
"editor_settings_tests_NOT_BUILT" start time: 
Output:
----------------------------------------------------------
<end of output>
Test time =   0.00 sec
----------------------------------------------------------
Test Passed.
"editor_settings_tests_NOT_BUILT" end time: Mar 30 14:45 CEST
"editor_settings_tests_NOT_BUILT" time elapsed: 00:00:00
----------------------------------------------------------

Unable to find executable: editor_data_interning_tests_NOT_BUILT
60/644 Testing: editor_data_interning_tests_NOT_BUILT
60/644 Test: editor_data_interning_tests_NOT_BUILT
Command: ""
Directory: /Users/vladimir/an24_cpp/tests
"editor_data_interning_tests_NOT_BUILT" start time: 
Output:
----------------------------------------------------------
<end of output>
Test time =   0.00 sec
----------------------------------------------------------
Test Passed.
"editor_data_interning_tests_NOT_BUILT" end time: Mar 30 14:45 CEST
"editor_data_interning_tests_NOT_BUILT" time elapsed: 00:00:00
----------------------------------------------------------

Unable to find executable: port_layout_resolver_tests_NOT_BUILT
61/644 Testing: port_layout_resolver_tests_NOT_BUILT
61/644 Test: port_layout_resolver_tests_NOT_BUILT
Command: ""
Directory: /Users/vladimir/an24_cpp/tests
"port_layout_resolver_tests_NOT_BUILT" start time: 
Output:
----------------------------------------------------------
<end of output>
Test time =   0.00 sec
----------------------------------------------------------
Test Passed.
"port_layout_resolver_tests_NOT_BUILT" end time: Mar 30 14:45 CEST
"port_layout_resolver_tests_NOT_BUILT" time elapsed: 00:00:00
----------------------------------------------------------

62/644 Testing: ViewportTest.DefaultValues
62/644 Test: ViewportTest.DefaultValues
Command: "/Users/vladimir/an24_cpp/tests/editor_viewport_tests" "--gtest_filter=ViewportTest.DefaultValues" "--gtest_also_run_disabled_tests"
Directory: /Users/vladimir/an24_cpp/tests
"ViewportTest.DefaultValues" start time: Mar 30 14:45 CEST
Output:
----------------------------------------------------------
Running main() from /Users/vladimir/an24_cpp/_deps/googletest-src/googletest/src/gtest_main.cc
Note: Google Test filter = ViewportTest.DefaultValues
[==========] Running 1 test from 1 test suite.
[----------] Global test environment set-up.
[----------] 1 test from ViewportTest
[ RUN      ] ViewportTest.DefaultValues
[       OK ] ViewportTest.DefaultValues (0 ms)
[----------] 1 test from ViewportTest (0 ms total)

[----------] Global test environment tear-down
[==========] 1 test from 1 test suite ran. (0 ms total)
[  PASSED  ] 1 test.
<end of output>
Test time =   0.00 sec
----------------------------------------------------------
Test Passed.
"ViewportTest.DefaultValues" end time: Mar 30 14:45 CEST
"ViewportTest.DefaultValues" time elapsed: 00:00:00
----------------------------------------------------------

63/644 Testing: ViewportTest.ScreenToWorld_Identity
63/644 Test: ViewportTest.ScreenToWorld_Identity
Command: "/Users/vladimir/an24_cpp/tests/editor_viewport_tests" "--gtest_filter=ViewportTest.ScreenToWorld_Identity" "--gtest_also_run_disabled_tests"
Directory: /Users/vladimir/an24_cpp/tests
"ViewportTest.ScreenToWorld_Identity" start time: Mar 30 14:45 CEST
Output:
----------------------------------------------------------
Running main() from /Users/vladimir/an24_cpp/_deps/googletest-src/googletest/src/gtest_main.cc
Note: Google Test filter = ViewportTest.ScreenToWorld_Identity
[==========] Running 1 test from 1 test suite.
[----------] Global test environment set-up.
[----------] 1 test from ViewportTest
[ RUN      ] ViewportTest.ScreenToWorld_Identity
[       OK ] ViewportTest.ScreenToWorld_Identity (0 ms)
[----------] 1 test from ViewportTest (0 ms total)

[----------] Global test environment tear-down
[==========] 1 test from 1 test suite ran. (0 ms total)
[  PASSED  ] 1 test.
<end of output>
Test time =   0.00 sec
----------------------------------------------------------
Test Passed.
"ViewportTest.ScreenToWorld_Identity" end time: Mar 30 14:45 CEST
"ViewportTest.ScreenToWorld_Identity" time elapsed: 00:00:00
----------------------------------------------------------

64/644 Testing: ViewportTest.WorldToScreen_Identity
64/644 Test: ViewportTest.WorldToScreen_Identity
Command: "/Users/vladimir/an24_cpp/tests/editor_viewport_tests" "--gtest_filter=ViewportTest.WorldToScreen_Identity" "--gtest_also_run_disabled_tests"
Directory: /Users/vladimir/an24_cpp/tests
"ViewportTest.WorldToScreen_Identity" start time: Mar 30 14:45 CEST
Output:
----------------------------------------------------------
Running main() from /Users/vladimir/an24_cpp/_deps/googletest-src/googletest/src/gtest_main.cc
Note: Google Test filter = ViewportTest.WorldToScreen_Identity
[==========] Running 1 test from 1 test suite.
[----------] Global test environment set-up.
[----------] 1 test from ViewportTest
[ RUN      ] ViewportTest.WorldToScreen_Identity
[       OK ] ViewportTest.WorldToScreen_Identity (0 ms)
[----------] 1 test from ViewportTest (0 ms total)

[----------] Global test environment tear-down
[==========] 1 test from 1 test suite ran. (0 ms total)
[  PASSED  ] 1 test.
<end of output>
Test time =   0.00 sec
----------------------------------------------------------
Test Passed.
"ViewportTest.WorldToScreen_Identity" end time: Mar 30 14:45 CEST
"ViewportTest.WorldToScreen_Identity" time elapsed: 00:00:00
----------------------------------------------------------

65/644 Testing: ViewportTest.ScreenToWorld_WithPan
65/644 Test: ViewportTest.ScreenToWorld_WithPan
Command: "/Users/vladimir/an24_cpp/tests/editor_viewport_tests" "--gtest_filter=ViewportTest.ScreenToWorld_WithPan" "--gtest_also_run_disabled_tests"
Directory: /Users/vladimir/an24_cpp/tests
"ViewportTest.ScreenToWorld_WithPan" start time: Mar 30 14:45 CEST
Output:
----------------------------------------------------------
Running main() from /Users/vladimir/an24_cpp/_deps/googletest-src/googletest/src/gtest_main.cc
Note: Google Test filter = ViewportTest.ScreenToWorld_WithPan
[==========] Running 1 test from 1 test suite.
[----------] Global test environment set-up.
[----------] 1 test from ViewportTest
[ RUN      ] ViewportTest.ScreenToWorld_WithPan
[       OK ] ViewportTest.ScreenToWorld_WithPan (0 ms)
[----------] 1 test from ViewportTest (0 ms total)

[----------] Global test environment tear-down
[==========] 1 test from 1 test suite ran. (0 ms total)
[  PASSED  ] 1 test.
<end of output>
Test time =   0.00 sec
----------------------------------------------------------
Test Passed.
"ViewportTest.ScreenToWorld_WithPan" end time: Mar 30 14:45 CEST
"ViewportTest.ScreenToWorld_WithPan" time elapsed: 00:00:00
----------------------------------------------------------

66/644 Testing: ViewportTest.WorldToScreen_WithPan
66/644 Test: ViewportTest.WorldToScreen_WithPan
Command: "/Users/vladimir/an24_cpp/tests/editor_viewport_tests" "--gtest_filter=ViewportTest.WorldToScreen_WithPan" "--gtest_also_run_disabled_tests"
Directory: /Users/vladimir/an24_cpp/tests
"ViewportTest.WorldToScreen_WithPan" start time: Mar 30 14:45 CEST
Output:
----------------------------------------------------------
Running main() from /Users/vladimir/an24_cpp/_deps/googletest-src/googletest/src/gtest_main.cc
Note: Google Test filter = ViewportTest.WorldToScreen_WithPan
[==========] Running 1 test from 1 test suite.
[----------] Global test environment set-up.
[----------] 1 test from ViewportTest
[ RUN      ] ViewportTest.WorldToScreen_WithPan
[       OK ] ViewportTest.WorldToScreen_WithPan (0 ms)
[----------] 1 test from ViewportTest (0 ms total)

[----------] Global test environment tear-down
[==========] 1 test from 1 test suite ran. (0 ms total)
[  PASSED  ] 1 test.
<end of output>
Test time =   0.00 sec
----------------------------------------------------------
Test Passed.
"ViewportTest.WorldToScreen_WithPan" end time: Mar 30 14:45 CEST
"ViewportTest.WorldToScreen_WithPan" time elapsed: 00:00:00
----------------------------------------------------------

67/644 Testing: ViewportTest.ScreenToWorld_WithZoom
67/644 Test: ViewportTest.ScreenToWorld_WithZoom
Command: "/Users/vladimir/an24_cpp/tests/editor_viewport_tests" "--gtest_filter=ViewportTest.ScreenToWorld_WithZoom" "--gtest_also_run_disabled_tests"
Directory: /Users/vladimir/an24_cpp/tests
"ViewportTest.ScreenToWorld_WithZoom" start time: Mar 30 14:45 CEST
Output:
----------------------------------------------------------
Running main() from /Users/vladimir/an24_cpp/_deps/googletest-src/googletest/src/gtest_main.cc
Note: Google Test filter = ViewportTest.ScreenToWorld_WithZoom
[==========] Running 1 test from 1 test suite.
[----------] Global test environment set-up.
[----------] 1 test from ViewportTest
[ RUN      ] ViewportTest.ScreenToWorld_WithZoom
[       OK ] ViewportTest.ScreenToWorld_WithZoom (0 ms)
[----------] 1 test from ViewportTest (0 ms total)

[----------] Global test environment tear-down
[==========] 1 test from 1 test suite ran. (0 ms total)
[  PASSED  ] 1 test.
<end of output>
Test time =   0.00 sec
----------------------------------------------------------
Test Passed.
"ViewportTest.ScreenToWorld_WithZoom" end time: Mar 30 14:45 CEST
"ViewportTest.ScreenToWorld_WithZoom" time elapsed: 00:00:00
----------------------------------------------------------

68/644 Testing: ViewportTest.PanBy
68/644 Test: ViewportTest.PanBy
Command: "/Users/vladimir/an24_cpp/tests/editor_viewport_tests" "--gtest_filter=ViewportTest.PanBy" "--gtest_also_run_disabled_tests"
Directory: /Users/vladimir/an24_cpp/tests
"ViewportTest.PanBy" start time: Mar 30 14:45 CEST
Output:
----------------------------------------------------------
Running main() from /Users/vladimir/an24_cpp/_deps/googletest-src/googletest/src/gtest_main.cc
Note: Google Test filter = ViewportTest.PanBy
[==========] Running 1 test from 1 test suite.
[----------] Global test environment set-up.
[----------] 1 test from ViewportTest
[ RUN      ] ViewportTest.PanBy
[       OK ] ViewportTest.PanBy (0 ms)
[----------] 1 test from ViewportTest (0 ms total)

[----------] Global test environment tear-down
[==========] 1 test from 1 test suite ran. (0 ms total)
[  PASSED  ] 1 test.
<end of output>
Test time =   0.00 sec
----------------------------------------------------------
Test Passed.
"ViewportTest.PanBy" end time: Mar 30 14:45 CEST
"ViewportTest.PanBy" time elapsed: 00:00:00
----------------------------------------------------------

69/644 Testing: ViewportTest.ZoomAt
69/644 Test: ViewportTest.ZoomAt
Command: "/Users/vladimir/an24_cpp/tests/editor_viewport_tests" "--gtest_filter=ViewportTest.ZoomAt" "--gtest_also_run_disabled_tests"
Directory: /Users/vladimir/an24_cpp/tests
"ViewportTest.ZoomAt" start time: Mar 30 14:45 CEST
Output:
----------------------------------------------------------
Running main() from /Users/vladimir/an24_cpp/_deps/googletest-src/googletest/src/gtest_main.cc
Note: Google Test filter = ViewportTest.ZoomAt
[==========] Running 1 test from 1 test suite.
[----------] Global test environment set-up.
[----------] 1 test from ViewportTest
[ RUN      ] ViewportTest.ZoomAt
[       OK ] ViewportTest.ZoomAt (0 ms)
[----------] 1 test from ViewportTest (0 ms total)

[----------] Global test environment tear-down
[==========] 1 test from 1 test suite ran. (0 ms total)
[  PASSED  ] 1 test.
<end of output>
Test time =   0.00 sec
----------------------------------------------------------
Test Passed.
"ViewportTest.ZoomAt" end time: Mar 30 14:45 CEST
"ViewportTest.ZoomAt" time elapsed: 00:00:00
----------------------------------------------------------

70/644 Testing: ViewportTest.ZoomClamped
70/644 Test: ViewportTest.ZoomClamped
Command: "/Users/vladimir/an24_cpp/tests/editor_viewport_tests" "--gtest_filter=ViewportTest.ZoomClamped" "--gtest_also_run_disabled_tests"
Directory: /Users/vladimir/an24_cpp/tests
"ViewportTest.ZoomClamped" start time: Mar 30 14:45 CEST
Output:
----------------------------------------------------------
Running main() from /Users/vladimir/an24_cpp/_deps/googletest-src/googletest/src/gtest_main.cc
Note: Google Test filter = ViewportTest.ZoomClamped
[==========] Running 1 test from 1 test suite.
[----------] Global test environment set-up.
[----------] 1 test from ViewportTest
[ RUN      ] ViewportTest.ZoomClamped
[       OK ] ViewportTest.ZoomClamped (0 ms)
[----------] 1 test from ViewportTest (0 ms total)

[----------] Global test environment tear-down
[==========] 1 test from 1 test suite ran. (0 ms total)
[  PASSED  ] 1 test.
<end of output>
Test time =   0.00 sec
----------------------------------------------------------
Test Passed.
"ViewportTest.ZoomClamped" end time: Mar 30 14:45 CEST
"ViewportTest.ZoomClamped" time elapsed: 00:00:00
----------------------------------------------------------

71/644 Testing: ViewportTest.CenterOn_PanUpdated
71/644 Test: ViewportTest.CenterOn_PanUpdated
Command: "/Users/vladimir/an24_cpp/tests/editor_viewport_tests" "--gtest_filter=ViewportTest.CenterOn_PanUpdated" "--gtest_also_run_disabled_tests"
Directory: /Users/vladimir/an24_cpp/tests
"ViewportTest.CenterOn_PanUpdated" start time: Mar 30 14:45 CEST
Output:
----------------------------------------------------------
Running main() from /Users/vladimir/an24_cpp/_deps/googletest-src/googletest/src/gtest_main.cc
Note: Google Test filter = ViewportTest.CenterOn_PanUpdated
[==========] Running 1 test from 1 test suite.
[----------] Global test environment set-up.
[----------] 1 test from ViewportTest
[ RUN      ] ViewportTest.CenterOn_PanUpdated
[       OK ] ViewportTest.CenterOn_PanUpdated (0 ms)
[----------] 1 test from ViewportTest (0 ms total)

[----------] Global test environment tear-down
[==========] 1 test from 1 test suite ran. (0 ms total)
[  PASSED  ] 1 test.
<end of output>
Test time =   0.00 sec
----------------------------------------------------------
Test Passed.
"ViewportTest.CenterOn_PanUpdated" end time: Mar 30 14:45 CEST
"ViewportTest.CenterOn_PanUpdated" time elapsed: 00:00:00
----------------------------------------------------------

72/644 Testing: ViewportTest.CenterOn_WithZoom
72/644 Test: ViewportTest.CenterOn_WithZoom
Command: "/Users/vladimir/an24_cpp/tests/editor_viewport_tests" "--gtest_filter=ViewportTest.CenterOn_WithZoom" "--gtest_also_run_disabled_tests"
Directory: /Users/vladimir/an24_cpp/tests
"ViewportTest.CenterOn_WithZoom" start time: Mar 30 14:45 CEST
Output:
----------------------------------------------------------
Running main() from /Users/vladimir/an24_cpp/_deps/googletest-src/googletest/src/gtest_main.cc
Note: Google Test filter = ViewportTest.CenterOn_WithZoom
[==========] Running 1 test from 1 test suite.
[----------] Global test environment set-up.
[----------] 1 test from ViewportTest
[ RUN      ] ViewportTest.CenterOn_WithZoom
[       OK ] ViewportTest.CenterOn_WithZoom (0 ms)
[----------] 1 test from ViewportTest (0 ms total)

[----------] Global test environment tear-down
[==========] 1 test from 1 test suite ran. (0 ms total)
[  PASSED  ] 1 test.
<end of output>
Test time =   0.00 sec
----------------------------------------------------------
Test Passed.
"ViewportTest.CenterOn_WithZoom" end time: Mar 30 14:45 CEST
"ViewportTest.CenterOn_WithZoom" time elapsed: 00:00:00
----------------------------------------------------------

73/644 Testing: JsonParserTest.ParseEmptyContext
73/644 Test: JsonParserTest.ParseEmptyContext
Command: "/Users/vladimir/an24_cpp/tests/json_parser_tests" "--gtest_filter=JsonParserTest.ParseEmptyContext" "--gtest_also_run_disabled_tests"
Directory: /Users/vladimir/an24_cpp/tests
"JsonParserTest.ParseEmptyContext" start time: Mar 30 14:45 CEST
Output:
----------------------------------------------------------
Running main() from /Users/vladimir/an24_cpp/_deps/googletest-src/googletest/src/gtest_main.cc
Note: Google Test filter = JsonParserTest.ParseEmptyContext
[==========] Running 1 test from 1 test suite.
[----------] Global test environment set-up.
[----------] 1 test from JsonParserTest
[ RUN      ] JsonParserTest.ParseEmptyContext
[2026-03-30 14:45:37.827] [info] [json_parser] Loaded 0 type definitions from 'library/'
[...]
Test time =   0.00 sec
----------------------------------------------------------
Test Passed.
"clamp_normalize_tests_NOT_BUILT" end time: Mar 30 14:45 CEST
"clamp_normalize_tests_NOT_BUILT" time elapsed: 00:00:00
----------------------------------------------------------

Unable to find executable: comparison_components_tests_NOT_BUILT
613/644 Testing: comparison_components_tests_NOT_BUILT
613/644 Test: comparison_components_tests_NOT_BUILT
Command: ""
Directory: /Users/vladimir/an24_cpp/tests
"comparison_components_tests_NOT_BUILT" start time: 
Output:
----------------------------------------------------------
<end of output>
Test time =   0.00 sec
----------------------------------------------------------
Test Passed.
"comparison_components_tests_NOT_BUILT" end time: Mar 30 14:45 CEST
"comparison_components_tests_NOT_BUILT" time elapsed: 00:00:00
----------------------------------------------------------

Unable to find executable: spring_tests_NOT_BUILT
614/644 Testing: spring_tests_NOT_BUILT
614/644 Test: spring_tests_NOT_BUILT
Command: ""
Directory: /Users/vladimir/an24_cpp/tests
"spring_tests_NOT_BUILT" start time: 
Output:
----------------------------------------------------------
<end of output>
Test time =   0.00 sec
----------------------------------------------------------
Test Passed.
"spring_tests_NOT_BUILT" end time: Mar 30 14:45 CEST
"spring_tests_NOT_BUILT" time elapsed: 00:00:00
----------------------------------------------------------

Unable to find executable: sub_blueprint_ref_tests_NOT_BUILT
615/644 Testing: sub_blueprint_ref_tests_NOT_BUILT
615/644 Test: sub_blueprint_ref_tests_NOT_BUILT
Command: ""
Directory: /Users/vladimir/an24_cpp/tests
"sub_blueprint_ref_tests_NOT_BUILT" start time: 
Output:
----------------------------------------------------------
<end of output>
Test time =   0.00 sec
----------------------------------------------------------
Test Passed.
"sub_blueprint_ref_tests_NOT_BUILT" end time: Mar 30 14:45 CEST
"sub_blueprint_ref_tests_NOT_BUILT" time elapsed: 00:00:00
----------------------------------------------------------

Unable to find executable: v3_migration_tests_NOT_BUILT
616/644 Testing: v3_migration_tests_NOT_BUILT
616/644 Test: v3_migration_tests_NOT_BUILT
Command: ""
Directory: /Users/vladimir/an24_cpp/tests
"v3_migration_tests_NOT_BUILT" start time: 
Output:
----------------------------------------------------------
<end of output>
Test time =   0.00 sec
----------------------------------------------------------
Test Passed.
"v3_migration_tests_NOT_BUILT" end time: Mar 30 14:45 CEST
"v3_migration_tests_NOT_BUILT" time elapsed: 00:00:00
----------------------------------------------------------

Unable to find executable: multi_domain_tests_NOT_BUILT
617/644 Testing: multi_domain_tests_NOT_BUILT
617/644 Test: multi_domain_tests_NOT_BUILT
Command: ""
Directory: /Users/vladimir/an24_cpp/tests
"multi_domain_tests_NOT_BUILT" start time: 
Output:
----------------------------------------------------------
<end of output>
Test time =   0.00 sec
----------------------------------------------------------
Test Passed.
"multi_domain_tests_NOT_BUILT" end time: Mar 30 14:45 CEST
"multi_domain_tests_NOT_BUILT" time elapsed: 00:00:00
----------------------------------------------------------

Unable to find executable: command_tests_NOT_BUILT
618/644 Testing: command_tests_NOT_BUILT
618/644 Test: command_tests_NOT_BUILT
Command: ""
Directory: /Users/vladimir/an24_cpp/tests
"command_tests_NOT_BUILT" start time: 
Output:
----------------------------------------------------------
<end of output>
Test time =   0.00 sec
----------------------------------------------------------
Test Passed.
"command_tests_NOT_BUILT" end time: Mar 30 14:45 CEST
"command_tests_NOT_BUILT" time elapsed: 00:00:00
----------------------------------------------------------

Unable to find executable: transformer_tests_NOT_BUILT
619/644 Testing: transformer_tests_NOT_BUILT
619/644 Test: transformer_tests_NOT_BUILT
Command: ""
Directory: /Users/vladimir/an24_cpp/tests
"transformer_tests_NOT_BUILT" start time: 
Output:
----------------------------------------------------------
<end of output>
Test time =   0.00 sec
----------------------------------------------------------
Test Passed.
"transformer_tests_NOT_BUILT" end time: Mar 30 14:45 CEST
"transformer_tests_NOT_BUILT" time elapsed: 00:00:00
----------------------------------------------------------

Unable to find executable: generator_tests_NOT_BUILT
620/644 Testing: generator_tests_NOT_BUILT
620/644 Test: generator_tests_NOT_BUILT
Command: ""
Directory: /Users/vladimir/an24_cpp/tests
"generator_tests_NOT_BUILT" start time: 
Output:
----------------------------------------------------------
<end of output>
Test time =   0.00 sec
----------------------------------------------------------
Test Passed.
"generator_tests_NOT_BUILT" end time: Mar 30 14:45 CEST
"generator_tests_NOT_BUILT" time elapsed: 00:00:00
----------------------------------------------------------

Unable to find executable: apu_mechanical_tests_NOT_BUILT
621/644 Testing: apu_mechanical_tests_NOT_BUILT
621/644 Test: apu_mechanical_tests_NOT_BUILT
Command: ""
Directory: /Users/vladimir/an24_cpp/tests
"apu_mechanical_tests_NOT_BUILT" start time: 
Output:
----------------------------------------------------------
<end of output>
Test time =   0.00 sec
----------------------------------------------------------
Test Passed.
"apu_mechanical_tests_NOT_BUILT" end time: Mar 30 14:45 CEST
"apu_mechanical_tests_NOT_BUILT" time elapsed: 00:00:00
----------------------------------------------------------

Unable to find executable: gs24_regression_tests_NOT_BUILT
622/644 Testing: gs24_regression_tests_NOT_BUILT
622/644 Test: gs24_regression_tests_NOT_BUILT
Command: ""
Directory: /Users/vladimir/an24_cpp/tests
"gs24_regression_tests_NOT_BUILT" start time: 
Output:
----------------------------------------------------------
<end of output>
Test time =   0.00 sec
----------------------------------------------------------
Test Passed.
"gs24_regression_tests_NOT_BUILT" end time: Mar 30 14:45 CEST
"gs24_regression_tests_NOT_BUILT" time elapsed: 00:00:00
----------------------------------------------------------

Unable to find executable: radiator_regression_tests_NOT_BUILT
623/644 Testing: radiator_regression_tests_NOT_BUILT
623/644 Test: radiator_regression_tests_NOT_BUILT
Command: ""
Directory: /Users/vladimir/an24_cpp/tests
"radiator_regression_tests_NOT_BUILT" start time: 
Output:
----------------------------------------------------------
<end of output>
Test time =   0.00 sec
----------------------------------------------------------
Test Passed.
"radiator_regression_tests_NOT_BUILT" end time: Mar 30 14:45 CEST
"radiator_regression_tests_NOT_BUILT" time elapsed: 00:00:00
----------------------------------------------------------

Unable to find executable: inverter_regression_tests_NOT_BUILT
624/644 Testing: inverter_regression_tests_NOT_BUILT
624/644 Test: inverter_regression_tests_NOT_BUILT
Command: ""
Directory: /Users/vladimir/an24_cpp/tests
"inverter_regression_tests_NOT_BUILT" start time: 
Output:
----------------------------------------------------------
<end of output>
Test time =   0.00 sec
----------------------------------------------------------
Test Passed.
"inverter_regression_tests_NOT_BUILT" end time: Mar 30 14:45 CEST
"inverter_regression_tests_NOT_BUILT" time elapsed: 00:00:00
----------------------------------------------------------

Unable to find executable: unmapped_port_regression_tests_NOT_BUILT
625/644 Testing: unmapped_port_regression_tests_NOT_BUILT
625/644 Test: unmapped_port_regression_tests_NOT_BUILT
Command: ""
Directory: /Users/vladimir/an24_cpp/tests
"unmapped_port_regression_tests_NOT_BUILT" start time: 
Output:
----------------------------------------------------------
<end of output>
Test time =   0.00 sec
----------------------------------------------------------
Test Passed.
"unmapped_port_regression_tests_NOT_BUILT" end time: Mar 30 14:45 CEST
"unmapped_port_regression_tests_NOT_BUILT" time elapsed: 00:00:00
----------------------------------------------------------

Unable to find executable: electric_pump_regression_tests_NOT_BUILT
626/644 Testing: electric_pump_regression_tests_NOT_BUILT
626/644 Test: electric_pump_regression_tests_NOT_BUILT
Command: ""
Directory: /Users/vladimir/an24_cpp/tests
"electric_pump_regression_tests_NOT_BUILT" start time: 
Output:
----------------------------------------------------------
<end of output>
Test time =   0.00 sec
----------------------------------------------------------
Test Passed.
"electric_pump_regression_tests_NOT_BUILT" end time: Mar 30 14:45 CEST
"electric_pump_regression_tests_NOT_BUILT" time elapsed: 00:00:00
----------------------------------------------------------

Unable to find executable: electric_heater_regression_tests_NOT_BUILT
627/644 Testing: electric_heater_regression_tests_NOT_BUILT
627/644 Test: electric_heater_regression_tests_NOT_BUILT
Command: ""
Directory: /Users/vladimir/an24_cpp/tests
"electric_heater_regression_tests_NOT_BUILT" start time: 
Output:
----------------------------------------------------------
<end of output>
Test time =   0.00 sec
----------------------------------------------------------
Test Passed.
"electric_heater_regression_tests_NOT_BUILT" end time: Mar 30 14:45 CEST
"electric_heater_regression_tests_NOT_BUILT" time elapsed: 00:00:00
----------------------------------------------------------

Unable to find executable: switch_regression_tests_NOT_BUILT
628/644 Testing: switch_regression_tests_NOT_BUILT
628/644 Test: switch_regression_tests_NOT_BUILT
Command: ""
Directory: /Users/vladimir/an24_cpp/tests
"switch_regression_tests_NOT_BUILT" start time: 
Output:
----------------------------------------------------------
<end of output>
Test time =   0.00 sec
----------------------------------------------------------
Test Passed.
"switch_regression_tests_NOT_BUILT" end time: Mar 30 14:45 CEST
"switch_regression_tests_NOT_BUILT" time elapsed: 00:00:00
----------------------------------------------------------

Unable to find executable: gidro_accumulator_regression_tests_NOT_BUILT
629/644 Testing: gidro_accumulator_regression_tests_NOT_BUILT
629/644 Test: gidro_accumulator_regression_tests_NOT_BUILT
Command: ""
Directory: /Users/vladimir/an24_cpp/tests
"gidro_accumulator_regression_tests_NOT_BUILT" start time: 
Output:
----------------------------------------------------------
<end of output>
Test time =   0.00 sec
----------------------------------------------------------
Test Passed.
"gidro_accumulator_regression_tests_NOT_BUILT" end time: Mar 30 14:45 CEST
"gidro_accumulator_regression_tests_NOT_BUILT" time elapsed: 00:00:00
----------------------------------------------------------

Unable to find executable: fuel_tank_regression_tests_NOT_BUILT
630/644 Testing: fuel_tank_regression_tests_NOT_BUILT
630/644 Test: fuel_tank_regression_tests_NOT_BUILT
Command: ""
Directory: /Users/vladimir/an24_cpp/tests
"fuel_tank_regression_tests_NOT_BUILT" start time: 
Output:
----------------------------------------------------------
<end of output>
Test time =   0.00 sec
----------------------------------------------------------
Test Passed.
"fuel_tank_regression_tests_NOT_BUILT" end time: Mar 30 14:45 CEST
"fuel_tank_regression_tests_NOT_BUILT" time elapsed: 00:00:00
----------------------------------------------------------

Unable to find executable: refnode_regression_tests_NOT_BUILT
631/644 Testing: refnode_regression_tests_NOT_BUILT
631/644 Test: refnode_regression_tests_NOT_BUILT
Command: ""
Directory: /Users/vladimir/an24_cpp/tests
"refnode_regression_tests_NOT_BUILT" start time: 
Output:
----------------------------------------------------------
<end of output>
Test time =   0.00 sec
----------------------------------------------------------
Test Passed.
"refnode_regression_tests_NOT_BUILT" end time: Mar 30 14:45 CEST
"refnode_regression_tests_NOT_BUILT" time elapsed: 00:00:00
----------------------------------------------------------

Unable to find executable: rug82_regression_tests_NOT_BUILT
632/644 Testing: rug82_regression_tests_NOT_BUILT
632/644 Test: rug82_regression_tests_NOT_BUILT
Command: ""
Directory: /Users/vladimir/an24_cpp/tests
"rug82_regression_tests_NOT_BUILT" start time: 
Output:
----------------------------------------------------------
<end of output>
Test time =   0.00 sec
----------------------------------------------------------
Test Passed.
"rug82_regression_tests_NOT_BUILT" end time: Mar 30 14:45 CEST
"rug82_regression_tests_NOT_BUILT" time elapsed: 00:00:00
----------------------------------------------------------

Unable to find executable: solenoid_valve_regression_tests_NOT_BUILT
633/644 Testing: solenoid_valve_regression_tests_NOT_BUILT
633/644 Test: solenoid_valve_regression_tests_NOT_BUILT
Command: ""
Directory: /Users/vladimir/an24_cpp/tests
"solenoid_valve_regression_tests_NOT_BUILT" start time: 
Output:
----------------------------------------------------------
<end of output>
Test time =   0.00 sec
----------------------------------------------------------
Test Passed.
"solenoid_valve_regression_tests_NOT_BUILT" end time: Mar 30 14:45 CEST
"solenoid_valve_regression_tests_NOT_BUILT" time elapsed: 00:00:00
----------------------------------------------------------

Unable to find executable: bp2_path_tests_NOT_BUILT
634/644 Testing: bp2_path_tests_NOT_BUILT
634/644 Test: bp2_path_tests_NOT_BUILT
Command: ""
Directory: /Users/vladimir/an24_cpp/tests
"bp2_path_tests_NOT_BUILT" start time: 
Output:
----------------------------------------------------------
<end of output>
Test time =   0.00 sec
----------------------------------------------------------
Test Passed.
"bp2_path_tests_NOT_BUILT" end time: Mar 30 14:45 CEST
"bp2_path_tests_NOT_BUILT" time elapsed: 00:00:00
----------------------------------------------------------

Unable to find executable: bp2_interface_tests_NOT_BUILT
635/644 Testing: bp2_interface_tests_NOT_BUILT
635/644 Test: bp2_interface_tests_NOT_BUILT
Command: ""
Directory: /Users/vladimir/an24_cpp/tests
"bp2_interface_tests_NOT_BUILT" start time: 
Output:
----------------------------------------------------------
<end of output>
Test time =   0.00 sec
----------------------------------------------------------
Test Passed.
"bp2_interface_tests_NOT_BUILT" end time: Mar 30 14:45 CEST
"bp2_interface_tests_NOT_BUILT" time elapsed: 00:00:00
----------------------------------------------------------

Unable to find executable: bp2_blueprint_tests_NOT_BUILT
636/644 Testing: bp2_blueprint_tests_NOT_BUILT
636/644 Test: bp2_blueprint_tests_NOT_BUILT
Command: ""
Directory: /Users/vladimir/an24_cpp/tests
"bp2_blueprint_tests_NOT_BUILT" start time: 
Output:
----------------------------------------------------------
<end of output>
Test time =   0.00 sec
----------------------------------------------------------
Test Passed.
"bp2_blueprint_tests_NOT_BUILT" end time: Mar 30 14:45 CEST
"bp2_blueprint_tests_NOT_BUILT" time elapsed: 00:00:00
----------------------------------------------------------

Unable to find executable: bp2_registry_tests_NOT_BUILT
637/644 Testing: bp2_registry_tests_NOT_BUILT
637/644 Test: bp2_registry_tests_NOT_BUILT
Command: ""
Directory: /Users/vladimir/an24_cpp/tests
"bp2_registry_tests_NOT_BUILT" start time: 
Output:
----------------------------------------------------------
<end of output>
Test time =   0.00 sec
----------------------------------------------------------
Test Passed.
"bp2_registry_tests_NOT_BUILT" end time: Mar 30 14:45 CEST
"bp2_registry_tests_NOT_BUILT" time elapsed: 00:00:00
----------------------------------------------------------

Unable to find executable: bp2_codec_tests_NOT_BUILT
638/644 Testing: bp2_codec_tests_NOT_BUILT
638/644 Test: bp2_codec_tests_NOT_BUILT
Command: ""
Directory: /Users/vladimir/an24_cpp/tests
"bp2_codec_tests_NOT_BUILT" start time: 
Output:
----------------------------------------------------------
<end of output>
Test time =   0.00 sec
----------------------------------------------------------
Test Passed.
"bp2_codec_tests_NOT_BUILT" end time: Mar 30 14:45 CEST
"bp2_codec_tests_NOT_BUILT" time elapsed: 00:00:00
----------------------------------------------------------

Unable to find executable: bp2_flattener_tests_NOT_BUILT
639/644 Testing: bp2_flattener_tests_NOT_BUILT
639/644 Test: bp2_flattener_tests_NOT_BUILT
Command: ""
Directory: /Users/vladimir/an24_cpp/tests
"bp2_flattener_tests_NOT_BUILT" start time: 
Output:
----------------------------------------------------------
<end of output>
Test time =   0.00 sec
----------------------------------------------------------
Test Passed.
"bp2_flattener_tests_NOT_BUILT" end time: Mar 30 14:45 CEST
"bp2_flattener_tests_NOT_BUILT" time elapsed: 00:00:00
----------------------------------------------------------

Unable to find executable: bp2_editor_model_tests_NOT_BUILT
640/644 Testing: bp2_editor_model_tests_NOT_BUILT
640/644 Test: bp2_editor_model_tests_NOT_BUILT
Command: ""
Directory: /Users/vladimir/an24_cpp/tests
"bp2_editor_model_tests_NOT_BUILT" start time: 
Output:
----------------------------------------------------------
<end of output>
Test time =   0.00 sec
----------------------------------------------------------
Test Passed.
"bp2_editor_model_tests_NOT_BUILT" end time: Mar 30 14:45 CEST
"bp2_editor_model_tests_NOT_BUILT" time elapsed: 00:00:00
----------------------------------------------------------

Unable to find executable: bp2_bake_tests_NOT_BUILT
641/644 Testing: bp2_bake_tests_NOT_BUILT
641/644 Test: bp2_bake_tests_NOT_BUILT
Command: ""
Directory: /Users/vladimir/an24_cpp/tests
"bp2_bake_tests_NOT_BUILT" start time: 
Output:
----------------------------------------------------------
<end of output>
Test time =   0.00 sec
----------------------------------------------------------
Test Passed.
"bp2_bake_tests_NOT_BUILT" end time: Mar 30 14:45 CEST
"bp2_bake_tests_NOT_BUILT" time elapsed: 00:00:00
----------------------------------------------------------

Unable to find executable: bp2_validation_tests_NOT_BUILT
642/644 Testing: bp2_validation_tests_NOT_BUILT
642/644 Test: bp2_validation_tests_NOT_BUILT
Command: ""
Directory: /Users/vladimir/an24_cpp/tests
"bp2_validation_tests_NOT_BUILT" start time: 
Output:
----------------------------------------------------------
<end of output>
Test time =   0.00 sec
----------------------------------------------------------
Test Passed.
"bp2_validation_tests_NOT_BUILT" end time: Mar 30 14:45 CEST
"bp2_validation_tests_NOT_BUILT" time elapsed: 00:00:00
----------------------------------------------------------

Unable to find executable: current_sense_tests_NOT_BUILT
643/644 Testing: current_sense_tests_NOT_BUILT
643/644 Test: current_sense_tests_NOT_BUILT
Command: ""
Directory: /Users/vladimir/an24_cpp/tests
"current_sense_tests_NOT_BUILT" start time: 
Output:
----------------------------------------------------------
<end of output>
Test time =   0.00 sec
----------------------------------------------------------
Test Passed.
"current_sense_tests_NOT_BUILT" end time: Mar 30 14:45 CEST
"current_sense_tests_NOT_BUILT" time elapsed: 00:00:00
----------------------------------------------------------

Unable to find executable: bug_hunt_regression_tests_NOT_BUILT
644/644 Testing: bug_hunt_regression_tests_NOT_BUILT
644/644 Test: bug_hunt_regression_tests_NOT_BUILT
Command: ""
Directory: /Users/vladimir/an24_cpp/tests
"bug_hunt_regression_tests_NOT_BUILT" start time: 
Output:
----------------------------------------------------------
<end of output>
Test time =   0.00 sec
----------------------------------------------------------
Test Passed.
"bug_hunt_regression_tests_NOT_BUILT" end time: Mar 30 14:45 CEST
"bug_hunt_regression_tests_NOT_BUILT" time elapsed: 00:00:00
----------------------------------------------------------

End testing: Mar 30 14:45 CEST
