Start testing: Mar 30 19:45 CEST
----------------------------------------------------------
Unable to find executable: current_sense_tests_NOT_BUILT
643/644 Testing: current_sense_tests_NOT_BUILT
643/644 Test: current_sense_tests_NOT_BUILT
Command: ""
Directory: /Users/vladimir/an24_cpp/tests
"current_sense_tests_NOT_BUILT" start time: 
Output:
----------------------------------------------------------
<end of output>
Test time =   0.00 sec
----------------------------------------------------------
Test Passed.
"current_sense_tests_NOT_BUILT" end time: Mar 30 19:45 CEST
"current_sense_tests_NOT_BUILT" time elapsed: 00:00:00
----------------------------------------------------------

End testing: Mar 30 19:45 CEST
